#
# A fatal error has been detected by the Java Runtime Environment:
#
#  EXCEPTION_ACCESS_VIOLATION (0xc0000005) at pc=0x00007ffdbaabdd16, pid=12464, tid=17424
#
# JRE version: Java(TM) SE Runtime Environment (13.0.2+8) (build 13.0.2+8)
# Java VM: Java HotSpot(TM) 64-Bit Server VM (13.0.2+8, mixed mode, sharing, tiered, compressed oops, g1 gc, windows-amd64)
# Problematic frame:
# C  [ntdll.dll+0x2dd16]
#
# No core dump will be written. Minidumps are not enabled by default on client versions of Windows
#
# If you would like to submit a bug report, please visit:
#   http://bugreport.java.com/bugreport/crash.jsp
# The crash happened outside the Java Virtual Machine in native code.
# See problematic frame for where to report the bug.
#

---------------  S U M M A R Y ------------

Command Line: -javaagent:D:\Java\IntelliJ IDEA\IntelliJ IDEA 2020.3\lib\idea_rt.jar=59167:D:\Java\IntelliJ IDEA\IntelliJ IDEA 2020.3\bin -Dfile.encoding=UTF-8 MainKt

Host: Intel(R) Core(TM) i5-8600K CPU @ 3.60GHz, 6 cores, 23G,  Windows 10 , 64 bit Build 19041 (10.0.19041.662)
Time: Tue Dec 15 20:29:46 2020 대한민국 표준시 elapsed time: 0 seconds (0d 0h 0m 0s)

---------------  T H R E A D  ---------------

Current thread (0x000001c91f7ff000):  JavaThread "main" [_thread_in_native, id=17424, stack(0x000000b3c5900000,0x000000b3c5a00000)]

Stack: [0x000000b3c5900000,0x000000b3c5a00000],  sp=0x000000b3c59fe708,  free space=1017k
Native frames: (J=compiled Java code, j=interpreted, Vv=VM code, C=native code)
C  [ntdll.dll+0x2dd16]

Java frames: (J=compiled Java code, j=interpreted, Vv=VM code)
j  org.lwjgl.system.JNI.invokePPPP(IIJJJJ)J+0
j  org.lwjgl.glfw.GLFW.nglfwCreateWindow(IIJJJ)J+14
j  org.lwjgl.glfw.GLFW.glfwCreateWindow(IILjava/lang/CharSequence;JJ)J+37
j  MN_Window.Init()V+85
j  MN_Window.run()V+1
j  MainKt.main()V+21
j  MainKt.main([Ljava/lang/String;)V+0
v  ~StubRoutines::call_stub

siginfo: EXCEPTION_ACCESS_VIOLATION (0xc0000005), reading address 0x0000000000000091


Register to memory mapping:

RIP=0x00007ffdbaabdd16 ntdll.dll
RAX=0x0 is NULL
RBX=0x000000b3c59fe790 is pointing into the stack for thread: 0x000001c91f7ff000
RCX=0x000000b3c59fe730 is pointing into the stack for thread: 0x000001c91f7ff000
RDX=0x0000000000000091 is an unknown value
RSP=0x000000b3c59fe708 is pointing into the stack for thread: 0x000001c91f7ff000
RBP=0x0 is NULL
RSI=0x00000000000000dc is an unknown value
RDI=0x000000b3c59fe900 is pointing into the stack for thread: 0x000001c91f7ff000
R8 =0x0 is NULL
R9 =0x0000000000000004 is an unknown value
R10=0x0 is NULL
R11=0x000000b3c59fe790 is pointing into the stack for thread: 0x000001c91f7ff000
R12=0x00000000ffffffff is an unknown value
R13=0x0 is NULL
R14=0x0 is NULL
R15=0x0000000000000004 is an unknown value


Registers:
RAX=0x0000000000000000, RBX=0x000000b3c59fe790, RCX=0x000000b3c59fe730, RDX=0x0000000000000091
RSP=0x000000b3c59fe708, RBP=0x0000000000000000, RSI=0x00000000000000dc, RDI=0x000000b3c59fe900
R8 =0x0000000000000000, R9 =0x0000000000000004, R10=0x0000000000000000, R11=0x000000b3c59fe790
R12=0x00000000ffffffff, R13=0x0000000000000000, R14=0x0000000000000000, R15=0x0000000000000004
RIP=0x00007ffdbaabdd16, EFLAGS=0x0000000000010256

Top of Stack: (sp=0x000000b3c59fe708)
0x000000b3c59fe708:   00007ffdb9008906 0000000000000000
0x000000b3c59fe718:   000000000000003a 000001c949163f80
0x000000b3c59fe728:   0000000000000015 0000000000000000
0x000000b3c59fe738:   0000000000000091 000001c91f7ff000
0x000000b3c59fe748:   0000000000040008 000001c9481625c0
0x000000b3c59fe758:   0000000000000000 000000b3c59fe900
0x000000b3c59fe768:   00007ffd919e9ba0 0000000000000001
0x000000b3c59fe778:   00000000000000dc 000000b3c59fe904
0x000000b3c59fe788:   0000000000000000 0000000000000000
0x000000b3c59fe798:   0000000000000000 0000000000000000
0x000000b3c59fe7a8:   0000000000000000 0000000000000000
0x000000b3c59fe7b8:   0000000000000000 0000000000000000
0x000000b3c59fe7c8:   0000000000000000 000000dc00000000
0x000000b3c59fe7d8:   0000000000000000 0000000000000000
0x000000b3c59fe7e8:   0000000000000000 0000000000000000
0x000000b3c59fe7f8:   0000000000000000 0000000000000000 

Instructions: (pc=0x00007ffdbaabdd16)
0x00007ffdbaabdc16:   00 04 b0 01 89 0e 48 8b 8c 24 d0 00 00 00 48 33
0x00007ffdbaabdc26:   cc e8 b4 d9 05 00 4c 8d 9c 24 e0 00 00 00 49 8b
0x00007ffdbaabdc36:   5b 20 49 8b 73 28 49 8b e3 5f c3 cc 41 b8 03 00
0x00007ffdbaabdc46:   00 00 48 8d 4c 24 20 48 8b d6 e8 fb 00 00 00 85
0x00007ffdbaabdc56:   c0 40 0f 99 c7 40 8a c7 eb bc e8 1b db 05 00 cc
0x00007ffdbaabdc66:   cc cc cc cc cc cc 48 8b c4 48 89 58 08 48 89 68
0x00007ffdbaabdc76:   10 48 89 70 18 48 89 78 20 41 56 48 83 ec 20 45
0x00007ffdbaabdc86:   33 f6 48 8b f2 48 8b d9 48 85 c9 74 42 48 85 d2
0x00007ffdbaabdc96:   74 3d 41 8b fe 66 44 3b 71 06 73 33 41 8b ee 48
0x00007ffdbaabdca6:   8b 43 10 48 0f bf 0c 28 48 8b 43 18 48 8d 0c 48
0x00007ffdbaabdcb6:   48 3b ce 74 1f 48 8b d6 e8 4d f3 05 00 85 c0 74
0x00007ffdbaabdcc6:   13 0f b7 43 06 ff c7 48 83 c5 02 3b f8 7c d0 83
0x00007ffdbaabdcd6:   c8 ff eb 02 8b c7 48 8b 5c 24 30 48 8b 6c 24 38
0x00007ffdbaabdce6:   48 8b 74 24 40 48 8b 7c 24 48 48 83 c4 20 41 5e
0x00007ffdbaabdcf6:   c3 cc cc cc cc cc cc cc cc cc 45 33 c0 4c 89 01
0x00007ffdbaabdd06:   48 89 51 08 48 85 d2 74 2b 48 83 c8 ff 48 ff c0
0x00007ffdbaabdd16:   66 44 39 04 42 75 f6 48 03 c0 ba fc ff 00 00 48
0x00007ffdbaabdd26:   3d fe ff 00 00 48 0f 43 c2 66 89 01 66 83 c0 02
0x00007ffdbaabdd36:   66 89 41 02 c3 cc cc cc cc cc cc cc cc cc cc cc
0x00007ffdbaabdd46:   cc cc cc cc cc cc cc cc cc cc 48 89 5c 24 08 48
0x00007ffdbaabdd56:   89 6c 24 10 48 89 74 24 18 57 48 83 ec 20 41 8b
0x00007ffdbaabdd66:   e8 48 8b da 48 8b f1 48 85 c9 74 71 48 85 d2 0f
0x00007ffdbaabdd76:   84 fd 45 08 00 41 f7 c0 fc ff ff ff 75 66 48 8b
0x00007ffdbaabdd86:   3d 85 e7 13 00 48 85 ff 0f 84 ee 45 08 00 48 8b
0x00007ffdbaabdd96:   ce e8 5c 00 00 00 85 c0 78 33 48 63 d0 40 f6 c5
0x00007ffdbaabdda6:   02 0f 84 ee 45 08 00 48 8b 47 18 8b 4c d0 04 0f
0x00007ffdbaabddb6:   ba f1 1f 89 0b 33 c0 48 8b 5c 24 30 48 8b 6c 24
0x00007ffdbaabddc6:   38 48 8b 74 24 40 48 83 c4 20 5f c3 cc 48 8b ce
0x00007ffdbaabddd6:   e8 75 8b 05 00 84 c0 0f 85 e9 45 08 00 b8 ef 00
0x00007ffdbaabdde6:   00 c0 eb d3 b8 f1 00 00 c0 eb cc cc cc cc cc cc
0x00007ffdbaabddf6:   cc cc 48 8b c4 48 89 58 08 48 89 68 10 48 89 70
0x00007ffdbaabde06:   18 48 89 78 20 41 56 48 83 ec 20 48 8b 05 f8 e6 


Stack slot to memory mapping:
stack at sp + 0 slots: 0x00007ffdb9008906 USER32.dll
stack at sp + 1 slots: 0x0 is NULL
stack at sp + 2 slots: 0x000000000000003a is an unknown value
stack at sp + 3 slots: 0x000001c949163f80 points into unknown readable memory: ba 00 00 00 10 07 00 00
stack at sp + 4 slots: 0x0000000000000015 is an unknown value
stack at sp + 5 slots: 0x0 is NULL
stack at sp + 6 slots: 0x0000000000000091 is an unknown value
stack at sp + 7 slots: 0x000001c91f7ff000 is a thread


---------------  P R O C E S S  ---------------

Threads class SMR info:
_java_thread_list=0x000001c948ea9d50, length=11, elements={
0x000001c91f7ff000, 0x000001c947cb3000, 0x000001c947cb6000, 0x000001c9485f7800,
0x000001c9485f8800, 0x000001c9485f9800, 0x000001c9485fa800, 0x000001c9485fb800,
0x000001c948718000, 0x000001c948a81000, 0x000001c948a82000
}

Java Threads: ( => current thread )
=>0x000001c91f7ff000 JavaThread "main" [_thread_in_native, id=17424, stack(0x000000b3c5900000,0x000000b3c5a00000)]
  0x000001c947cb3000 JavaThread "Reference Handler" daemon [_thread_blocked, id=12692, stack(0x000000b3c6000000,0x000000b3c6100000)]
  0x000001c947cb6000 JavaThread "Finalizer" daemon [_thread_blocked, id=21388, stack(0x000000b3c6100000,0x000000b3c6200000)]
  0x000001c9485f7800 JavaThread "Signal Dispatcher" daemon [_thread_blocked, id=5456, stack(0x000000b3c6200000,0x000000b3c6300000)]
  0x000001c9485f8800 JavaThread "Attach Listener" daemon [_thread_blocked, id=10588, stack(0x000000b3c6300000,0x000000b3c6400000)]
  0x000001c9485f9800 JavaThread "C2 CompilerThread0" daemon [_thread_blocked, id=2132, stack(0x000000b3c6400000,0x000000b3c6500000)]
  0x000001c9485fa800 JavaThread "C1 CompilerThread0" daemon [_thread_blocked, id=11804, stack(0x000000b3c6500000,0x000000b3c6600000)]
  0x000001c9485fb800 JavaThread "Sweeper thread" daemon [_thread_blocked, id=10324, stack(0x000000b3c6600000,0x000000b3c6700000)]
  0x000001c948718000 JavaThread "Common-Cleaner" daemon [_thread_blocked, id=19896, stack(0x000000b3c6700000,0x000000b3c6800000)]
  0x000001c948a81000 JavaThread "Monitor Ctrl-Break" daemon [_thread_in_native, id=13936, stack(0x000000b3c6900000,0x000000b3c6a00000)]
  0x000001c948a82000 JavaThread "Service Thread" daemon [_thread_blocked, id=10540, stack(0x000000b3c6a00000,0x000000b3c6b00000)]

Other Threads:
  0x000001c947caf800 VMThread "VM Thread" [stack: 0x000000b3c5f00000,0x000000b3c6000000] [id=9872]
  0x000001c948b00000 WatcherThread [stack: 0x000000b3c6b00000,0x000000b3c6c00000] [id=6496]
  0x000001c91f893800 GCTaskThread "GC Thread#0" [stack: 0x000000b3c5a00000,0x000000b3c5b00000] [id=5556]
  0x000001c91f8c5800 ConcurrentGCThread "G1 Main Marker" [stack: 0x000000b3c5b00000,0x000000b3c5c00000] [id=3172]
  0x000001c91f8c6800 ConcurrentGCThread "G1 Conc#0" [stack: 0x000000b3c5c00000,0x000000b3c5d00000] [id=17072]
  0x000001c947c43800 ConcurrentGCThread "G1 Refine#0" [stack: 0x000000b3c5d00000,0x000000b3c5e00000] [id=20552]
  0x000001c947c45800 ConcurrentGCThread "G1 Young RemSet Sampling" [stack: 0x000000b3c5e00000,0x000000b3c5f00000] [id=4188]

Threads with active compile tasks:

VM state:not at safepoint (normal execution)

VM Mutex/Monitor currently owned by a thread: None

Heap address: 0x0000000680c00000, size: 6132 MB, Compressed Oops mode: Zero based, Oop shift amount: 3
Narrow klass base: 0x0000000800000000, Narrow klass shift: 3
Compressed class space size: 1073741824 Address: 0x0000000800b40000

Heap:
 garbage-first heap   total 393216K, used 19456K [0x0000000680c00000, 0x0000000800000000)
  region size 1024K, 21 young (21504K), 0 survivors (0K)
 Metaspace       used 2816K, capacity 5614K, committed 5632K, reserved 1056768K
  class space    used 226K, capacity 512K, committed 512K, reserved 1048576K
Heap Regions: E=young(eden), S=young(survivor), O=old, HS=humongous(starts), HC=humongous(continues), CS=collection set, F=free, A=archive, TAMS=top-at-mark-start (previous, next)
|   0|0x0000000680c00000, 0x0000000680c00000, 0x0000000680d00000|  0%| F|  |TAMS 0x0000000680c00000, 0x0000000680c00000| Untracked 
|   1|0x0000000680d00000, 0x0000000680d00000, 0x0000000680e00000|  0%| F|  |TAMS 0x0000000680d00000, 0x0000000680d00000| Untracked 
|   2|0x0000000680e00000, 0x0000000680e00000, 0x0000000680f00000|  0%| F|  |TAMS 0x0000000680e00000, 0x0000000680e00000| Untracked 
|   3|0x0000000680f00000, 0x0000000680f00000, 0x0000000681000000|  0%| F|  |TAMS 0x0000000680f00000, 0x0000000680f00000| Untracked 
|   4|0x0000000681000000, 0x0000000681000000, 0x0000000681100000|  0%| F|  |TAMS 0x0000000681000000, 0x0000000681000000| Untracked 
|   5|0x0000000681100000, 0x0000000681100000, 0x0000000681200000|  0%| F|  |TAMS 0x0000000681100000, 0x0000000681100000| Untracked 
|   6|0x0000000681200000, 0x0000000681200000, 0x0000000681300000|  0%| F|  |TAMS 0x0000000681200000, 0x0000000681200000| Untracked 
|   7|0x0000000681300000, 0x0000000681300000, 0x0000000681400000|  0%| F|  |TAMS 0x0000000681300000, 0x0000000681300000| Untracked 
|   8|0x0000000681400000, 0x0000000681400000, 0x0000000681500000|  0%| F|  |TAMS 0x0000000681400000, 0x0000000681400000| Untracked 
|   9|0x0000000681500000, 0x0000000681500000, 0x0000000681600000|  0%| F|  |TAMS 0x0000000681500000, 0x0000000681500000| Untracked 
|  10|0x0000000681600000, 0x0000000681600000, 0x0000000681700000|  0%| F|  |TAMS 0x0000000681600000, 0x0000000681600000| Untracked 
|  11|0x0000000681700000, 0x0000000681700000, 0x0000000681800000|  0%| F|  |TAMS 0x0000000681700000, 0x0000000681700000| Untracked 
|  12|0x0000000681800000, 0x0000000681800000, 0x0000000681900000|  0%| F|  |TAMS 0x0000000681800000, 0x0000000681800000| Untracked 
|  13|0x0000000681900000, 0x0000000681900000, 0x0000000681a00000|  0%| F|  |TAMS 0x0000000681900000, 0x0000000681900000| Untracked 
|  14|0x0000000681a00000, 0x0000000681a00000, 0x0000000681b00000|  0%| F|  |TAMS 0x0000000681a00000, 0x0000000681a00000| Untracked 
|  15|0x0000000681b00000, 0x0000000681b00000, 0x0000000681c00000|  0%| F|  |TAMS 0x0000000681b00000, 0x0000000681b00000| Untracked 
|  16|0x0000000681c00000, 0x0000000681c00000, 0x0000000681d00000|  0%| F|  |TAMS 0x0000000681c00000, 0x0000000681c00000| Untracked 
|  17|0x0000000681d00000, 0x0000000681d00000, 0x0000000681e00000|  0%| F|  |TAMS 0x0000000681d00000, 0x0000000681d00000| Untracked 
|  18|0x0000000681e00000, 0x0000000681e00000, 0x0000000681f00000|  0%| F|  |TAMS 0x0000000681e00000, 0x0000000681e00000| Untracked 
|  19|0x0000000681f00000, 0x0000000681f00000, 0x0000000682000000|  0%| F|  |TAMS 0x0000000681f00000, 0x0000000681f00000| Untracked 
|  20|0x0000000682000000, 0x0000000682000000, 0x0000000682100000|  0%| F|  |TAMS 0x0000000682000000, 0x0000000682000000| Untracked 
|  21|0x0000000682100000, 0x0000000682100000, 0x0000000682200000|  0%| F|  |TAMS 0x0000000682100000, 0x0000000682100000| Untracked 
|  22|0x0000000682200000, 0x0000000682200000, 0x0000000682300000|  0%| F|  |TAMS 0x0000000682200000, 0x0000000682200000| Untracked 
|  23|0x0000000682300000, 0x0000000682300000, 0x0000000682400000|  0%| F|  |TAMS 0x0000000682300000, 0x0000000682300000| Untracked 
|  24|0x0000000682400000, 0x0000000682400000, 0x0000000682500000|  0%| F|  |TAMS 0x0000000682400000, 0x0000000682400000| Untracked 
|  25|0x0000000682500000, 0x0000000682500000, 0x0000000682600000|  0%| F|  |TAMS 0x0000000682500000, 0x0000000682500000| Untracked 
|  26|0x0000000682600000, 0x0000000682600000, 0x0000000682700000|  0%| F|  |TAMS 0x0000000682600000, 0x0000000682600000| Untracked 
|  27|0x0000000682700000, 0x0000000682700000, 0x0000000682800000|  0%| F|  |TAMS 0x0000000682700000, 0x0000000682700000| Untracked 
|  28|0x0000000682800000, 0x0000000682800000, 0x0000000682900000|  0%| F|  |TAMS 0x0000000682800000, 0x0000000682800000| Untracked 
|  29|0x0000000682900000, 0x0000000682900000, 0x0000000682a00000|  0%| F|  |TAMS 0x0000000682900000, 0x0000000682900000| Untracked 
|  30|0x0000000682a00000, 0x0000000682a00000, 0x0000000682b00000|  0%| F|  |TAMS 0x0000000682a00000, 0x0000000682a00000| Untracked 
|  31|0x0000000682b00000, 0x0000000682b00000, 0x0000000682c00000|  0%| F|  |TAMS 0x0000000682b00000, 0x0000000682b00000| Untracked 
|  32|0x0000000682c00000, 0x0000000682c00000, 0x0000000682d00000|  0%| F|  |TAMS 0x0000000682c00000, 0x0000000682c00000| Untracked 
|  33|0x0000000682d00000, 0x0000000682d00000, 0x0000000682e00000|  0%| F|  |TAMS 0x0000000682d00000, 0x0000000682d00000| Untracked 
|  34|0x0000000682e00000, 0x0000000682e00000, 0x0000000682f00000|  0%| F|  |TAMS 0x0000000682e00000, 0x0000000682e00000| Untracked 
|  35|0x0000000682f00000, 0x0000000682f00000, 0x0000000683000000|  0%| F|  |TAMS 0x0000000682f00000, 0x0000000682f00000| Untracked 
|  36|0x0000000683000000, 0x0000000683000000, 0x0000000683100000|  0%| F|  |TAMS 0x0000000683000000, 0x0000000683000000| Untracked 
|  37|0x0000000683100000, 0x0000000683100000, 0x0000000683200000|  0%| F|  |TAMS 0x0000000683100000, 0x0000000683100000| Untracked 
|  38|0x0000000683200000, 0x0000000683200000, 0x0000000683300000|  0%| F|  |TAMS 0x0000000683200000, 0x0000000683200000| Untracked 
|  39|0x0000000683300000, 0x0000000683300000, 0x0000000683400000|  0%| F|  |TAMS 0x0000000683300000, 0x0000000683300000| Untracked 
|  40|0x0000000683400000, 0x0000000683400000, 0x0000000683500000|  0%| F|  |TAMS 0x0000000683400000, 0x0000000683400000| Untracked 
|  41|0x0000000683500000, 0x0000000683500000, 0x0000000683600000|  0%| F|  |TAMS 0x0000000683500000, 0x0000000683500000| Untracked 
|  42|0x0000000683600000, 0x0000000683600000, 0x0000000683700000|  0%| F|  |TAMS 0x0000000683600000, 0x0000000683600000| Untracked 
|  43|0x0000000683700000, 0x0000000683700000, 0x0000000683800000|  0%| F|  |TAMS 0x0000000683700000, 0x0000000683700000| Untracked 
|  44|0x0000000683800000, 0x0000000683800000, 0x0000000683900000|  0%| F|  |TAMS 0x0000000683800000, 0x0000000683800000| Untracked 
|  45|0x0000000683900000, 0x0000000683900000, 0x0000000683a00000|  0%| F|  |TAMS 0x0000000683900000, 0x0000000683900000| Untracked 
|  46|0x0000000683a00000, 0x0000000683a00000, 0x0000000683b00000|  0%| F|  |TAMS 0x0000000683a00000, 0x0000000683a00000| Untracked 
|  47|0x0000000683b00000, 0x0000000683b00000, 0x0000000683c00000|  0%| F|  |TAMS 0x0000000683b00000, 0x0000000683b00000| Untracked 
|  48|0x0000000683c00000, 0x0000000683c00000, 0x0000000683d00000|  0%| F|  |TAMS 0x0000000683c00000, 0x0000000683c00000| Untracked 
|  49|0x0000000683d00000, 0x0000000683d00000, 0x0000000683e00000|  0%| F|  |TAMS 0x0000000683d00000, 0x0000000683d00000| Untracked 
|  50|0x0000000683e00000, 0x0000000683e00000, 0x0000000683f00000|  0%| F|  |TAMS 0x0000000683e00000, 0x0000000683e00000| Untracked 
|  51|0x0000000683f00000, 0x0000000683f00000, 0x0000000684000000|  0%| F|  |TAMS 0x0000000683f00000, 0x0000000683f00000| Untracked 
|  52|0x0000000684000000, 0x0000000684000000, 0x0000000684100000|  0%| F|  |TAMS 0x0000000684000000, 0x0000000684000000| Untracked 
|  53|0x0000000684100000, 0x0000000684100000, 0x0000000684200000|  0%| F|  |TAMS 0x0000000684100000, 0x0000000684100000| Untracked 
|  54|0x0000000684200000, 0x0000000684200000, 0x0000000684300000|  0%| F|  |TAMS 0x0000000684200000, 0x0000000684200000| Untracked 
|  55|0x0000000684300000, 0x0000000684300000, 0x0000000684400000|  0%| F|  |TAMS 0x0000000684300000, 0x0000000684300000| Untracked 
|  56|0x0000000684400000, 0x0000000684400000, 0x0000000684500000|  0%| F|  |TAMS 0x0000000684400000, 0x0000000684400000| Untracked 
|  57|0x0000000684500000, 0x0000000684500000, 0x0000000684600000|  0%| F|  |TAMS 0x0000000684500000, 0x0000000684500000| Untracked 
|  58|0x0000000684600000, 0x0000000684600000, 0x0000000684700000|  0%| F|  |TAMS 0x0000000684600000, 0x0000000684600000| Untracked 
|  59|0x0000000684700000, 0x0000000684700000, 0x0000000684800000|  0%| F|  |TAMS 0x0000000684700000, 0x0000000684700000| Untracked 
|  60|0x0000000684800000, 0x0000000684800000, 0x0000000684900000|  0%| F|  |TAMS 0x0000000684800000, 0x0000000684800000| Untracked 
|  61|0x0000000684900000, 0x0000000684900000, 0x0000000684a00000|  0%| F|  |TAMS 0x0000000684900000, 0x0000000684900000| Untracked 
|  62|0x0000000684a00000, 0x0000000684a00000, 0x0000000684b00000|  0%| F|  |TAMS 0x0000000684a00000, 0x0000000684a00000| Untracked 
|  63|0x0000000684b00000, 0x0000000684b00000, 0x0000000684c00000|  0%| F|  |TAMS 0x0000000684b00000, 0x0000000684b00000| Untracked 
|  64|0x0000000684c00000, 0x0000000684c00000, 0x0000000684d00000|  0%| F|  |TAMS 0x0000000684c00000, 0x0000000684c00000| Untracked 
|  65|0x0000000684d00000, 0x0000000684d00000, 0x0000000684e00000|  0%| F|  |TAMS 0x0000000684d00000, 0x0000000684d00000| Untracked 
|  66|0x0000000684e00000, 0x0000000684e00000, 0x0000000684f00000|  0%| F|  |TAMS 0x0000000684e00000, 0x0000000684e00000| Untracked 
|  67|0x0000000684f00000, 0x0000000684f00000, 0x0000000685000000|  0%| F|  |TAMS 0x0000000684f00000, 0x0000000684f00000| Untracked 
|  68|0x0000000685000000, 0x0000000685000000, 0x0000000685100000|  0%| F|  |TAMS 0x0000000685000000, 0x0000000685000000| Untracked 
|  69|0x0000000685100000, 0x0000000685100000, 0x0000000685200000|  0%| F|  |TAMS 0x0000000685100000, 0x0000000685100000| Untracked 
|  70|0x0000000685200000, 0x0000000685200000, 0x0000000685300000|  0%| F|  |TAMS 0x0000000685200000, 0x0000000685200000| Untracked 
|  71|0x0000000685300000, 0x0000000685300000, 0x0000000685400000|  0%| F|  |TAMS 0x0000000685300000, 0x0000000685300000| Untracked 
|  72|0x0000000685400000, 0x0000000685400000, 0x0000000685500000|  0%| F|  |TAMS 0x0000000685400000, 0x0000000685400000| Untracked 
|  73|0x0000000685500000, 0x0000000685500000, 0x0000000685600000|  0%| F|  |TAMS 0x0000000685500000, 0x0000000685500000| Untracked 
|  74|0x0000000685600000, 0x0000000685600000, 0x0000000685700000|  0%| F|  |TAMS 0x0000000685600000, 0x0000000685600000| Untracked 
|  75|0x0000000685700000, 0x0000000685700000, 0x0000000685800000|  0%| F|  |TAMS 0x0000000685700000, 0x0000000685700000| Untracked 
|  76|0x0000000685800000, 0x0000000685800000, 0x0000000685900000|  0%| F|  |TAMS 0x0000000685800000, 0x0000000685800000| Untracked 
|  77|0x0000000685900000, 0x0000000685900000, 0x0000000685a00000|  0%| F|  |TAMS 0x0000000685900000, 0x0000000685900000| Untracked 
|  78|0x0000000685a00000, 0x0000000685a00000, 0x0000000685b00000|  0%| F|  |TAMS 0x0000000685a00000, 0x0000000685a00000| Untracked 
|  79|0x0000000685b00000, 0x0000000685b00000, 0x0000000685c00000|  0%| F|  |TAMS 0x0000000685b00000, 0x0000000685b00000| Untracked 
|  80|0x0000000685c00000, 0x0000000685c00000, 0x0000000685d00000|  0%| F|  |TAMS 0x0000000685c00000, 0x0000000685c00000| Untracked 
|  81|0x0000000685d00000, 0x0000000685d00000, 0x0000000685e00000|  0%| F|  |TAMS 0x0000000685d00000, 0x0000000685d00000| Untracked 
|  82|0x0000000685e00000, 0x0000000685e00000, 0x0000000685f00000|  0%| F|  |TAMS 0x0000000685e00000, 0x0000000685e00000| Untracked 
|  83|0x0000000685f00000, 0x0000000685f00000, 0x0000000686000000|  0%| F|  |TAMS 0x0000000685f00000, 0x0000000685f00000| Untracked 
|  84|0x0000000686000000, 0x0000000686000000, 0x0000000686100000|  0%| F|  |TAMS 0x0000000686000000, 0x0000000686000000| Untracked 
|  85|0x0000000686100000, 0x0000000686100000, 0x0000000686200000|  0%| F|  |TAMS 0x0000000686100000, 0x0000000686100000| Untracked 
|  86|0x0000000686200000, 0x0000000686200000, 0x0000000686300000|  0%| F|  |TAMS 0x0000000686200000, 0x0000000686200000| Untracked 
|  87|0x0000000686300000, 0x0000000686300000, 0x0000000686400000|  0%| F|  |TAMS 0x0000000686300000, 0x0000000686300000| Untracked 
|  88|0x0000000686400000, 0x0000000686400000, 0x0000000686500000|  0%| F|  |TAMS 0x0000000686400000, 0x0000000686400000| Untracked 
|  89|0x0000000686500000, 0x0000000686500000, 0x0000000686600000|  0%| F|  |TAMS 0x0000000686500000, 0x0000000686500000| Untracked 
|  90|0x0000000686600000, 0x0000000686600000, 0x0000000686700000|  0%| F|  |TAMS 0x0000000686600000, 0x0000000686600000| Untracked 
|  91|0x0000000686700000, 0x0000000686700000, 0x0000000686800000|  0%| F|  |TAMS 0x0000000686700000, 0x0000000686700000| Untracked 
|  92|0x0000000686800000, 0x0000000686800000, 0x0000000686900000|  0%| F|  |TAMS 0x0000000686800000, 0x0000000686800000| Untracked 
|  93|0x0000000686900000, 0x0000000686900000, 0x0000000686a00000|  0%| F|  |TAMS 0x0000000686900000, 0x0000000686900000| Untracked 
|  94|0x0000000686a00000, 0x0000000686a00000, 0x0000000686b00000|  0%| F|  |TAMS 0x0000000686a00000, 0x0000000686a00000| Untracked 
|  95|0x0000000686b00000, 0x0000000686b00000, 0x0000000686c00000|  0%| F|  |TAMS 0x0000000686b00000, 0x0000000686b00000| Untracked 
|  96|0x0000000686c00000, 0x0000000686c00000, 0x0000000686d00000|  0%| F|  |TAMS 0x0000000686c00000, 0x0000000686c00000| Untracked 
|  97|0x0000000686d00000, 0x0000000686d00000, 0x0000000686e00000|  0%| F|  |TAMS 0x0000000686d00000, 0x0000000686d00000| Untracked 
|  98|0x0000000686e00000, 0x0000000686e00000, 0x0000000686f00000|  0%| F|  |TAMS 0x0000000686e00000, 0x0000000686e00000| Untracked 
|  99|0x0000000686f00000, 0x0000000686f00000, 0x0000000687000000|  0%| F|  |TAMS 0x0000000686f00000, 0x0000000686f00000| Untracked 
| 100|0x0000000687000000, 0x0000000687000000, 0x0000000687100000|  0%| F|  |TAMS 0x0000000687000000, 0x0000000687000000| Untracked 
| 101|0x0000000687100000, 0x0000000687100000, 0x0000000687200000|  0%| F|  |TAMS 0x0000000687100000, 0x0000000687100000| Untracked 
| 102|0x0000000687200000, 0x0000000687200000, 0x0000000687300000|  0%| F|  |TAMS 0x0000000687200000, 0x0000000687200000| Untracked 
| 103|0x0000000687300000, 0x0000000687300000, 0x0000000687400000|  0%| F|  |TAMS 0x0000000687300000, 0x0000000687300000| Untracked 
| 104|0x0000000687400000, 0x0000000687400000, 0x0000000687500000|  0%| F|  |TAMS 0x0000000687400000, 0x0000000687400000| Untracked 
| 105|0x0000000687500000, 0x0000000687500000, 0x0000000687600000|  0%| F|  |TAMS 0x0000000687500000, 0x0000000687500000| Untracked 
| 106|0x0000000687600000, 0x0000000687600000, 0x0000000687700000|  0%| F|  |TAMS 0x0000000687600000, 0x0000000687600000| Untracked 
| 107|0x0000000687700000, 0x0000000687700000, 0x0000000687800000|  0%| F|  |TAMS 0x0000000687700000, 0x0000000687700000| Untracked 
| 108|0x0000000687800000, 0x0000000687800000, 0x0000000687900000|  0%| F|  |TAMS 0x0000000687800000, 0x0000000687800000| Untracked 
| 109|0x0000000687900000, 0x0000000687900000, 0x0000000687a00000|  0%| F|  |TAMS 0x0000000687900000, 0x0000000687900000| Untracked 
| 110|0x0000000687a00000, 0x0000000687a00000, 0x0000000687b00000|  0%| F|  |TAMS 0x0000000687a00000, 0x0000000687a00000| Untracked 
| 111|0x0000000687b00000, 0x0000000687b00000, 0x0000000687c00000|  0%| F|  |TAMS 0x0000000687b00000, 0x0000000687b00000| Untracked 
| 112|0x0000000687c00000, 0x0000000687c00000, 0x0000000687d00000|  0%| F|  |TAMS 0x0000000687c00000, 0x0000000687c00000| Untracked 
| 113|0x0000000687d00000, 0x0000000687d00000, 0x0000000687e00000|  0%| F|  |TAMS 0x0000000687d00000, 0x0000000687d00000| Untracked 
| 114|0x0000000687e00000, 0x0000000687e00000, 0x0000000687f00000|  0%| F|  |TAMS 0x0000000687e00000, 0x0000000687e00000| Untracked 
| 115|0x0000000687f00000, 0x0000000687f00000, 0x0000000688000000|  0%| F|  |TAMS 0x0000000687f00000, 0x0000000687f00000| Untracked 
| 116|0x0000000688000000, 0x0000000688000000, 0x0000000688100000|  0%| F|  |TAMS 0x0000000688000000, 0x0000000688000000| Untracked 
| 117|0x0000000688100000, 0x0000000688100000, 0x0000000688200000|  0%| F|  |TAMS 0x0000000688100000, 0x0000000688100000| Untracked 
| 118|0x0000000688200000, 0x0000000688200000, 0x0000000688300000|  0%| F|  |TAMS 0x0000000688200000, 0x0000000688200000| Untracked 
| 119|0x0000000688300000, 0x0000000688300000, 0x0000000688400000|  0%| F|  |TAMS 0x0000000688300000, 0x0000000688300000| Untracked 
| 120|0x0000000688400000, 0x0000000688400000, 0x0000000688500000|  0%| F|  |TAMS 0x0000000688400000, 0x0000000688400000| Untracked 
| 121|0x0000000688500000, 0x0000000688500000, 0x0000000688600000|  0%| F|  |TAMS 0x0000000688500000, 0x0000000688500000| Untracked 
| 122|0x0000000688600000, 0x0000000688600000, 0x0000000688700000|  0%| F|  |TAMS 0x0000000688600000, 0x0000000688600000| Untracked 
| 123|0x0000000688700000, 0x0000000688700000, 0x0000000688800000|  0%| F|  |TAMS 0x0000000688700000, 0x0000000688700000| Untracked 
| 124|0x0000000688800000, 0x0000000688800000, 0x0000000688900000|  0%| F|  |TAMS 0x0000000688800000, 0x0000000688800000| Untracked 
| 125|0x0000000688900000, 0x0000000688900000, 0x0000000688a00000|  0%| F|  |TAMS 0x0000000688900000, 0x0000000688900000| Untracked 
| 126|0x0000000688a00000, 0x0000000688a00000, 0x0000000688b00000|  0%| F|  |TAMS 0x0000000688a00000, 0x0000000688a00000| Untracked 
| 127|0x0000000688b00000, 0x0000000688b00000, 0x0000000688c00000|  0%| F|  |TAMS 0x0000000688b00000, 0x0000000688b00000| Untracked 
| 128|0x0000000688c00000, 0x0000000688c00000, 0x0000000688d00000|  0%| F|  |TAMS 0x0000000688c00000, 0x0000000688c00000| Untracked 
| 129|0x0000000688d00000, 0x0000000688d00000, 0x0000000688e00000|  0%| F|  |TAMS 0x0000000688d00000, 0x0000000688d00000| Untracked 
| 130|0x0000000688e00000, 0x0000000688e00000, 0x0000000688f00000|  0%| F|  |TAMS 0x0000000688e00000, 0x0000000688e00000| Untracked 
| 131|0x0000000688f00000, 0x0000000688f00000, 0x0000000689000000|  0%| F|  |TAMS 0x0000000688f00000, 0x0000000688f00000| Untracked 
| 132|0x0000000689000000, 0x0000000689000000, 0x0000000689100000|  0%| F|  |TAMS 0x0000000689000000, 0x0000000689000000| Untracked 
| 133|0x0000000689100000, 0x0000000689100000, 0x0000000689200000|  0%| F|  |TAMS 0x0000000689100000, 0x0000000689100000| Untracked 
| 134|0x0000000689200000, 0x0000000689200000, 0x0000000689300000|  0%| F|  |TAMS 0x0000000689200000, 0x0000000689200000| Untracked 
| 135|0x0000000689300000, 0x0000000689300000, 0x0000000689400000|  0%| F|  |TAMS 0x0000000689300000, 0x0000000689300000| Untracked 
| 136|0x0000000689400000, 0x0000000689400000, 0x0000000689500000|  0%| F|  |TAMS 0x0000000689400000, 0x0000000689400000| Untracked 
| 137|0x0000000689500000, 0x0000000689500000, 0x0000000689600000|  0%| F|  |TAMS 0x0000000689500000, 0x0000000689500000| Untracked 
| 138|0x0000000689600000, 0x0000000689600000, 0x0000000689700000|  0%| F|  |TAMS 0x0000000689600000, 0x0000000689600000| Untracked 
| 139|0x0000000689700000, 0x0000000689700000, 0x0000000689800000|  0%| F|  |TAMS 0x0000000689700000, 0x0000000689700000| Untracked 
| 140|0x0000000689800000, 0x0000000689800000, 0x0000000689900000|  0%| F|  |TAMS 0x0000000689800000, 0x0000000689800000| Untracked 
| 141|0x0000000689900000, 0x0000000689900000, 0x0000000689a00000|  0%| F|  |TAMS 0x0000000689900000, 0x0000000689900000| Untracked 
| 142|0x0000000689a00000, 0x0000000689a00000, 0x0000000689b00000|  0%| F|  |TAMS 0x0000000689a00000, 0x0000000689a00000| Untracked 
| 143|0x0000000689b00000, 0x0000000689b00000, 0x0000000689c00000|  0%| F|  |TAMS 0x0000000689b00000, 0x0000000689b00000| Untracked 
| 144|0x0000000689c00000, 0x0000000689c00000, 0x0000000689d00000|  0%| F|  |TAMS 0x0000000689c00000, 0x0000000689c00000| Untracked 
| 145|0x0000000689d00000, 0x0000000689d00000, 0x0000000689e00000|  0%| F|  |TAMS 0x0000000689d00000, 0x0000000689d00000| Untracked 
| 146|0x0000000689e00000, 0x0000000689e00000, 0x0000000689f00000|  0%| F|  |TAMS 0x0000000689e00000, 0x0000000689e00000| Untracked 
| 147|0x0000000689f00000, 0x0000000689f00000, 0x000000068a000000|  0%| F|  |TAMS 0x0000000689f00000, 0x0000000689f00000| Untracked 
| 148|0x000000068a000000, 0x000000068a000000, 0x000000068a100000|  0%| F|  |TAMS 0x000000068a000000, 0x000000068a000000| Untracked 
| 149|0x000000068a100000, 0x000000068a100000, 0x000000068a200000|  0%| F|  |TAMS 0x000000068a100000, 0x000000068a100000| Untracked 
| 150|0x000000068a200000, 0x000000068a200000, 0x000000068a300000|  0%| F|  |TAMS 0x000000068a200000, 0x000000068a200000| Untracked 
| 151|0x000000068a300000, 0x000000068a300000, 0x000000068a400000|  0%| F|  |TAMS 0x000000068a300000, 0x000000068a300000| Untracked 
| 152|0x000000068a400000, 0x000000068a400000, 0x000000068a500000|  0%| F|  |TAMS 0x000000068a400000, 0x000000068a400000| Untracked 
| 153|0x000000068a500000, 0x000000068a500000, 0x000000068a600000|  0%| F|  |TAMS 0x000000068a500000, 0x000000068a500000| Untracked 
| 154|0x000000068a600000, 0x000000068a600000, 0x000000068a700000|  0%| F|  |TAMS 0x000000068a600000, 0x000000068a600000| Untracked 
| 155|0x000000068a700000, 0x000000068a700000, 0x000000068a800000|  0%| F|  |TAMS 0x000000068a700000, 0x000000068a700000| Untracked 
| 156|0x000000068a800000, 0x000000068a800000, 0x000000068a900000|  0%| F|  |TAMS 0x000000068a800000, 0x000000068a800000| Untracked 
| 157|0x000000068a900000, 0x000000068a900000, 0x000000068aa00000|  0%| F|  |TAMS 0x000000068a900000, 0x000000068a900000| Untracked 
| 158|0x000000068aa00000, 0x000000068aa00000, 0x000000068ab00000|  0%| F|  |TAMS 0x000000068aa00000, 0x000000068aa00000| Untracked 
| 159|0x000000068ab00000, 0x000000068ab00000, 0x000000068ac00000|  0%| F|  |TAMS 0x000000068ab00000, 0x000000068ab00000| Untracked 
| 160|0x000000068ac00000, 0x000000068ac00000, 0x000000068ad00000|  0%| F|  |TAMS 0x000000068ac00000, 0x000000068ac00000| Untracked 
| 161|0x000000068ad00000, 0x000000068ad00000, 0x000000068ae00000|  0%| F|  |TAMS 0x000000068ad00000, 0x000000068ad00000| Untracked 
| 162|0x000000068ae00000, 0x000000068ae00000, 0x000000068af00000|  0%| F|  |TAMS 0x000000068ae00000, 0x000000068ae00000| Untracked 
| 163|0x000000068af00000, 0x000000068af00000, 0x000000068b000000|  0%| F|  |TAMS 0x000000068af00000, 0x000000068af00000| Untracked 
| 164|0x000000068b000000, 0x000000068b000000, 0x000000068b100000|  0%| F|  |TAMS 0x000000068b000000, 0x000000068b000000| Untracked 
| 165|0x000000068b100000, 0x000000068b100000, 0x000000068b200000|  0%| F|  |TAMS 0x000000068b100000, 0x000000068b100000| Untracked 
| 166|0x000000068b200000, 0x000000068b200000, 0x000000068b300000|  0%| F|  |TAMS 0x000000068b200000, 0x000000068b200000| Untracked 
| 167|0x000000068b300000, 0x000000068b300000, 0x000000068b400000|  0%| F|  |TAMS 0x000000068b300000, 0x000000068b300000| Untracked 
| 168|0x000000068b400000, 0x000000068b400000, 0x000000068b500000|  0%| F|  |TAMS 0x000000068b400000, 0x000000068b400000| Untracked 
| 169|0x000000068b500000, 0x000000068b500000, 0x000000068b600000|  0%| F|  |TAMS 0x000000068b500000, 0x000000068b500000| Untracked 
| 170|0x000000068b600000, 0x000000068b600000, 0x000000068b700000|  0%| F|  |TAMS 0x000000068b600000, 0x000000068b600000| Untracked 
| 171|0x000000068b700000, 0x000000068b700000, 0x000000068b800000|  0%| F|  |TAMS 0x000000068b700000, 0x000000068b700000| Untracked 
| 172|0x000000068b800000, 0x000000068b800000, 0x000000068b900000|  0%| F|  |TAMS 0x000000068b800000, 0x000000068b800000| Untracked 
| 173|0x000000068b900000, 0x000000068b900000, 0x000000068ba00000|  0%| F|  |TAMS 0x000000068b900000, 0x000000068b900000| Untracked 
| 174|0x000000068ba00000, 0x000000068ba00000, 0x000000068bb00000|  0%| F|  |TAMS 0x000000068ba00000, 0x000000068ba00000| Untracked 
| 175|0x000000068bb00000, 0x000000068bb00000, 0x000000068bc00000|  0%| F|  |TAMS 0x000000068bb00000, 0x000000068bb00000| Untracked 
| 176|0x000000068bc00000, 0x000000068bc00000, 0x000000068bd00000|  0%| F|  |TAMS 0x000000068bc00000, 0x000000068bc00000| Untracked 
| 177|0x000000068bd00000, 0x000000068bd00000, 0x000000068be00000|  0%| F|  |TAMS 0x000000068bd00000, 0x000000068bd00000| Untracked 
| 178|0x000000068be00000, 0x000000068be00000, 0x000000068bf00000|  0%| F|  |TAMS 0x000000068be00000, 0x000000068be00000| Untracked 
| 179|0x000000068bf00000, 0x000000068bf00000, 0x000000068c000000|  0%| F|  |TAMS 0x000000068bf00000, 0x000000068bf00000| Untracked 
| 180|0x000000068c000000, 0x000000068c000000, 0x000000068c100000|  0%| F|  |TAMS 0x000000068c000000, 0x000000068c000000| Untracked 
| 181|0x000000068c100000, 0x000000068c100000, 0x000000068c200000|  0%| F|  |TAMS 0x000000068c100000, 0x000000068c100000| Untracked 
| 182|0x000000068c200000, 0x000000068c200000, 0x000000068c300000|  0%| F|  |TAMS 0x000000068c200000, 0x000000068c200000| Untracked 
| 183|0x000000068c300000, 0x000000068c300000, 0x000000068c400000|  0%| F|  |TAMS 0x000000068c300000, 0x000000068c300000| Untracked 
| 184|0x000000068c400000, 0x000000068c400000, 0x000000068c500000|  0%| F|  |TAMS 0x000000068c400000, 0x000000068c400000| Untracked 
| 185|0x000000068c500000, 0x000000068c500000, 0x000000068c600000|  0%| F|  |TAMS 0x000000068c500000, 0x000000068c500000| Untracked 
| 186|0x000000068c600000, 0x000000068c600000, 0x000000068c700000|  0%| F|  |TAMS 0x000000068c600000, 0x000000068c600000| Untracked 
| 187|0x000000068c700000, 0x000000068c700000, 0x000000068c800000|  0%| F|  |TAMS 0x000000068c700000, 0x000000068c700000| Untracked 
| 188|0x000000068c800000, 0x000000068c800000, 0x000000068c900000|  0%| F|  |TAMS 0x000000068c800000, 0x000000068c800000| Untracked 
| 189|0x000000068c900000, 0x000000068c900000, 0x000000068ca00000|  0%| F|  |TAMS 0x000000068c900000, 0x000000068c900000| Untracked 
| 190|0x000000068ca00000, 0x000000068ca00000, 0x000000068cb00000|  0%| F|  |TAMS 0x000000068ca00000, 0x000000068ca00000| Untracked 
| 191|0x000000068cb00000, 0x000000068cb00000, 0x000000068cc00000|  0%| F|  |TAMS 0x000000068cb00000, 0x000000068cb00000| Untracked 
| 192|0x000000068cc00000, 0x000000068cc00000, 0x000000068cd00000|  0%| F|  |TAMS 0x000000068cc00000, 0x000000068cc00000| Untracked 
| 193|0x000000068cd00000, 0x000000068cd00000, 0x000000068ce00000|  0%| F|  |TAMS 0x000000068cd00000, 0x000000068cd00000| Untracked 
| 194|0x000000068ce00000, 0x000000068ce00000, 0x000000068cf00000|  0%| F|  |TAMS 0x000000068ce00000, 0x000000068ce00000| Untracked 
| 195|0x000000068cf00000, 0x000000068cf00000, 0x000000068d000000|  0%| F|  |TAMS 0x000000068cf00000, 0x000000068cf00000| Untracked 
| 196|0x000000068d000000, 0x000000068d000000, 0x000000068d100000|  0%| F|  |TAMS 0x000000068d000000, 0x000000068d000000| Untracked 
| 197|0x000000068d100000, 0x000000068d100000, 0x000000068d200000|  0%| F|  |TAMS 0x000000068d100000, 0x000000068d100000| Untracked 
| 198|0x000000068d200000, 0x000000068d200000, 0x000000068d300000|  0%| F|  |TAMS 0x000000068d200000, 0x000000068d200000| Untracked 
| 199|0x000000068d300000, 0x000000068d300000, 0x000000068d400000|  0%| F|  |TAMS 0x000000068d300000, 0x000000068d300000| Untracked 
| 200|0x000000068d400000, 0x000000068d400000, 0x000000068d500000|  0%| F|  |TAMS 0x000000068d400000, 0x000000068d400000| Untracked 
| 201|0x000000068d500000, 0x000000068d500000, 0x000000068d600000|  0%| F|  |TAMS 0x000000068d500000, 0x000000068d500000| Untracked 
| 202|0x000000068d600000, 0x000000068d600000, 0x000000068d700000|  0%| F|  |TAMS 0x000000068d600000, 0x000000068d600000| Untracked 
| 203|0x000000068d700000, 0x000000068d700000, 0x000000068d800000|  0%| F|  |TAMS 0x000000068d700000, 0x000000068d700000| Untracked 
| 204|0x000000068d800000, 0x000000068d800000, 0x000000068d900000|  0%| F|  |TAMS 0x000000068d800000, 0x000000068d800000| Untracked 
| 205|0x000000068d900000, 0x000000068d900000, 0x000000068da00000|  0%| F|  |TAMS 0x000000068d900000, 0x000000068d900000| Untracked 
| 206|0x000000068da00000, 0x000000068da00000, 0x000000068db00000|  0%| F|  |TAMS 0x000000068da00000, 0x000000068da00000| Untracked 
| 207|0x000000068db00000, 0x000000068db00000, 0x000000068dc00000|  0%| F|  |TAMS 0x000000068db00000, 0x000000068db00000| Untracked 
| 208|0x000000068dc00000, 0x000000068dc00000, 0x000000068dd00000|  0%| F|  |TAMS 0x000000068dc00000, 0x000000068dc00000| Untracked 
| 209|0x000000068dd00000, 0x000000068dd00000, 0x000000068de00000|  0%| F|  |TAMS 0x000000068dd00000, 0x000000068dd00000| Untracked 
| 210|0x000000068de00000, 0x000000068de00000, 0x000000068df00000|  0%| F|  |TAMS 0x000000068de00000, 0x000000068de00000| Untracked 
| 211|0x000000068df00000, 0x000000068df00000, 0x000000068e000000|  0%| F|  |TAMS 0x000000068df00000, 0x000000068df00000| Untracked 
| 212|0x000000068e000000, 0x000000068e000000, 0x000000068e100000|  0%| F|  |TAMS 0x000000068e000000, 0x000000068e000000| Untracked 
| 213|0x000000068e100000, 0x000000068e100000, 0x000000068e200000|  0%| F|  |TAMS 0x000000068e100000, 0x000000068e100000| Untracked 
| 214|0x000000068e200000, 0x000000068e200000, 0x000000068e300000|  0%| F|  |TAMS 0x000000068e200000, 0x000000068e200000| Untracked 
| 215|0x000000068e300000, 0x000000068e300000, 0x000000068e400000|  0%| F|  |TAMS 0x000000068e300000, 0x000000068e300000| Untracked 
| 216|0x000000068e400000, 0x000000068e400000, 0x000000068e500000|  0%| F|  |TAMS 0x000000068e400000, 0x000000068e400000| Untracked 
| 217|0x000000068e500000, 0x000000068e500000, 0x000000068e600000|  0%| F|  |TAMS 0x000000068e500000, 0x000000068e500000| Untracked 
| 218|0x000000068e600000, 0x000000068e600000, 0x000000068e700000|  0%| F|  |TAMS 0x000000068e600000, 0x000000068e600000| Untracked 
| 219|0x000000068e700000, 0x000000068e700000, 0x000000068e800000|  0%| F|  |TAMS 0x000000068e700000, 0x000000068e700000| Untracked 
| 220|0x000000068e800000, 0x000000068e800000, 0x000000068e900000|  0%| F|  |TAMS 0x000000068e800000, 0x000000068e800000| Untracked 
| 221|0x000000068e900000, 0x000000068e900000, 0x000000068ea00000|  0%| F|  |TAMS 0x000000068e900000, 0x000000068e900000| Untracked 
| 222|0x000000068ea00000, 0x000000068ea00000, 0x000000068eb00000|  0%| F|  |TAMS 0x000000068ea00000, 0x000000068ea00000| Untracked 
| 223|0x000000068eb00000, 0x000000068eb00000, 0x000000068ec00000|  0%| F|  |TAMS 0x000000068eb00000, 0x000000068eb00000| Untracked 
| 224|0x000000068ec00000, 0x000000068ec00000, 0x000000068ed00000|  0%| F|  |TAMS 0x000000068ec00000, 0x000000068ec00000| Untracked 
| 225|0x000000068ed00000, 0x000000068ed00000, 0x000000068ee00000|  0%| F|  |TAMS 0x000000068ed00000, 0x000000068ed00000| Untracked 
| 226|0x000000068ee00000, 0x000000068ee00000, 0x000000068ef00000|  0%| F|  |TAMS 0x000000068ee00000, 0x000000068ee00000| Untracked 
| 227|0x000000068ef00000, 0x000000068ef00000, 0x000000068f000000|  0%| F|  |TAMS 0x000000068ef00000, 0x000000068ef00000| Untracked 
| 228|0x000000068f000000, 0x000000068f000000, 0x000000068f100000|  0%| F|  |TAMS 0x000000068f000000, 0x000000068f000000| Untracked 
| 229|0x000000068f100000, 0x000000068f100000, 0x000000068f200000|  0%| F|  |TAMS 0x000000068f100000, 0x000000068f100000| Untracked 
| 230|0x000000068f200000, 0x000000068f200000, 0x000000068f300000|  0%| F|  |TAMS 0x000000068f200000, 0x000000068f200000| Untracked 
| 231|0x000000068f300000, 0x000000068f300000, 0x000000068f400000|  0%| F|  |TAMS 0x000000068f300000, 0x000000068f300000| Untracked 
| 232|0x000000068f400000, 0x000000068f400000, 0x000000068f500000|  0%| F|  |TAMS 0x000000068f400000, 0x000000068f400000| Untracked 
| 233|0x000000068f500000, 0x000000068f500000, 0x000000068f600000|  0%| F|  |TAMS 0x000000068f500000, 0x000000068f500000| Untracked 
| 234|0x000000068f600000, 0x000000068f600000, 0x000000068f700000|  0%| F|  |TAMS 0x000000068f600000, 0x000000068f600000| Untracked 
| 235|0x000000068f700000, 0x000000068f700000, 0x000000068f800000|  0%| F|  |TAMS 0x000000068f700000, 0x000000068f700000| Untracked 
| 236|0x000000068f800000, 0x000000068f800000, 0x000000068f900000|  0%| F|  |TAMS 0x000000068f800000, 0x000000068f800000| Untracked 
| 237|0x000000068f900000, 0x000000068f900000, 0x000000068fa00000|  0%| F|  |TAMS 0x000000068f900000, 0x000000068f900000| Untracked 
| 238|0x000000068fa00000, 0x000000068fa00000, 0x000000068fb00000|  0%| F|  |TAMS 0x000000068fa00000, 0x000000068fa00000| Untracked 
| 239|0x000000068fb00000, 0x000000068fb00000, 0x000000068fc00000|  0%| F|  |TAMS 0x000000068fb00000, 0x000000068fb00000| Untracked 
| 240|0x000000068fc00000, 0x000000068fc00000, 0x000000068fd00000|  0%| F|  |TAMS 0x000000068fc00000, 0x000000068fc00000| Untracked 
| 241|0x000000068fd00000, 0x000000068fd00000, 0x000000068fe00000|  0%| F|  |TAMS 0x000000068fd00000, 0x000000068fd00000| Untracked 
| 242|0x000000068fe00000, 0x000000068fe00000, 0x000000068ff00000|  0%| F|  |TAMS 0x000000068fe00000, 0x000000068fe00000| Untracked 
| 243|0x000000068ff00000, 0x000000068ff00000, 0x0000000690000000|  0%| F|  |TAMS 0x000000068ff00000, 0x000000068ff00000| Untracked 
| 244|0x0000000690000000, 0x0000000690000000, 0x0000000690100000|  0%| F|  |TAMS 0x0000000690000000, 0x0000000690000000| Untracked 
| 245|0x0000000690100000, 0x0000000690100000, 0x0000000690200000|  0%| F|  |TAMS 0x0000000690100000, 0x0000000690100000| Untracked 
| 246|0x0000000690200000, 0x0000000690200000, 0x0000000690300000|  0%| F|  |TAMS 0x0000000690200000, 0x0000000690200000| Untracked 
| 247|0x0000000690300000, 0x0000000690300000, 0x0000000690400000|  0%| F|  |TAMS 0x0000000690300000, 0x0000000690300000| Untracked 
| 248|0x0000000690400000, 0x0000000690400000, 0x0000000690500000|  0%| F|  |TAMS 0x0000000690400000, 0x0000000690400000| Untracked 
| 249|0x0000000690500000, 0x0000000690500000, 0x0000000690600000|  0%| F|  |TAMS 0x0000000690500000, 0x0000000690500000| Untracked 
| 250|0x0000000690600000, 0x0000000690600000, 0x0000000690700000|  0%| F|  |TAMS 0x0000000690600000, 0x0000000690600000| Untracked 
| 251|0x0000000690700000, 0x0000000690700000, 0x0000000690800000|  0%| F|  |TAMS 0x0000000690700000, 0x0000000690700000| Untracked 
| 252|0x0000000690800000, 0x0000000690800000, 0x0000000690900000|  0%| F|  |TAMS 0x0000000690800000, 0x0000000690800000| Untracked 
| 253|0x0000000690900000, 0x0000000690900000, 0x0000000690a00000|  0%| F|  |TAMS 0x0000000690900000, 0x0000000690900000| Untracked 
| 254|0x0000000690a00000, 0x0000000690a00000, 0x0000000690b00000|  0%| F|  |TAMS 0x0000000690a00000, 0x0000000690a00000| Untracked 
| 255|0x0000000690b00000, 0x0000000690b00000, 0x0000000690c00000|  0%| F|  |TAMS 0x0000000690b00000, 0x0000000690b00000| Untracked 
| 256|0x0000000690c00000, 0x0000000690c00000, 0x0000000690d00000|  0%| F|  |TAMS 0x0000000690c00000, 0x0000000690c00000| Untracked 
| 257|0x0000000690d00000, 0x0000000690d00000, 0x0000000690e00000|  0%| F|  |TAMS 0x0000000690d00000, 0x0000000690d00000| Untracked 
| 258|0x0000000690e00000, 0x0000000690e00000, 0x0000000690f00000|  0%| F|  |TAMS 0x0000000690e00000, 0x0000000690e00000| Untracked 
| 259|0x0000000690f00000, 0x0000000690f00000, 0x0000000691000000|  0%| F|  |TAMS 0x0000000690f00000, 0x0000000690f00000| Untracked 
| 260|0x0000000691000000, 0x0000000691000000, 0x0000000691100000|  0%| F|  |TAMS 0x0000000691000000, 0x0000000691000000| Untracked 
| 261|0x0000000691100000, 0x0000000691100000, 0x0000000691200000|  0%| F|  |TAMS 0x0000000691100000, 0x0000000691100000| Untracked 
| 262|0x0000000691200000, 0x0000000691200000, 0x0000000691300000|  0%| F|  |TAMS 0x0000000691200000, 0x0000000691200000| Untracked 
| 263|0x0000000691300000, 0x0000000691300000, 0x0000000691400000|  0%| F|  |TAMS 0x0000000691300000, 0x0000000691300000| Untracked 
| 264|0x0000000691400000, 0x0000000691400000, 0x0000000691500000|  0%| F|  |TAMS 0x0000000691400000, 0x0000000691400000| Untracked 
| 265|0x0000000691500000, 0x0000000691500000, 0x0000000691600000|  0%| F|  |TAMS 0x0000000691500000, 0x0000000691500000| Untracked 
| 266|0x0000000691600000, 0x0000000691600000, 0x0000000691700000|  0%| F|  |TAMS 0x0000000691600000, 0x0000000691600000| Untracked 
| 267|0x0000000691700000, 0x0000000691700000, 0x0000000691800000|  0%| F|  |TAMS 0x0000000691700000, 0x0000000691700000| Untracked 
| 268|0x0000000691800000, 0x0000000691800000, 0x0000000691900000|  0%| F|  |TAMS 0x0000000691800000, 0x0000000691800000| Untracked 
| 269|0x0000000691900000, 0x0000000691900000, 0x0000000691a00000|  0%| F|  |TAMS 0x0000000691900000, 0x0000000691900000| Untracked 
| 270|0x0000000691a00000, 0x0000000691a00000, 0x0000000691b00000|  0%| F|  |TAMS 0x0000000691a00000, 0x0000000691a00000| Untracked 
| 271|0x0000000691b00000, 0x0000000691b00000, 0x0000000691c00000|  0%| F|  |TAMS 0x0000000691b00000, 0x0000000691b00000| Untracked 
| 272|0x0000000691c00000, 0x0000000691c00000, 0x0000000691d00000|  0%| F|  |TAMS 0x0000000691c00000, 0x0000000691c00000| Untracked 
| 273|0x0000000691d00000, 0x0000000691d00000, 0x0000000691e00000|  0%| F|  |TAMS 0x0000000691d00000, 0x0000000691d00000| Untracked 
| 274|0x0000000691e00000, 0x0000000691e00000, 0x0000000691f00000|  0%| F|  |TAMS 0x0000000691e00000, 0x0000000691e00000| Untracked 
| 275|0x0000000691f00000, 0x0000000691f00000, 0x0000000692000000|  0%| F|  |TAMS 0x0000000691f00000, 0x0000000691f00000| Untracked 
| 276|0x0000000692000000, 0x0000000692000000, 0x0000000692100000|  0%| F|  |TAMS 0x0000000692000000, 0x0000000692000000| Untracked 
| 277|0x0000000692100000, 0x0000000692100000, 0x0000000692200000|  0%| F|  |TAMS 0x0000000692100000, 0x0000000692100000| Untracked 
| 278|0x0000000692200000, 0x0000000692200000, 0x0000000692300000|  0%| F|  |TAMS 0x0000000692200000, 0x0000000692200000| Untracked 
| 279|0x0000000692300000, 0x0000000692300000, 0x0000000692400000|  0%| F|  |TAMS 0x0000000692300000, 0x0000000692300000| Untracked 
| 280|0x0000000692400000, 0x0000000692400000, 0x0000000692500000|  0%| F|  |TAMS 0x0000000692400000, 0x0000000692400000| Untracked 
| 281|0x0000000692500000, 0x0000000692500000, 0x0000000692600000|  0%| F|  |TAMS 0x0000000692500000, 0x0000000692500000| Untracked 
| 282|0x0000000692600000, 0x0000000692600000, 0x0000000692700000|  0%| F|  |TAMS 0x0000000692600000, 0x0000000692600000| Untracked 
| 283|0x0000000692700000, 0x0000000692700000, 0x0000000692800000|  0%| F|  |TAMS 0x0000000692700000, 0x0000000692700000| Untracked 
| 284|0x0000000692800000, 0x0000000692800000, 0x0000000692900000|  0%| F|  |TAMS 0x0000000692800000, 0x0000000692800000| Untracked 
| 285|0x0000000692900000, 0x0000000692900000, 0x0000000692a00000|  0%| F|  |TAMS 0x0000000692900000, 0x0000000692900000| Untracked 
| 286|0x0000000692a00000, 0x0000000692a00000, 0x0000000692b00000|  0%| F|  |TAMS 0x0000000692a00000, 0x0000000692a00000| Untracked 
| 287|0x0000000692b00000, 0x0000000692b00000, 0x0000000692c00000|  0%| F|  |TAMS 0x0000000692b00000, 0x0000000692b00000| Untracked 
| 288|0x0000000692c00000, 0x0000000692c00000, 0x0000000692d00000|  0%| F|  |TAMS 0x0000000692c00000, 0x0000000692c00000| Untracked 
| 289|0x0000000692d00000, 0x0000000692d00000, 0x0000000692e00000|  0%| F|  |TAMS 0x0000000692d00000, 0x0000000692d00000| Untracked 
| 290|0x0000000692e00000, 0x0000000692e00000, 0x0000000692f00000|  0%| F|  |TAMS 0x0000000692e00000, 0x0000000692e00000| Untracked 
| 291|0x0000000692f00000, 0x0000000692f00000, 0x0000000693000000|  0%| F|  |TAMS 0x0000000692f00000, 0x0000000692f00000| Untracked 
| 292|0x0000000693000000, 0x0000000693000000, 0x0000000693100000|  0%| F|  |TAMS 0x0000000693000000, 0x0000000693000000| Untracked 
| 293|0x0000000693100000, 0x0000000693100000, 0x0000000693200000|  0%| F|  |TAMS 0x0000000693100000, 0x0000000693100000| Untracked 
| 294|0x0000000693200000, 0x0000000693200000, 0x0000000693300000|  0%| F|  |TAMS 0x0000000693200000, 0x0000000693200000| Untracked 
| 295|0x0000000693300000, 0x0000000693300000, 0x0000000693400000|  0%| F|  |TAMS 0x0000000693300000, 0x0000000693300000| Untracked 
| 296|0x0000000693400000, 0x0000000693400000, 0x0000000693500000|  0%| F|  |TAMS 0x0000000693400000, 0x0000000693400000| Untracked 
| 297|0x0000000693500000, 0x0000000693500000, 0x0000000693600000|  0%| F|  |TAMS 0x0000000693500000, 0x0000000693500000| Untracked 
| 298|0x0000000693600000, 0x0000000693600000, 0x0000000693700000|  0%| F|  |TAMS 0x0000000693600000, 0x0000000693600000| Untracked 
| 299|0x0000000693700000, 0x0000000693700000, 0x0000000693800000|  0%| F|  |TAMS 0x0000000693700000, 0x0000000693700000| Untracked 
| 300|0x0000000693800000, 0x0000000693800000, 0x0000000693900000|  0%| F|  |TAMS 0x0000000693800000, 0x0000000693800000| Untracked 
| 301|0x0000000693900000, 0x0000000693900000, 0x0000000693a00000|  0%| F|  |TAMS 0x0000000693900000, 0x0000000693900000| Untracked 
| 302|0x0000000693a00000, 0x0000000693a00000, 0x0000000693b00000|  0%| F|  |TAMS 0x0000000693a00000, 0x0000000693a00000| Untracked 
| 303|0x0000000693b00000, 0x0000000693b00000, 0x0000000693c00000|  0%| F|  |TAMS 0x0000000693b00000, 0x0000000693b00000| Untracked 
| 304|0x0000000693c00000, 0x0000000693c00000, 0x0000000693d00000|  0%| F|  |TAMS 0x0000000693c00000, 0x0000000693c00000| Untracked 
| 305|0x0000000693d00000, 0x0000000693d00000, 0x0000000693e00000|  0%| F|  |TAMS 0x0000000693d00000, 0x0000000693d00000| Untracked 
| 306|0x0000000693e00000, 0x0000000693e00000, 0x0000000693f00000|  0%| F|  |TAMS 0x0000000693e00000, 0x0000000693e00000| Untracked 
| 307|0x0000000693f00000, 0x0000000693f00000, 0x0000000694000000|  0%| F|  |TAMS 0x0000000693f00000, 0x0000000693f00000| Untracked 
| 308|0x0000000694000000, 0x0000000694000000, 0x0000000694100000|  0%| F|  |TAMS 0x0000000694000000, 0x0000000694000000| Untracked 
| 309|0x0000000694100000, 0x0000000694100000, 0x0000000694200000|  0%| F|  |TAMS 0x0000000694100000, 0x0000000694100000| Untracked 
| 310|0x0000000694200000, 0x0000000694200000, 0x0000000694300000|  0%| F|  |TAMS 0x0000000694200000, 0x0000000694200000| Untracked 
| 311|0x0000000694300000, 0x0000000694300000, 0x0000000694400000|  0%| F|  |TAMS 0x0000000694300000, 0x0000000694300000| Untracked 
| 312|0x0000000694400000, 0x0000000694400000, 0x0000000694500000|  0%| F|  |TAMS 0x0000000694400000, 0x0000000694400000| Untracked 
| 313|0x0000000694500000, 0x0000000694500000, 0x0000000694600000|  0%| F|  |TAMS 0x0000000694500000, 0x0000000694500000| Untracked 
| 314|0x0000000694600000, 0x0000000694600000, 0x0000000694700000|  0%| F|  |TAMS 0x0000000694600000, 0x0000000694600000| Untracked 
| 315|0x0000000694700000, 0x0000000694700000, 0x0000000694800000|  0%| F|  |TAMS 0x0000000694700000, 0x0000000694700000| Untracked 
| 316|0x0000000694800000, 0x0000000694800000, 0x0000000694900000|  0%| F|  |TAMS 0x0000000694800000, 0x0000000694800000| Untracked 
| 317|0x0000000694900000, 0x0000000694900000, 0x0000000694a00000|  0%| F|  |TAMS 0x0000000694900000, 0x0000000694900000| Untracked 
| 318|0x0000000694a00000, 0x0000000694a00000, 0x0000000694b00000|  0%| F|  |TAMS 0x0000000694a00000, 0x0000000694a00000| Untracked 
| 319|0x0000000694b00000, 0x0000000694b00000, 0x0000000694c00000|  0%| F|  |TAMS 0x0000000694b00000, 0x0000000694b00000| Untracked 
| 320|0x0000000694c00000, 0x0000000694c00000, 0x0000000694d00000|  0%| F|  |TAMS 0x0000000694c00000, 0x0000000694c00000| Untracked 
| 321|0x0000000694d00000, 0x0000000694d00000, 0x0000000694e00000|  0%| F|  |TAMS 0x0000000694d00000, 0x0000000694d00000| Untracked 
| 322|0x0000000694e00000, 0x0000000694e00000, 0x0000000694f00000|  0%| F|  |TAMS 0x0000000694e00000, 0x0000000694e00000| Untracked 
| 323|0x0000000694f00000, 0x0000000694f00000, 0x0000000695000000|  0%| F|  |TAMS 0x0000000694f00000, 0x0000000694f00000| Untracked 
| 324|0x0000000695000000, 0x0000000695000000, 0x0000000695100000|  0%| F|  |TAMS 0x0000000695000000, 0x0000000695000000| Untracked 
| 325|0x0000000695100000, 0x0000000695100000, 0x0000000695200000|  0%| F|  |TAMS 0x0000000695100000, 0x0000000695100000| Untracked 
| 326|0x0000000695200000, 0x0000000695200000, 0x0000000695300000|  0%| F|  |TAMS 0x0000000695200000, 0x0000000695200000| Untracked 
| 327|0x0000000695300000, 0x0000000695300000, 0x0000000695400000|  0%| F|  |TAMS 0x0000000695300000, 0x0000000695300000| Untracked 
| 328|0x0000000695400000, 0x0000000695400000, 0x0000000695500000|  0%| F|  |TAMS 0x0000000695400000, 0x0000000695400000| Untracked 
| 329|0x0000000695500000, 0x0000000695500000, 0x0000000695600000|  0%| F|  |TAMS 0x0000000695500000, 0x0000000695500000| Untracked 
| 330|0x0000000695600000, 0x0000000695600000, 0x0000000695700000|  0%| F|  |TAMS 0x0000000695600000, 0x0000000695600000| Untracked 
| 331|0x0000000695700000, 0x0000000695700000, 0x0000000695800000|  0%| F|  |TAMS 0x0000000695700000, 0x0000000695700000| Untracked 
| 332|0x0000000695800000, 0x0000000695800000, 0x0000000695900000|  0%| F|  |TAMS 0x0000000695800000, 0x0000000695800000| Untracked 
| 333|0x0000000695900000, 0x0000000695900000, 0x0000000695a00000|  0%| F|  |TAMS 0x0000000695900000, 0x0000000695900000| Untracked 
| 334|0x0000000695a00000, 0x0000000695a00000, 0x0000000695b00000|  0%| F|  |TAMS 0x0000000695a00000, 0x0000000695a00000| Untracked 
| 335|0x0000000695b00000, 0x0000000695b00000, 0x0000000695c00000|  0%| F|  |TAMS 0x0000000695b00000, 0x0000000695b00000| Untracked 
| 336|0x0000000695c00000, 0x0000000695c00000, 0x0000000695d00000|  0%| F|  |TAMS 0x0000000695c00000, 0x0000000695c00000| Untracked 
| 337|0x0000000695d00000, 0x0000000695d00000, 0x0000000695e00000|  0%| F|  |TAMS 0x0000000695d00000, 0x0000000695d00000| Untracked 
| 338|0x0000000695e00000, 0x0000000695e00000, 0x0000000695f00000|  0%| F|  |TAMS 0x0000000695e00000, 0x0000000695e00000| Untracked 
| 339|0x0000000695f00000, 0x0000000695f00000, 0x0000000696000000|  0%| F|  |TAMS 0x0000000695f00000, 0x0000000695f00000| Untracked 
| 340|0x0000000696000000, 0x0000000696000000, 0x0000000696100000|  0%| F|  |TAMS 0x0000000696000000, 0x0000000696000000| Untracked 
| 341|0x0000000696100000, 0x0000000696100000, 0x0000000696200000|  0%| F|  |TAMS 0x0000000696100000, 0x0000000696100000| Untracked 
| 342|0x0000000696200000, 0x0000000696200000, 0x0000000696300000|  0%| F|  |TAMS 0x0000000696200000, 0x0000000696200000| Untracked 
| 343|0x0000000696300000, 0x0000000696300000, 0x0000000696400000|  0%| F|  |TAMS 0x0000000696300000, 0x0000000696300000| Untracked 
| 344|0x0000000696400000, 0x0000000696400000, 0x0000000696500000|  0%| F|  |TAMS 0x0000000696400000, 0x0000000696400000| Untracked 
| 345|0x0000000696500000, 0x0000000696500000, 0x0000000696600000|  0%| F|  |TAMS 0x0000000696500000, 0x0000000696500000| Untracked 
| 346|0x0000000696600000, 0x0000000696600000, 0x0000000696700000|  0%| F|  |TAMS 0x0000000696600000, 0x0000000696600000| Untracked 
| 347|0x0000000696700000, 0x0000000696700000, 0x0000000696800000|  0%| F|  |TAMS 0x0000000696700000, 0x0000000696700000| Untracked 
| 348|0x0000000696800000, 0x0000000696800000, 0x0000000696900000|  0%| F|  |TAMS 0x0000000696800000, 0x0000000696800000| Untracked 
| 349|0x0000000696900000, 0x0000000696900000, 0x0000000696a00000|  0%| F|  |TAMS 0x0000000696900000, 0x0000000696900000| Untracked 
| 350|0x0000000696a00000, 0x0000000696a00000, 0x0000000696b00000|  0%| F|  |TAMS 0x0000000696a00000, 0x0000000696a00000| Untracked 
| 351|0x0000000696b00000, 0x0000000696b00000, 0x0000000696c00000|  0%| F|  |TAMS 0x0000000696b00000, 0x0000000696b00000| Untracked 
| 352|0x0000000696c00000, 0x0000000696c00000, 0x0000000696d00000|  0%| F|  |TAMS 0x0000000696c00000, 0x0000000696c00000| Untracked 
| 353|0x0000000696d00000, 0x0000000696d00000, 0x0000000696e00000|  0%| F|  |TAMS 0x0000000696d00000, 0x0000000696d00000| Untracked 
| 354|0x0000000696e00000, 0x0000000696e00000, 0x0000000696f00000|  0%| F|  |TAMS 0x0000000696e00000, 0x0000000696e00000| Untracked 
| 355|0x0000000696f00000, 0x0000000696f00000, 0x0000000697000000|  0%| F|  |TAMS 0x0000000696f00000, 0x0000000696f00000| Untracked 
| 356|0x0000000697000000, 0x0000000697000000, 0x0000000697100000|  0%| F|  |TAMS 0x0000000697000000, 0x0000000697000000| Untracked 
| 357|0x0000000697100000, 0x0000000697100000, 0x0000000697200000|  0%| F|  |TAMS 0x0000000697100000, 0x0000000697100000| Untracked 
| 358|0x0000000697200000, 0x0000000697200000, 0x0000000697300000|  0%| F|  |TAMS 0x0000000697200000, 0x0000000697200000| Untracked 
| 359|0x0000000697300000, 0x0000000697300000, 0x0000000697400000|  0%| F|  |TAMS 0x0000000697300000, 0x0000000697300000| Untracked 
| 360|0x0000000697400000, 0x0000000697400000, 0x0000000697500000|  0%| F|  |TAMS 0x0000000697400000, 0x0000000697400000| Untracked 
| 361|0x0000000697500000, 0x0000000697500000, 0x0000000697600000|  0%| F|  |TAMS 0x0000000697500000, 0x0000000697500000| Untracked 
| 362|0x0000000697600000, 0x0000000697600000, 0x0000000697700000|  0%| F|  |TAMS 0x0000000697600000, 0x0000000697600000| Untracked 
| 363|0x0000000697700000, 0x00000006977e3cd0, 0x0000000697800000| 88%| E|  |TAMS 0x0000000697700000, 0x0000000697700000| Complete 
| 364|0x0000000697800000, 0x0000000697900000, 0x0000000697900000|100%| E|CS|TAMS 0x0000000697800000, 0x0000000697800000| Complete 
| 365|0x0000000697900000, 0x0000000697a00000, 0x0000000697a00000|100%| E|CS|TAMS 0x0000000697900000, 0x0000000697900000| Complete 
| 366|0x0000000697a00000, 0x0000000697b00000, 0x0000000697b00000|100%| E|CS|TAMS 0x0000000697a00000, 0x0000000697a00000| Complete 
| 367|0x0000000697b00000, 0x0000000697c00000, 0x0000000697c00000|100%| E|CS|TAMS 0x0000000697b00000, 0x0000000697b00000| Complete 
| 368|0x0000000697c00000, 0x0000000697d00000, 0x0000000697d00000|100%| E|CS|TAMS 0x0000000697c00000, 0x0000000697c00000| Complete 
| 369|0x0000000697d00000, 0x0000000697e00000, 0x0000000697e00000|100%| E|CS|TAMS 0x0000000697d00000, 0x0000000697d00000| Complete 
| 370|0x0000000697e00000, 0x0000000697f00000, 0x0000000697f00000|100%| E|CS|TAMS 0x0000000697e00000, 0x0000000697e00000| Complete 
| 371|0x0000000697f00000, 0x0000000698000000, 0x0000000698000000|100%| E|CS|TAMS 0x0000000697f00000, 0x0000000697f00000| Complete 
| 372|0x0000000698000000, 0x0000000698100000, 0x0000000698100000|100%| E|CS|TAMS 0x0000000698000000, 0x0000000698000000| Complete 
| 373|0x0000000698100000, 0x0000000698200000, 0x0000000698200000|100%| E|CS|TAMS 0x0000000698100000, 0x0000000698100000| Complete 
| 374|0x0000000698200000, 0x0000000698300000, 0x0000000698300000|100%| E|CS|TAMS 0x0000000698200000, 0x0000000698200000| Complete 
| 375|0x0000000698300000, 0x0000000698400000, 0x0000000698400000|100%| E|CS|TAMS 0x0000000698300000, 0x0000000698300000| Complete 
| 376|0x0000000698400000, 0x0000000698500000, 0x0000000698500000|100%| E|CS|TAMS 0x0000000698400000, 0x0000000698400000| Complete 
| 377|0x0000000698500000, 0x0000000698600000, 0x0000000698600000|100%| E|CS|TAMS 0x0000000698500000, 0x0000000698500000| Complete 
| 378|0x0000000698600000, 0x0000000698700000, 0x0000000698700000|100%| E|CS|TAMS 0x0000000698600000, 0x0000000698600000| Complete 
| 379|0x0000000698700000, 0x0000000698800000, 0x0000000698800000|100%| E|CS|TAMS 0x0000000698700000, 0x0000000698700000| Complete 
| 380|0x0000000698800000, 0x0000000698900000, 0x0000000698900000|100%| E|CS|TAMS 0x0000000698800000, 0x0000000698800000| Complete 
| 381|0x0000000698900000, 0x0000000698a00000, 0x0000000698a00000|100%| E|CS|TAMS 0x0000000698900000, 0x0000000698900000| Complete 
| 382|0x0000000698a00000, 0x0000000698b00000, 0x0000000698b00000|100%| E|  |TAMS 0x0000000698a00000, 0x0000000698a00000| Complete 
| 383|0x0000000698b00000, 0x0000000698c00000, 0x0000000698c00000|100%| E|CS|TAMS 0x0000000698b00000, 0x0000000698b00000| Complete 

Card table byte_map: [0x000001c937b30000,0x000001c938730000] _byte_map_base: 0x000001c93472a000

Marking Bits (Prev, Next): (CMBitMap*) 0x000001c91f894198, (CMBitMap*) 0x000001c91f8941d8
 Prev Bits: [0x000001c939330000, 0x000001c93f300000)
 Next Bits: [0x000001c93f300000, 0x000001c9452d0000)

Polling page: 0x000001c91d760000

Metaspace:

Usage:
  Non-class:      4.98 MB capacity,     2.53 MB ( 51%) used,     2.45 MB ( 49%) free+waste,     6.69 KB ( <1%) overhead. 
      Class:    512.00 KB capacity,   226.87 KB ( 44%) used,   281.26 KB ( 55%) free+waste,     3.88 KB ( <1%) overhead. 
       Both:      5.48 MB capacity,     2.75 MB ( 50%) used,     2.72 MB ( 50%) free+waste,    10.56 KB ( <1%) overhead. 

Virtual space:
  Non-class space:        8.00 MB reserved,       5.00 MB ( 63%) committed 
      Class space:        1.00 GB reserved,     512.00 KB ( <1%) committed 
             Both:        1.01 GB reserved,       5.50 MB ( <1%) committed 

Chunk freelists:
   Non-Class:  18.00 KB
       Class:  0 bytes
        Both:  18.00 KB

MaxMetaspaceSize: 17179869184.00 GB
CompressedClassSpaceSize: 1.00 GB

CodeHeap 'non-profiled nmethods': size=120000Kb used=258Kb max_used=258Kb free=119741Kb
 bounds [0x000001c92f7e0000, 0x000001c92fa50000, 0x000001c936d10000]
CodeHeap 'profiled nmethods': size=120000Kb used=1273Kb max_used=1273Kb free=118726Kb
 bounds [0x000001c9282b0000, 0x000001c928520000, 0x000001c92f7e0000]
CodeHeap 'non-nmethods': size=5760Kb used=1513Kb max_used=1527Kb free=4246Kb
 bounds [0x000001c927d10000, 0x000001c927f80000, 0x000001c9282b0000]
 total_blobs=2051 nmethods=711 adapters=779
 compilation: enabled
              stopped_count=0, restarted_count=0
 full_count=0

Compilation events (20 events):
Event: 0.320 Thread 0x000001c9485fa800 nmethod 693 0x000001c92f81e490 code [0x000001c92f81e620, 0x000001c92f81e758]
Event: 0.320 Thread 0x000001c9485fa800  696       3       jdk.internal.reflect.MagicAccessorImpl::<init> (5 bytes)
Event: 0.320 Thread 0x000001c948794800  698       4       java.util.HashMap::get (23 bytes)
Event: 0.320 Thread 0x000001c9485fa800 nmethod 696 0x000001c9283e4610 code [0x000001c9283e47c0, 0x000001c9283e4998]
Event: 0.320 Thread 0x000001c9485fa800  697   !   3       jdk.internal.reflect.ReflectionFactory::checkInitted (100 bytes)
Event: 0.320 Thread 0x000001c9485fa800 nmethod 697 0x000001c9283e4a90 code [0x000001c9283e4da0, 0x000001c9283e5cf0]
Event: 0.320 Thread 0x000001c9485fa800  699       3       jdk.internal.misc.Unsafe::ensureClassInitialized (18 bytes)
Event: 0.321 Thread 0x000001c9485fa800 nmethod 699 0x000001c9283e6190 code [0x000001c9283e6360, 0x000001c9283e6620]
Event: 0.321 Thread 0x000001c9485fa800  701       3       java.lang.ref.WeakReference::<init> (6 bytes)
Event: 0.321 Thread 0x000001c9485fa800 nmethod 701 0x000001c9283e6710 code [0x000001c9283e68e0, 0x000001c9283e6c78]
Event: 0.322 Thread 0x000001c9485f9800  702       4       java.lang.StringLatin1::indexOf (61 bytes)
Event: 0.322 Thread 0x000001c9485fa800  703       3       sun.misc.Unsafe::putInt (11 bytes)
Event: 0.322 Thread 0x000001c9485fa800 nmethod 703 0x000001c9283e6d90 code [0x000001c9283e6f20, 0x000001c9283e7098]
Event: 0.322 Thread 0x000001c9485fa800  706       3       java.lang.Integer::toUnsignedLong (7 bytes)
Event: 0.322 Thread 0x000001c9485fa800 nmethod 706 0x000001c9283e7110 code [0x000001c9283e72a0, 0x000001c9283e73f8]
Event: 0.322 Thread 0x000001c9485fa800  708       1       org.lwjgl.system.Pointer$Default::address (5 bytes)
Event: 0.322 Thread 0x000001c9485fa800 nmethod 708 0x000001c92f81f990 code [0x000001c92f81fb20, 0x000001c92f81fc58]
Event: 0.323 Thread 0x000001c948794800 nmethod 698 0x000001c92f81fd10 code [0x000001c92f81fec0, 0x000001c92f820388]
Event: 0.323 Thread 0x000001c9485f9800 nmethod 702 0x000001c92f820690 code [0x000001c92f820820, 0x000001c92f8209b8]
Event: 0.432 Thread 0x000001c9485fa800  709       3       java.util.zip.ZipEntry::setExtra0 (493 bytes)

GC Heap History (0 events):
No events

Deoptimization events (20 events):
Event: 0.241 Thread 0x000001c91f7ff000 Uncommon trap: trap_request=0xffffffde fr.pc=0x000001c92f807050 relative=0x0000000000000410
Event: 0.241 Thread 0x000001c91f7ff000 Uncommon trap: reason=class_check action=maybe_recompile pc=0x000001c92f807050 method=java.util.HashMap.getNode(ILjava/lang/Object;)Ljava/util/HashMap$Node; @ 126 c2
Event: 0.241 Thread 0x000001c91f7ff000 DEOPT PACKING pc=0x000001c92f807050 sp=0x000000b3c59fb060
Event: 0.241 Thread 0x000001c91f7ff000 DEOPT UNPACKING pc=0x000001c927d5912f sp=0x000000b3c59faf78 mode 2
Event: 0.247 Thread 0x000001c91f7ff000 Uncommon trap: trap_request=0xffffff45 fr.pc=0x000001c92f7ea518 relative=0x00000000000001f8
Event: 0.247 Thread 0x000001c91f7ff000 Uncommon trap: reason=unstable_if action=reinterpret pc=0x000001c92f7ea518 method=java.lang.String.isLatin1()Z @ 10 c2
Event: 0.247 Thread 0x000001c91f7ff000 DEOPT PACKING pc=0x000001c92f7ea518 sp=0x000000b3c59fb2f0
Event: 0.247 Thread 0x000001c91f7ff000 DEOPT UNPACKING pc=0x000001c927d5912f sp=0x000000b3c59fb220 mode 2
Event: 0.265 Thread 0x000001c91f7ff000 Uncommon trap: trap_request=0xffffff45 fr.pc=0x000001c92f7f4964 relative=0x0000000000000044
Event: 0.265 Thread 0x000001c91f7ff000 Uncommon trap: reason=unstable_if action=reinterpret pc=0x000001c92f7f4964 method=java.lang.CharacterData.of(I)Ljava/lang/CharacterData; @ 4 c2
Event: 0.265 Thread 0x000001c91f7ff000 DEOPT PACKING pc=0x000001c92f7f4964 sp=0x000000b3c59fae50
Event: 0.265 Thread 0x000001c91f7ff000 DEOPT UNPACKING pc=0x000001c927d5912f sp=0x000000b3c59fadf0 mode 2
Event: 0.295 Thread 0x000001c91f7ff000 Uncommon trap: trap_request=0xffffffde fr.pc=0x000001c92f807010 relative=0x00000000000003d0
Event: 0.295 Thread 0x000001c91f7ff000 Uncommon trap: reason=class_check action=maybe_recompile pc=0x000001c92f807010 method=java.util.HashMap.getNode(ILjava/lang/Object;)Ljava/util/HashMap$Node; @ 59 c2
Event: 0.295 Thread 0x000001c91f7ff000 DEOPT PACKING pc=0x000001c92f807010 sp=0x000000b3c59fb630
Event: 0.295 Thread 0x000001c91f7ff000 DEOPT UNPACKING pc=0x000001c927d5912f sp=0x000000b3c59fb548 mode 2
Event: 0.313 Thread 0x000001c91f7ff000 Uncommon trap: trap_request=0xffffffde fr.pc=0x000001c92f807010 relative=0x00000000000003d0
Event: 0.313 Thread 0x000001c91f7ff000 Uncommon trap: reason=class_check action=maybe_recompile pc=0x000001c92f807010 method=java.util.HashMap.getNode(ILjava/lang/Object;)Ljava/util/HashMap$Node; @ 59 c2
Event: 0.313 Thread 0x000001c91f7ff000 DEOPT PACKING pc=0x000001c92f807010 sp=0x000000b3c59fdc60
Event: 0.313 Thread 0x000001c91f7ff000 DEOPT UNPACKING pc=0x000001c927d5912f sp=0x000000b3c59fdb78 mode 2

Classes unloaded (0 events):
No events

Classes redefined (0 events):
No events

Internal exceptions (8 events):
Event: 0.220 Thread 0x000001c91f7ff000 Exception <a 'java/lang/NoSuchMethodError'{0x00000006980df0e8}: 'void java.lang.invoke.DelegatingMethodHandle$Holder.delegate(java.lang.Object, java.lang.Object, int, java.lang.Object)'> (0x00000006980df0e8) 
thrown [t:/workspace/open/src/hotspot/share/interpreter/linkResolver.cpp, line 767]
Event: 0.221 Thread 0x000001c91f7ff000 Exception <a 'java/lang/NoSuchMethodError'{0x00000006980e60a0}: 'java.lang.Object java.lang.invoke.DirectMethodHandle$Holder.invokeStaticInit(java.lang.Object, java.lang.Object, java.lang.Object)'> (0x00000006980e60a0) 
thrown [t:/workspace/open/src/hotspot/share/interpreter/linkResolver.cpp, line 767]
Event: 0.253 Thread 0x000001c91f7ff000 Exception <a 'sun/nio/fs/WindowsException'{0x0000000697d43548}> (0x0000000697d43548) 
thrown [t:/workspace/open/src/hotspot/share/prims/jni.cpp, line 598]
Event: 0.254 Thread 0x000001c91f7ff000 Exception <a 'sun/nio/fs/WindowsException'{0x0000000697d43ce0}> (0x0000000697d43ce0) 
thrown [t:/workspace/open/src/hotspot/share/prims/jni.cpp, line 598]
Event: 0.297 Thread 0x000001c91f7ff000 Exception <a 'sun/nio/fs/WindowsException'{0x00000006979783f8}> (0x00000006979783f8) 
thrown [t:/workspace/open/src/hotspot/share/prims/jni.cpp, line 598]
Event: 0.298 Thread 0x000001c91f7ff000 Exception <a 'sun/nio/fs/WindowsException'{0x0000000697978a18}> (0x0000000697978a18) 
thrown [t:/workspace/open/src/hotspot/share/prims/jni.cpp, line 598]
Event: 0.316 Thread 0x000001c91f7ff000 Exception <a 'sun/nio/fs/WindowsException'{0x0000000697705610}> (0x0000000697705610) 
thrown [t:/workspace/open/src/hotspot/share/prims/jni.cpp, line 598]
Event: 0.316 Thread 0x000001c91f7ff000 Exception <a 'sun/nio/fs/WindowsException'{0x0000000697705bd0}> (0x0000000697705bd0) 
thrown [t:/workspace/open/src/hotspot/share/prims/jni.cpp, line 598]

Events (20 events):
Event: 0.320 loading class org/lwjgl/glfw/GLFW$Functions done
Event: 0.430 loading class org/lwjgl/glfw/GLFWVidMode
Event: 0.430 loading class org/lwjgl/glfw/GLFWVidMode done
Event: 0.431 loading class org/lwjgl/system/Struct
Event: 0.431 loading class org/lwjgl/system/Struct done
Event: 0.432 loading class org/lwjgl/system/Struct$Member
Event: 0.432 loading class org/lwjgl/system/Struct$Member done
Event: 0.432 loading class org/lwjgl/system/Struct$Layout
Event: 0.432 loading class org/lwjgl/system/Struct$Layout done
Event: 0.432 Thread 0x000001c948794800 Thread exited: 0x000001c948794800
Event: 0.432 loading class kotlin/jvm/internal/Intrinsics
Event: 0.432 loading class kotlin/jvm/internal/Intrinsics done
Event: 0.433 loading class kotlin/UninitializedPropertyAccessException
Event: 0.433 loading class kotlin/UninitializedPropertyAccessException done
Event: 0.433 loading class kotlin/KotlinNullPointerException
Event: 0.433 loading class kotlin/KotlinNullPointerException done
Event: 0.433 loading class java/lang/AssertionError
Event: 0.433 loading class java/lang/AssertionError done
Event: 0.434 loading class org/lwjgl/glfw/EventLoop$OffScreen
Event: 0.434 loading class org/lwjgl/glfw/EventLoop$OffScreen done


Dynamic libraries:
0x00007ff76f4c0000 - 0x00007ff76f4cf000 	C:\Program Files\Java\jdk-13.0.2\bin\java.exe
0x00007ffdbaa90000 - 0x00007ffdbac86000 	C:\WINDOWS\SYSTEM32\ntdll.dll
0x00007ffdb8db0000 - 0x00007ffdb8e6d000 	C:\WINDOWS\System32\KERNEL32.DLL
0x00007ffdb8630000 - 0x00007ffdb88f9000 	C:\WINDOWS\System32\KERNELBASE.dll
0x00007ffdb8480000 - 0x00007ffdb8580000 	C:\WINDOWS\System32\ucrtbase.dll
0x00007ffdb1d00000 - 0x00007ffdb1d18000 	C:\Program Files\Java\jdk-13.0.2\bin\jli.dll
0x00007ffda57a0000 - 0x00007ffda57b5000 	C:\Program Files\Java\jdk-13.0.2\bin\VCRUNTIME140.dll
0x00007ffdb9c10000 - 0x00007ffdb9cbc000 	C:\WINDOWS\System32\ADVAPI32.dll
0x00007ffdb9850000 - 0x00007ffdb98ee000 	C:\WINDOWS\System32\msvcrt.dll
0x00007ffdb97b0000 - 0x00007ffdb984c000 	C:\WINDOWS\System32\sechost.dll
0x00007ffdb9240000 - 0x00007ffdb936b000 	C:\WINDOWS\System32\RPCRT4.dll
0x00007ffdb9000000 - 0x00007ffdb91a0000 	C:\WINDOWS\System32\USER32.dll
0x00007ffdb81d0000 - 0x00007ffdb81f2000 	C:\WINDOWS\System32\win32u.dll
0x00007ffdba190000 - 0x00007ffdba1ba000 	C:\WINDOWS\System32\GDI32.dll
0x00007ffdb89e0000 - 0x00007ffdb8ae9000 	C:\WINDOWS\System32\gdi32full.dll
0x00007ffdb83e0000 - 0x00007ffdb847d000 	C:\WINDOWS\System32\msvcp_win.dll
0x00007ffda68e0000 - 0x00007ffda6b7b000 	C:\WINDOWS\WinSxS\amd64_microsoft.windows.common-controls_6595b64144ccf1df_6.0.19041.488_none_ca04af081b815d21\COMCTL32.dll
0x00007ffdb1f50000 - 0x00007ffdb1f5a000 	C:\WINDOWS\SYSTEM32\VERSION.dll
0x00007ffdb9b20000 - 0x00007ffdb9b50000 	C:\WINDOWS\System32\IMM32.DLL
0x00007ffda4350000 - 0x00007ffda43eb000 	C:\Program Files\Java\jdk-13.0.2\bin\msvcp140.dll
0x00007ffd32dc0000 - 0x00007ffd3391d000 	C:\Program Files\Java\jdk-13.0.2\bin\server\jvm.dll
0x00007ffdb91a0000 - 0x00007ffdb91a8000 	C:\WINDOWS\System32\PSAPI.DLL
0x00007ffdb0100000 - 0x00007ffdb0127000 	C:\WINDOWS\SYSTEM32\WINMM.dll
0x00007ffd9a390000 - 0x00007ffd9a399000 	C:\WINDOWS\SYSTEM32\WSOCK32.dll
0x00007ffdb91d0000 - 0x00007ffdb923b000 	C:\WINDOWS\System32\WS2_32.dll
0x00007ffdb6100000 - 0x00007ffdb6112000 	C:\WINDOWS\SYSTEM32\kernel.appcore.dll
0x00007ffdb3fd0000 - 0x00007ffdb3fe0000 	C:\Program Files\Java\jdk-13.0.2\bin\verify.dll
0x00007ffd96860000 - 0x00007ffd96a44000 	C:\WINDOWS\SYSTEM32\DBGHELP.DLL
0x00007ffd978e0000 - 0x00007ffd9790c000 	C:\WINDOWS\SYSTEM32\dbgcore.DLL
0x00007ffdb8360000 - 0x00007ffdb83e0000 	C:\WINDOWS\System32\bcryptPrimitives.dll
0x00007ffda4b20000 - 0x00007ffda4b46000 	C:\Program Files\Java\jdk-13.0.2\bin\java.dll
0x00007ffda4410000 - 0x00007ffda441e000 	C:\Program Files\Java\jdk-13.0.2\bin\instrument.dll
0x00007ffda5780000 - 0x00007ffda5797000 	C:\Program Files\Java\jdk-13.0.2\bin\zip.dll
0x00007ffdb2da0000 - 0x00007ffdb2daa000 	C:\Program Files\Java\jdk-13.0.2\bin\jimage.dll
0x00007ffdba1c0000 - 0x00007ffdba902000 	C:\WINDOWS\System32\SHELL32.dll
0x00007ffdb6300000 - 0x00007ffdb6a95000 	C:\WINDOWS\SYSTEM32\windows.storage.dll
0x00007ffdb9370000 - 0x00007ffdb96c6000 	C:\WINDOWS\System32\combase.dll
0x00007ffdb7b70000 - 0x00007ffdb7b9c000 	C:\WINDOWS\SYSTEM32\Wldp.dll
0x00007ffdba910000 - 0x00007ffdba9be000 	C:\WINDOWS\System32\SHCORE.dll
0x00007ffdb9cc0000 - 0x00007ffdb9d15000 	C:\WINDOWS\System32\shlwapi.dll
0x00007ffdb8100000 - 0x00007ffdb8126000 	C:\WINDOWS\SYSTEM32\profapi.dll
0x00007ffda4b00000 - 0x00007ffda4b19000 	C:\Program Files\Java\jdk-13.0.2\bin\net.dll
0x00007ffda9f30000 - 0x00007ffdaa030000 	C:\WINDOWS\SYSTEM32\WINHTTP.dll
0x00007ffdb7960000 - 0x00007ffdb79ca000 	C:\WINDOWS\system32\mswsock.dll
0x00007ffda4850000 - 0x00007ffda4863000 	C:\Program Files\Java\jdk-13.0.2\bin\nio.dll
0x00007ffda42f0000 - 0x00007ffda430a000 	D:\Java\IntelliJ IDEA\IntelliJ IDEA 2020.3\bin\breakgen64.dll
0x00007ffd92250000 - 0x00007ffd922b4000 	C:\Users\이호성\AppData\Local\Temp\lwjglHosung\3.2.3-build-13\lwjgl.dll
0x00007ffd3ff50000 - 0x00007ffd401a3000 	C:\Users\이호성\AppData\Local\Temp\lwjglHosung\3.2.3-build-13\jemalloc.dll
0x00007ffd919e0000 - 0x00007ffd91a42000 	C:\Users\이호성\AppData\Local\Temp\lwjglHosung\3.2.3-build-13\glfw.dll
0x00007ffdb5ba0000 - 0x00007ffdb5c3e000 	C:\WINDOWS\system32\uxtheme.dll
0x00007ffda1a70000 - 0x00007ffda1ab5000 	C:\WINDOWS\SYSTEM32\dinput8.dll
0x00007ffdae570000 - 0x00007ffdae581000 	C:\WINDOWS\SYSTEM32\xinput1_4.dll
0x00007ffdb8580000 - 0x00007ffdb85ce000 	C:\WINDOWS\System32\cfgmgr32.dll
0x00007ffdb7f80000 - 0x00007ffdb7fac000 	C:\WINDOWS\SYSTEM32\DEVOBJ.dll
0x00007ffdb5f20000 - 0x00007ffdb5f4f000 	C:\WINDOWS\SYSTEM32\dwmapi.dll
0x00007ffdaddd0000 - 0x00007ffdadf22000 	C:\WINDOWS\SYSTEM32\inputhost.dll
0x00007ffdb96e0000 - 0x00007ffdb97ad000 	C:\WINDOWS\System32\OLEAUT32.dll
0x00007ffdb3aa0000 - 0x00007ffdb3b97000 	C:\WINDOWS\SYSTEM32\PROPSYS.dll
0x00007ffdb4180000 - 0x00007ffdb42d6000 	C:\WINDOWS\SYSTEM32\wintypes.dll
0x00007ffdb5840000 - 0x00007ffdb5932000 	C:\WINDOWS\SYSTEM32\CoreMessaging.dll
0x00007ffdb54e0000 - 0x00007ffdb583e000 	C:\WINDOWS\SYSTEM32\CoreUIComponents.dll
0x00007ffdb6ed0000 - 0x00007ffdb6f03000 	C:\WINDOWS\SYSTEM32\ntmarta.dll
0x00007ffdb8e70000 - 0x00007ffdb8f86000 	C:\WINDOWS\System32\MSCTF.dll
0x00007ffdb6aa0000 - 0x00007ffdb6aad000 	C:\WINDOWS\SYSTEM32\HID.DLL
0x00007ffdb9d20000 - 0x00007ffdba187000 	C:\WINDOWS\System32\SETUPAPI.DLL
0x00007ffdb8900000 - 0x00007ffdb8927000 	C:\WINDOWS\System32\bcrypt.dll
0x00007ffdb85d0000 - 0x00007ffdb8630000 	C:\WINDOWS\System32\WINTRUST.dll
0x00007ffdb8200000 - 0x00007ffdb835d000 	C:\WINDOWS\System32\CRYPT32.dll
0x00007ffdb7dc0000 - 0x00007ffdb7dd2000 	C:\WINDOWS\SYSTEM32\MSASN1.dll

dbghelp: loaded successfully - version: 4.0.5 - missing functions: none
symbol engine: initialized successfully - sym options: 0x614 - pdb path: .;C:\Program Files\Java\jdk-13.0.2\bin;C:\WINDOWS\SYSTEM32;C:\WINDOWS\WinSxS\amd64_microsoft.windows.common-controls_6595b64144ccf1df_6.0.19041.488_none_ca04af081b815d21;C:\Program Files\Java\jdk-13.0.2\bin\server;D:\Java\IntelliJ IDEA\IntelliJ IDEA 2020.3\bin;C:\Users\이호성\AppData\Local\Temp\lwjglHosung\3.2.3-build;C:\Users\이호성\AppData\Local\Temp\lwjglHosung\3.2.3-bu

VM Arguments:
jvm_args: -javaagent:D:\Java\IntelliJ IDEA\IntelliJ IDEA 2020.3\lib\idea_rt.jar=59167:D:\Java\IntelliJ IDEA\IntelliJ IDEA 2020.3\bin -Dfile.encoding=UTF-8 
java_command: MainKt
java_class_path (initial): D:\Git_workspace\MN_Study\out\production\MN_Study;D:\Java\IntelliJ IDEA\IntelliJ IDEA 2020.3\plugins\Kotlin\kotlinc\lib\kotlin-stdlib.jar;D:\Java\IntelliJ IDEA\IntelliJ IDEA 2020.3\plugins\Kotlin\kotlinc\lib\kotlin-reflect.jar;D:\Java\IntelliJ IDEA\IntelliJ IDEA 2020.3\plugins\Kotlin\kotlinc\lib\kotlin-test.jar;D:\Git_workspace\MN_Study\lib\lwjgl-assimp-natives-windows.jar;D:\Git_workspace\MN_Study\lib\lwjgl-assimp.jar;D:\Git_workspace\MN_Study\lib\lwjgl-bgfx-natives-windows.jar;D:\Git_workspace\MN_Study\lib\lwjgl-bgfx.jar;D:\Git_workspace\MN_Study\lib\lwjgl-cuda.jar;D:\Git_workspace\MN_Study\lib\lwjgl-egl.jar;D:\Git_workspace\MN_Study\lib\lwjgl-glfw-natives-windows.jar;D:\Git_workspace\MN_Study\lib\lwjgl-glfw.jar;D:\Git_workspace\MN_Study\lib\lwjgl-jawt.jar;D:\Git_workspace\MN_Study\lib\lwjgl-jemalloc-natives-windows.jar;D:\Git_workspace\MN_Study\lib\lwjgl-jemalloc.jar;D:\Git_workspace\MN_Study\lib\lwjgl-libdivide-natives-windows.jar;D:\Git_workspace\MN_Study\lib\lwjgl-libdivide.jar;D:\Git_workspace\MN_Study\lib\lwjgl-llvm-natives-windows.jar;D:\Git_workspace\MN_Study\lib\lwjgl-llvm.jar;D:\Git_workspace\MN_Study\lib\lwjgl-lmdb-natives-windows.jar;D:\Git_workspace\MN_Study\lib\lwjgl-lmdb.jar;D:\Git_workspace\MN_Study\lib\lwjgl-lz4-natives-windows.jar;D:\Git_workspace\MN_Study\lib\lwjgl-lz4.jar;D:\Git_workspace\MN_Study\lib\lwjgl-meow-natives-windows.jar;D:\Git_workspace\MN_Study\lib\lwjgl-meow.jar;D:\Git_workspace\MN_Study\lib\lwjgl-nanovg-natives-windows.jar;D:\Git_workspace\MN_Study\lib\lwjgl-nanovg.jar;D:\Git_workspace\MN_Study\lib\lwjgl-natives-windows.jar;D:\Git_workspace\MN_Study\lib\lwjgl-nfd-natives-windows.jar;D:\Git_workspace\MN_Study\lib\lwjgl-nfd.jar;D:\Git_workspace\MN_Study\lib\lwjgl-nuklear-natives-windows.jar;D:\Git_workspace\MN_Study\lib\lwjgl-nuklear.jar;D:\Git_workspace\MN_Study\lib\lwjgl-odbc.jar;D:\Git_workspace\MN_Study\lib\lwjgl-openal-natives-windows.jar;D:\Git_workspace\MN_Study\lib\lwjgl-openal.jar;D:\Git_worksp
Launcher Type: SUN_STANDARD

[Global flags]
     intx CICompilerCount                          = 3                                         {product} {ergonomic}
     uint ConcGCThreads                            = 2                                         {product} {ergonomic}
     uint G1ConcRefinementThreads                  = 6                                         {product} {ergonomic}
   size_t G1HeapRegionSize                         = 1048576                                   {product} {ergonomic}
    uintx GCDrainStackTargetSize                   = 64                                        {product} {ergonomic}
   size_t InitialHeapSize                          = 402653184                                 {product} {ergonomic}
   size_t MarkStackSize                            = 4194304                                   {product} {ergonomic}
   size_t MaxHeapSize                              = 6429868032                                {product} {ergonomic}
   size_t MaxNewSize                               = 3857711104                                {product} {ergonomic}
   size_t MinHeapDeltaBytes                        = 1048576                                   {product} {ergonomic}
   size_t MinHeapSize                              = 8388608                                   {product} {ergonomic}
    uintx NonNMethodCodeHeapSize                   = 5832780                                {pd product} {ergonomic}
    uintx NonProfiledCodeHeapSize                  = 122912730                              {pd product} {ergonomic}
    uintx ProfiledCodeHeapSize                     = 122912730                              {pd product} {ergonomic}
    uintx ReservedCodeCacheSize                    = 251658240                              {pd product} {ergonomic}
     bool SegmentedCodeCache                       = true                                      {product} {ergonomic}
   size_t SoftMaxHeapSize                          = 6429868032                             {manageable} {ergonomic}
     bool UseCompressedClassPointers               = true                                 {lp64_product} {ergonomic}
     bool UseCompressedOops                        = true                                 {lp64_product} {ergonomic}
     bool UseG1GC                                  = true                                      {product} {ergonomic}
     bool UseLargePagesIndividualAllocation        = false                                  {pd product} {ergonomic}

Logging:
Log output configuration:
 #0: stdout all=warning uptime,level,tags
 #1: stderr all=off uptime,level,tags

Environment Variables:
PATH=C:\Python\Python38\Scripts\;C:\Python\Python38\;C:\Program Files (x86)\Common Files\Oracle\Java\javapath;C:\WINDOWS\system32;C:\WINDOWS;C:\WINDOWS\System32\Wbem;C:\WINDOWS\System32\WindowsPowerShell\v1.0\;C:\WINDOWS\System32\OpenSSH\;C:\Program Files (x86)\NVIDIA Corporation\PhysX\Common;C:\Program Files\NVIDIA Corporation\NVIDIA NvDLISR;C:\Program Files\Microsoft SQL Server\Client SDK\ODBC\110\Tools\Binn\;C:\Program Files (x86)\Microsoft SQL Server\120\Tools\Binn\;C:\Program Files\Microsoft SQL Server\120\Tools\Binn\;C:\Program Files\Microsoft SQL Server\120\DTS\Binn\;C:\Program Files (x86)\Windows Kits\8.1\Windows Performance Toolkit\;C:\Program Files\Java\jdk-13.0.2\bin;C:\Program Files (x86)\GNU Arm Embedded Toolchain\9 2020-q2-update\bin;C:\MinGW\bin;C:\Program Files (x86)\STMicroelectronics\STM32 ST-LINK Utility\ST-LINK Utility;C:\Program Files\dotnet\;C:\Program Files (x86)\dotnet\;C:\Program Files\Git\cmd;C:\WINDOWS\system32;C:\WINDOWS;C:\WINDOWS\System32\Wbem;C:\WINDOWS\System32\WindowsPowerShell\v1.0\;C:\WINDOWS\System32\OpenSSH\;C:\Users\이호성\AppData\Local\Microsoft\WindowsApps;C:\Program Files\Bandizip\;C:\Users\이호성\.dotnet\tools;D:\Java\IntelliJ IDEA\IntelliJ IDEA 2020.3\bin;;
USERNAME=Hosung
OS=Windows_NT
PROCESSOR_IDENTIFIER=Intel64 Family 6 Model 158 Stepping 10, GenuineIntel



---------------  S Y S T E M  ---------------

OS: Windows 10 , 64 bit Build 19041 (10.0.19041.662)
HyperV virtualization detected

CPU:total 6 (initial active 6) (6 cores per cpu, 1 threads per core) family 6 model 158 stepping 10, cmov, cx8, fxsr, mmx, sse, sse2, sse3, ssse3, sse4.1, sse4.2, popcnt, avx, avx2, aes, clmul, erms, rtm, 3dnowpref, lzcnt, tsc, tscinvbit, bmi1, bmi2, adx, fma

Memory: 4k page, system-wide physical 24527M (13637M free)
TotalPageFile size 29596M (AvailPageFile size 11894M)
current process WorkingSet (physical memory assigned to process): 74M, peak: 74M
current process commit charge ("private bytes"): 498M, peak: 498M

vm_info: Java HotSpot(TM) 64-Bit Server VM (13.0.2+8) for windows-amd64 JRE (13.0.2+8), built on Dec 11 2019 09:20:33 by "mach5one" with unknown MS VC++:1916

END.
