#
# A fatal error has been detected by the Java Runtime Environment:
#
#  EXCEPTION_ACCESS_VIOLATION (0xc0000005) at pc=0x00007ffd8dd06490, pid=20260, tid=22456
#
# JRE version: Java(TM) SE Runtime Environment (13.0.2+8) (build 13.0.2+8)
# Java VM: Java HotSpot(TM) 64-Bit Server VM (13.0.2+8, mixed mode, sharing, tiered, compressed oops, g1 gc, windows-amd64)
# Problematic frame:
# C  [glfw.dll+0x6490]
#
# No core dump will be written. Minidumps are not enabled by default on client versions of Windows
#
# If you would like to submit a bug report, please visit:
#   http://bugreport.java.com/bugreport/crash.jsp
# The crash happened outside the Java Virtual Machine in native code.
# See problematic frame for where to report the bug.
#

---------------  S U M M A R Y ------------

Command Line: -javaagent:D:\Java\IntelliJ IDEA\IntelliJ IDEA 2020.3\lib\idea_rt.jar=59102:D:\Java\IntelliJ IDEA\IntelliJ IDEA 2020.3\bin -Dfile.encoding=UTF-8 HS_mainKt

Host: Intel(R) Core(TM) i5-8600K CPU @ 3.60GHz, 6 cores, 23G,  Windows 10 , 64 bit Build 19041 (10.0.19041.662)
Time: Wed Dec 16 16:44:52 2020 대한민국 표준시 elapsed time: 1 seconds (0d 0h 0m 1s)

---------------  T H R E A D  ---------------

Current thread (0x0000014615b7f000):  JavaThread "main" [_thread_in_native, id=22456, stack(0x0000001168400000,0x0000001168500000)]

Stack: [0x0000001168400000,0x0000001168500000],  sp=0x00000011684ff080,  free space=1020k
Native frames: (J=compiled Java code, j=interpreted, Vv=VM code, C=native code)
C  [glfw.dll+0x6490]

Java frames: (J=compiled Java code, j=interpreted, Vv=VM code)
j  org.lwjgl.system.JNI.invokePV(JJ)V+0
j  org.lwjgl.glfw.GLFW.glfwDestroyWindow(J)V+6
j  HS_mainKt.main()V+74
j  HS_mainKt.main([Ljava/lang/String;)V+0
v  ~StubRoutines::call_stub

siginfo: EXCEPTION_ACCESS_VIOLATION (0xc0000005), reading address 0x0000000000000000


Register to memory mapping:

RIP=0x00007ffd8dd06490 glfw.dll
RAX=0x0 is NULL
RBX=0x0000014641507b00 points into unknown readable memory: 20 3b 81 4a 46 01 00 00
RCX=0x0 is NULL
RDX=0x00007ffd8dd57ee0 glfw.dll
RSP=0x00000011684ff080 is pointing into the stack for thread: 0x0000014615b7f000
RBP=0x00000011684ff138 is pointing into the stack for thread: 0x0000014615b7f000
RSI=0x0000000000000148 is an unknown value
RDI=0x000001461f869c80 is at code_begin+832 in an Interpreter codelet
invoke return entry points  [0x000001461f869940, 0x000001461f86a360]  2592 bytes
R8 =0x0000014641507b00 points into unknown readable memory: 20 3b 81 4a 46 01 00 00
R9 =0x00007ffd8dd063e0 glfw.dll
R10=0x000001461f86f4c8 is at code_begin+1000 in an Interpreter codelet
method entry point (kind = native)  [0x000001461f86f0e0, 0x000001461f86fc40]  2912 bytes
R11=0x000000069730b1c8 is an oop: java.lang.Class 
{0x000000069730b1c8} - klass: 'java/lang/Class'
R12=0x0 is NULL
R13={method} {0x00000146403e6e48} 'invokePV' '(JJ)V' in 'org/lwjgl/system/JNI'
R14=0x00000011684ff170 is pointing into the stack for thread: 0x0000014615b7f000
R15=0x0000014615b7f000 is a thread


Registers:
RAX=0x0000000000000000, RBX=0x0000014641507b00, RCX=0x0000000000000000, RDX=0x00007ffd8dd57ee0
RSP=0x00000011684ff080, RBP=0x00000011684ff138, RSI=0x0000000000000148, RDI=0x000001461f869c80
R8 =0x0000014641507b00, R9 =0x00007ffd8dd063e0, R10=0x000001461f86f4c8, R11=0x000000069730b1c8
R12=0x0000000000000000, R13=0x00000146403e6e40, R14=0x00000011684ff170, R15=0x0000014615b7f000
RIP=0x00007ffd8dd06490, EFLAGS=0x0000000000010287

Top of Stack: (sp=0x00000011684ff080)
0x00000011684ff080:   0000014641507b00 000001461f86fb6d
0x00000011684ff090:   0000000000000000 0000000000000000
0x00000011684ff0a0:   00000146403e6e40 000001461f86f4f7
0x00000011684ff0b0:   00007ffd8dd03870 00007ffd5e8f0000
0x00000011684ff0c0:   0000000000000000 0000000000000000
0x00000011684ff0d0:   00007ffd5e8fa7a0 00007ffd5e91396a
0x00000011684ff0e0:   00000011684ff0e0 0000000000000000
0x00000011684ff0f0:   00000011684ff0f0 0000000000000000
0x00000011684ff100:   00000011684ff170 0000014640412798
0x00000011684ff110:   0000000000000000 000000069730b1c8
0x00000011684ff120:   00000146403e6e40 0000000000000000
0x00000011684ff130:   00000011684ff158 00000011684ff1c0
0x00000011684ff140:   000001461f86a273 000000069730b1c8
0x00000011684ff150:   000001461f86c418 00007ffd8dd063e0
0x00000011684ff160:   0000000000000000 0000014641507b00
0x00000011684ff170:   0000000000000000 00000011684ff178 

Instructions: (pc=0x00007ffd8dd06490)
0x00007ffd8dd06390:   18 00 00 00 66 0f 6f 05 c4 02 04 00 f3 0f 7f 05
0x00007ffd8dd063a0:   64 17 05 00 c7 05 6e 17 05 00 08 00 00 00 c7 05
0x00007ffd8dd063b0:   88 17 05 00 01 00 00 00 c7 05 06 1b 05 00 ff ff
0x00007ffd8dd063c0:   ff ff c7 05 bc 17 05 00 01 00 00 00 48 83 c4 28
0x00007ffd8dd063d0:   c3 cc cc cc cc cc cc cc cc cc cc cc cc cc cc cc
0x00007ffd8dd063e0:   40 53 48 83 ec 20 83 3d 03 17 05 00 00 48 8b d9
0x00007ffd8dd063f0:   75 11 33 d2 b9 01 00 01 00 48 83 c4 20 5b e9 5d
0x00007ffd8dd06400:   b8 ff ff 48 85 db 0f 84 a5 00 00 00 0f 57 c0 33
0x00007ffd8dd06410:   c0 0f 11 81 c0 02 00 00 0f 11 81 d0 02 00 00 0f
0x00007ffd8dd06420:   11 81 e0 02 00 00 0f 11 81 f0 02 00 00 0f 11 81
0x00007ffd8dd06430:   00 03 00 00 0f 11 81 10 03 00 00 0f 11 81 20 03
0x00007ffd8dd06440:   00 00 0f 11 81 30 03 00 00 48 89 81 40 03 00 00
0x00007ffd8dd06450:   48 8d 0d 35 25 05 00 e8 54 47 00 00 48 3b d8 75
0x00007ffd8dd06460:   07 33 c9 e8 48 b6 ff ff 48 8b cb e8 80 4a 00 00
0x00007ffd8dd06470:   48 8b 0d 69 1a 05 00 48 8d 15 62 1a 05 00 48 3b
0x00007ffd8dd06480:   cb 74 1b 0f 1f 40 00 66 0f 1f 84 00 00 00 00 00
0x00007ffd8dd06490:   48 8b 01 48 8b d1 48 8b c8 48 3b c3 75 f2 48 8b
0x00007ffd8dd064a0:   03 48 8b cb 48 89 02 48 83 c4 20 5b e9 97 27 01
0x00007ffd8dd064b0:   00 48 83 c4 20 5b c3 cc cc cc cc cc cc cc cc cc
0x00007ffd8dd064c0:   83 3d 29 16 05 00 00 75 0c 33 d2 b9 01 00 01 00
0x00007ffd8dd064d0:   e9 8b b7 ff ff e9 d6 4a 00 00 cc cc cc cc cc cc
0x00007ffd8dd064e0:   33 c0 48 85 d2 74 02 89 02 4d 85 c0 74 03 41 89
0x00007ffd8dd064f0:   00 39 05 f9 15 05 00 75 0c 33 d2 b9 01 00 01 00
0x00007ffd8dd06500:   e9 5b b7 ff ff e9 96 4c 00 00 cc cc cc cc cc cc
0x00007ffd8dd06510:   48 83 ec 28 83 3d d5 15 05 00 00 75 13 33 d2 b9
0x00007ffd8dd06520:   01 00 01 00 e8 37 b7 ff ff 33 c0 48 83 c4 28 c3
0x00007ffd8dd06530:   81 fa 01 20 02 00 0f 8f 94 00 00 00 0f 84 83 00
0x00007ffd8dd06540:   00 00 8d 82 ff ff fd ff 83 f8 0b 0f 87 12 01 00
0x00007ffd8dd06550:   00 48 98 4c 8d 05 a6 9a ff ff 41 8b 84 80 80 66
0x00007ffd8dd06560:   00 00 49 03 c0 ff e0 48 83 c4 28 e9 50 60 00 00
0x00007ffd8dd06570:   48 83 c4 28 e9 87 60 00 00 48 83 c4 28 e9 9e 60
0x00007ffd8dd06580:   00 00 48 83 c4 28 e9 85 60 00 00 48 83 c4 28 e9 


Stack slot to memory mapping:
stack at sp + 0 slots: 0x0000014641507b00 points into unknown readable memory: 20 3b 81 4a 46 01 00 00
stack at sp + 1 slots: 0x000001461f86fb6d is at code_begin+2701 in an Interpreter codelet
method entry point (kind = native)  [0x000001461f86f0e0, 0x000001461f86fc40]  2912 bytes
stack at sp + 2 slots: 0x0 is NULL
stack at sp + 3 slots: 0x0 is NULL
stack at sp + 4 slots: {method} {0x00000146403e6e48} 'invokePV' '(JJ)V' in 'org/lwjgl/system/JNI'
stack at sp + 5 slots: 0x000001461f86f4f7 is at code_begin+1047 in an Interpreter codelet
method entry point (kind = native)  [0x000001461f86f0e0, 0x000001461f86fc40]  2912 bytes
stack at sp + 6 slots: 0x00007ffd8dd03870 glfw.dll
stack at sp + 7 slots: 0x00007ffd5e8f0000 opengl32.dll


---------------  P R O C E S S  ---------------

Threads class SMR info:
_java_thread_list=0x0000014641c05a20, length=12, elements={
0x0000014615b7f000, 0x000001463ff31000, 0x000001463ff34000, 0x0000014640875800,
0x0000014640876800, 0x0000014640878000, 0x0000014640879800, 0x0000014640888000,
0x00000146409e2000, 0x0000014640ab6800, 0x0000014640ab7800, 0x0000014641c49000
}

Java Threads: ( => current thread )
=>0x0000014615b7f000 JavaThread "main" [_thread_in_native, id=22456, stack(0x0000001168400000,0x0000001168500000)]
  0x000001463ff31000 JavaThread "Reference Handler" daemon [_thread_blocked, id=20360, stack(0x0000001168b00000,0x0000001168c00000)]
  0x000001463ff34000 JavaThread "Finalizer" daemon [_thread_blocked, id=12920, stack(0x0000001168c00000,0x0000001168d00000)]
  0x0000014640875800 JavaThread "Signal Dispatcher" daemon [_thread_blocked, id=11728, stack(0x0000001168d00000,0x0000001168e00000)]
  0x0000014640876800 JavaThread "Attach Listener" daemon [_thread_blocked, id=1868, stack(0x0000001168e00000,0x0000001168f00000)]
  0x0000014640878000 JavaThread "C2 CompilerThread0" daemon [_thread_blocked, id=21772, stack(0x0000001168f00000,0x0000001169000000)]
  0x0000014640879800 JavaThread "C1 CompilerThread0" daemon [_thread_blocked, id=8836, stack(0x0000001169000000,0x0000001169100000)]
  0x0000014640888000 JavaThread "Sweeper thread" daemon [_thread_blocked, id=12324, stack(0x0000001169100000,0x0000001169200000)]
  0x00000146409e2000 JavaThread "Common-Cleaner" daemon [_thread_blocked, id=8016, stack(0x0000001169200000,0x0000001169300000)]
  0x0000014640ab6800 JavaThread "Monitor Ctrl-Break" daemon [_thread_in_native, id=4992, stack(0x0000001169400000,0x0000001169500000)]
  0x0000014640ab7800 JavaThread "Service Thread" daemon [_thread_blocked, id=22424, stack(0x0000001169500000,0x0000001169600000)]
  0x0000014641c49000 JavaThread "C2 CompilerThread1" daemon [_thread_blocked, id=13692, stack(0x000000116a200000,0x000000116a300000)]

Other Threads:
  0x000001463ff2d000 VMThread "VM Thread" [stack: 0x0000001168a00000,0x0000001168b00000] [id=16832]
  0x0000014640dfb000 WatcherThread [stack: 0x0000001169600000,0x0000001169700000] [id=5252]
  0x0000014615c12800 GCTaskThread "GC Thread#0" [stack: 0x0000001168500000,0x0000001168600000] [id=7184]
  0x0000014641c21000 GCTaskThread "GC Thread#1" [stack: 0x0000001169300000,0x0000001169400000] [id=19736]
  0x0000014641c22000 GCTaskThread "GC Thread#2" [stack: 0x0000001169e00000,0x0000001169f00000] [id=22912]
  0x0000014641c22800 GCTaskThread "GC Thread#3" [stack: 0x0000001169f00000,0x000000116a000000] [id=22624]
  0x0000014641c29800 GCTaskThread "GC Thread#4" [stack: 0x000000116a000000,0x000000116a100000] [id=6312]
  0x0000014641c2a000 GCTaskThread "GC Thread#5" [stack: 0x000000116a100000,0x000000116a200000] [id=11880]
  0x0000014615c44000 ConcurrentGCThread "G1 Main Marker" [stack: 0x0000001168600000,0x0000001168700000] [id=24160]
  0x0000014615c45800 ConcurrentGCThread "G1 Conc#0" [stack: 0x0000001168700000,0x0000001168800000] [id=20664]
  0x000001463fec4000 ConcurrentGCThread "G1 Refine#0" [stack: 0x0000001168800000,0x0000001168900000] [id=24344]
  0x000001463fec6000 ConcurrentGCThread "G1 Young RemSet Sampling" [stack: 0x0000001168900000,0x0000001168a00000] [id=9524]

Threads with active compile tasks:

VM state:not at safepoint (normal execution)

VM Mutex/Monitor currently owned by a thread: None

Heap address: 0x0000000680c00000, size: 6132 MB, Compressed Oops mode: Zero based, Oop shift amount: 3
Narrow klass base: 0x0000000800000000, Narrow klass shift: 3
Compressed class space size: 1073741824 Address: 0x0000000800b40000

Heap:
 garbage-first heap   total 393216K, used 23282K [0x0000000680c00000, 0x0000000800000000)
  region size 1024K, 24 young (24576K), 3 survivors (3072K)
 Metaspace       used 6243K, capacity 8725K, committed 8832K, reserved 1056768K
  class space    used 345K, capacity 616K, committed 640K, reserved 1048576K
Heap Regions: E=young(eden), S=young(survivor), O=old, HS=humongous(starts), HC=humongous(continues), CS=collection set, F=free, A=archive, TAMS=top-at-mark-start (previous, next)
|   0|0x0000000680c00000, 0x0000000680c00000, 0x0000000680d00000|  0%| F|  |TAMS 0x0000000680c00000, 0x0000000680c00000| Untracked 
|   1|0x0000000680d00000, 0x0000000680d00000, 0x0000000680e00000|  0%| F|  |TAMS 0x0000000680d00000, 0x0000000680d00000| Untracked 
|   2|0x0000000680e00000, 0x0000000680e00000, 0x0000000680f00000|  0%| F|  |TAMS 0x0000000680e00000, 0x0000000680e00000| Untracked 
|   3|0x0000000680f00000, 0x0000000680f00000, 0x0000000681000000|  0%| F|  |TAMS 0x0000000680f00000, 0x0000000680f00000| Untracked 
|   4|0x0000000681000000, 0x0000000681000000, 0x0000000681100000|  0%| F|  |TAMS 0x0000000681000000, 0x0000000681000000| Untracked 
|   5|0x0000000681100000, 0x0000000681100000, 0x0000000681200000|  0%| F|  |TAMS 0x0000000681100000, 0x0000000681100000| Untracked 
|   6|0x0000000681200000, 0x0000000681200000, 0x0000000681300000|  0%| F|  |TAMS 0x0000000681200000, 0x0000000681200000| Untracked 
|   7|0x0000000681300000, 0x0000000681300000, 0x0000000681400000|  0%| F|  |TAMS 0x0000000681300000, 0x0000000681300000| Untracked 
|   8|0x0000000681400000, 0x0000000681400000, 0x0000000681500000|  0%| F|  |TAMS 0x0000000681400000, 0x0000000681400000| Untracked 
|   9|0x0000000681500000, 0x0000000681500000, 0x0000000681600000|  0%| F|  |TAMS 0x0000000681500000, 0x0000000681500000| Untracked 
|  10|0x0000000681600000, 0x0000000681600000, 0x0000000681700000|  0%| F|  |TAMS 0x0000000681600000, 0x0000000681600000| Untracked 
|  11|0x0000000681700000, 0x0000000681700000, 0x0000000681800000|  0%| F|  |TAMS 0x0000000681700000, 0x0000000681700000| Untracked 
|  12|0x0000000681800000, 0x0000000681800000, 0x0000000681900000|  0%| F|  |TAMS 0x0000000681800000, 0x0000000681800000| Untracked 
|  13|0x0000000681900000, 0x0000000681900000, 0x0000000681a00000|  0%| F|  |TAMS 0x0000000681900000, 0x0000000681900000| Untracked 
|  14|0x0000000681a00000, 0x0000000681a00000, 0x0000000681b00000|  0%| F|  |TAMS 0x0000000681a00000, 0x0000000681a00000| Untracked 
|  15|0x0000000681b00000, 0x0000000681b00000, 0x0000000681c00000|  0%| F|  |TAMS 0x0000000681b00000, 0x0000000681b00000| Untracked 
|  16|0x0000000681c00000, 0x0000000681c00000, 0x0000000681d00000|  0%| F|  |TAMS 0x0000000681c00000, 0x0000000681c00000| Untracked 
|  17|0x0000000681d00000, 0x0000000681d00000, 0x0000000681e00000|  0%| F|  |TAMS 0x0000000681d00000, 0x0000000681d00000| Untracked 
|  18|0x0000000681e00000, 0x0000000681e00000, 0x0000000681f00000|  0%| F|  |TAMS 0x0000000681e00000, 0x0000000681e00000| Untracked 
|  19|0x0000000681f00000, 0x0000000681f00000, 0x0000000682000000|  0%| F|  |TAMS 0x0000000681f00000, 0x0000000681f00000| Untracked 
|  20|0x0000000682000000, 0x0000000682000000, 0x0000000682100000|  0%| F|  |TAMS 0x0000000682000000, 0x0000000682000000| Untracked 
|  21|0x0000000682100000, 0x0000000682100000, 0x0000000682200000|  0%| F|  |TAMS 0x0000000682100000, 0x0000000682100000| Untracked 
|  22|0x0000000682200000, 0x0000000682200000, 0x0000000682300000|  0%| F|  |TAMS 0x0000000682200000, 0x0000000682200000| Untracked 
|  23|0x0000000682300000, 0x0000000682300000, 0x0000000682400000|  0%| F|  |TAMS 0x0000000682300000, 0x0000000682300000| Untracked 
|  24|0x0000000682400000, 0x0000000682400000, 0x0000000682500000|  0%| F|  |TAMS 0x0000000682400000, 0x0000000682400000| Untracked 
|  25|0x0000000682500000, 0x0000000682500000, 0x0000000682600000|  0%| F|  |TAMS 0x0000000682500000, 0x0000000682500000| Untracked 
|  26|0x0000000682600000, 0x0000000682600000, 0x0000000682700000|  0%| F|  |TAMS 0x0000000682600000, 0x0000000682600000| Untracked 
|  27|0x0000000682700000, 0x0000000682700000, 0x0000000682800000|  0%| F|  |TAMS 0x0000000682700000, 0x0000000682700000| Untracked 
|  28|0x0000000682800000, 0x0000000682800000, 0x0000000682900000|  0%| F|  |TAMS 0x0000000682800000, 0x0000000682800000| Untracked 
|  29|0x0000000682900000, 0x0000000682900000, 0x0000000682a00000|  0%| F|  |TAMS 0x0000000682900000, 0x0000000682900000| Untracked 
|  30|0x0000000682a00000, 0x0000000682a00000, 0x0000000682b00000|  0%| F|  |TAMS 0x0000000682a00000, 0x0000000682a00000| Untracked 
|  31|0x0000000682b00000, 0x0000000682b00000, 0x0000000682c00000|  0%| F|  |TAMS 0x0000000682b00000, 0x0000000682b00000| Untracked 
|  32|0x0000000682c00000, 0x0000000682c00000, 0x0000000682d00000|  0%| F|  |TAMS 0x0000000682c00000, 0x0000000682c00000| Untracked 
|  33|0x0000000682d00000, 0x0000000682d00000, 0x0000000682e00000|  0%| F|  |TAMS 0x0000000682d00000, 0x0000000682d00000| Untracked 
|  34|0x0000000682e00000, 0x0000000682e00000, 0x0000000682f00000|  0%| F|  |TAMS 0x0000000682e00000, 0x0000000682e00000| Untracked 
|  35|0x0000000682f00000, 0x0000000682f00000, 0x0000000683000000|  0%| F|  |TAMS 0x0000000682f00000, 0x0000000682f00000| Untracked 
|  36|0x0000000683000000, 0x0000000683000000, 0x0000000683100000|  0%| F|  |TAMS 0x0000000683000000, 0x0000000683000000| Untracked 
|  37|0x0000000683100000, 0x0000000683100000, 0x0000000683200000|  0%| F|  |TAMS 0x0000000683100000, 0x0000000683100000| Untracked 
|  38|0x0000000683200000, 0x0000000683200000, 0x0000000683300000|  0%| F|  |TAMS 0x0000000683200000, 0x0000000683200000| Untracked 
|  39|0x0000000683300000, 0x0000000683300000, 0x0000000683400000|  0%| F|  |TAMS 0x0000000683300000, 0x0000000683300000| Untracked 
|  40|0x0000000683400000, 0x0000000683400000, 0x0000000683500000|  0%| F|  |TAMS 0x0000000683400000, 0x0000000683400000| Untracked 
|  41|0x0000000683500000, 0x0000000683500000, 0x0000000683600000|  0%| F|  |TAMS 0x0000000683500000, 0x0000000683500000| Untracked 
|  42|0x0000000683600000, 0x0000000683600000, 0x0000000683700000|  0%| F|  |TAMS 0x0000000683600000, 0x0000000683600000| Untracked 
|  43|0x0000000683700000, 0x0000000683700000, 0x0000000683800000|  0%| F|  |TAMS 0x0000000683700000, 0x0000000683700000| Untracked 
|  44|0x0000000683800000, 0x0000000683800000, 0x0000000683900000|  0%| F|  |TAMS 0x0000000683800000, 0x0000000683800000| Untracked 
|  45|0x0000000683900000, 0x0000000683900000, 0x0000000683a00000|  0%| F|  |TAMS 0x0000000683900000, 0x0000000683900000| Untracked 
|  46|0x0000000683a00000, 0x0000000683a00000, 0x0000000683b00000|  0%| F|  |TAMS 0x0000000683a00000, 0x0000000683a00000| Untracked 
|  47|0x0000000683b00000, 0x0000000683b00000, 0x0000000683c00000|  0%| F|  |TAMS 0x0000000683b00000, 0x0000000683b00000| Untracked 
|  48|0x0000000683c00000, 0x0000000683c00000, 0x0000000683d00000|  0%| F|  |TAMS 0x0000000683c00000, 0x0000000683c00000| Untracked 
|  49|0x0000000683d00000, 0x0000000683d00000, 0x0000000683e00000|  0%| F|  |TAMS 0x0000000683d00000, 0x0000000683d00000| Untracked 
|  50|0x0000000683e00000, 0x0000000683e00000, 0x0000000683f00000|  0%| F|  |TAMS 0x0000000683e00000, 0x0000000683e00000| Untracked 
|  51|0x0000000683f00000, 0x0000000683f00000, 0x0000000684000000|  0%| F|  |TAMS 0x0000000683f00000, 0x0000000683f00000| Untracked 
|  52|0x0000000684000000, 0x0000000684000000, 0x0000000684100000|  0%| F|  |TAMS 0x0000000684000000, 0x0000000684000000| Untracked 
|  53|0x0000000684100000, 0x0000000684100000, 0x0000000684200000|  0%| F|  |TAMS 0x0000000684100000, 0x0000000684100000| Untracked 
|  54|0x0000000684200000, 0x0000000684200000, 0x0000000684300000|  0%| F|  |TAMS 0x0000000684200000, 0x0000000684200000| Untracked 
|  55|0x0000000684300000, 0x0000000684300000, 0x0000000684400000|  0%| F|  |TAMS 0x0000000684300000, 0x0000000684300000| Untracked 
|  56|0x0000000684400000, 0x0000000684400000, 0x0000000684500000|  0%| F|  |TAMS 0x0000000684400000, 0x0000000684400000| Untracked 
|  57|0x0000000684500000, 0x0000000684500000, 0x0000000684600000|  0%| F|  |TAMS 0x0000000684500000, 0x0000000684500000| Untracked 
|  58|0x0000000684600000, 0x0000000684600000, 0x0000000684700000|  0%| F|  |TAMS 0x0000000684600000, 0x0000000684600000| Untracked 
|  59|0x0000000684700000, 0x0000000684700000, 0x0000000684800000|  0%| F|  |TAMS 0x0000000684700000, 0x0000000684700000| Untracked 
|  60|0x0000000684800000, 0x0000000684800000, 0x0000000684900000|  0%| F|  |TAMS 0x0000000684800000, 0x0000000684800000| Untracked 
|  61|0x0000000684900000, 0x0000000684900000, 0x0000000684a00000|  0%| F|  |TAMS 0x0000000684900000, 0x0000000684900000| Untracked 
|  62|0x0000000684a00000, 0x0000000684a00000, 0x0000000684b00000|  0%| F|  |TAMS 0x0000000684a00000, 0x0000000684a00000| Untracked 
|  63|0x0000000684b00000, 0x0000000684b00000, 0x0000000684c00000|  0%| F|  |TAMS 0x0000000684b00000, 0x0000000684b00000| Untracked 
|  64|0x0000000684c00000, 0x0000000684c00000, 0x0000000684d00000|  0%| F|  |TAMS 0x0000000684c00000, 0x0000000684c00000| Untracked 
|  65|0x0000000684d00000, 0x0000000684d00000, 0x0000000684e00000|  0%| F|  |TAMS 0x0000000684d00000, 0x0000000684d00000| Untracked 
|  66|0x0000000684e00000, 0x0000000684e00000, 0x0000000684f00000|  0%| F|  |TAMS 0x0000000684e00000, 0x0000000684e00000| Untracked 
|  67|0x0000000684f00000, 0x0000000684f00000, 0x0000000685000000|  0%| F|  |TAMS 0x0000000684f00000, 0x0000000684f00000| Untracked 
|  68|0x0000000685000000, 0x0000000685000000, 0x0000000685100000|  0%| F|  |TAMS 0x0000000685000000, 0x0000000685000000| Untracked 
|  69|0x0000000685100000, 0x0000000685100000, 0x0000000685200000|  0%| F|  |TAMS 0x0000000685100000, 0x0000000685100000| Untracked 
|  70|0x0000000685200000, 0x0000000685200000, 0x0000000685300000|  0%| F|  |TAMS 0x0000000685200000, 0x0000000685200000| Untracked 
|  71|0x0000000685300000, 0x0000000685300000, 0x0000000685400000|  0%| F|  |TAMS 0x0000000685300000, 0x0000000685300000| Untracked 
|  72|0x0000000685400000, 0x0000000685400000, 0x0000000685500000|  0%| F|  |TAMS 0x0000000685400000, 0x0000000685400000| Untracked 
|  73|0x0000000685500000, 0x0000000685500000, 0x0000000685600000|  0%| F|  |TAMS 0x0000000685500000, 0x0000000685500000| Untracked 
|  74|0x0000000685600000, 0x0000000685600000, 0x0000000685700000|  0%| F|  |TAMS 0x0000000685600000, 0x0000000685600000| Untracked 
|  75|0x0000000685700000, 0x0000000685700000, 0x0000000685800000|  0%| F|  |TAMS 0x0000000685700000, 0x0000000685700000| Untracked 
|  76|0x0000000685800000, 0x0000000685800000, 0x0000000685900000|  0%| F|  |TAMS 0x0000000685800000, 0x0000000685800000| Untracked 
|  77|0x0000000685900000, 0x0000000685900000, 0x0000000685a00000|  0%| F|  |TAMS 0x0000000685900000, 0x0000000685900000| Untracked 
|  78|0x0000000685a00000, 0x0000000685a00000, 0x0000000685b00000|  0%| F|  |TAMS 0x0000000685a00000, 0x0000000685a00000| Untracked 
|  79|0x0000000685b00000, 0x0000000685b00000, 0x0000000685c00000|  0%| F|  |TAMS 0x0000000685b00000, 0x0000000685b00000| Untracked 
|  80|0x0000000685c00000, 0x0000000685c00000, 0x0000000685d00000|  0%| F|  |TAMS 0x0000000685c00000, 0x0000000685c00000| Untracked 
|  81|0x0000000685d00000, 0x0000000685d00000, 0x0000000685e00000|  0%| F|  |TAMS 0x0000000685d00000, 0x0000000685d00000| Untracked 
|  82|0x0000000685e00000, 0x0000000685e00000, 0x0000000685f00000|  0%| F|  |TAMS 0x0000000685e00000, 0x0000000685e00000| Untracked 
|  83|0x0000000685f00000, 0x0000000685f00000, 0x0000000686000000|  0%| F|  |TAMS 0x0000000685f00000, 0x0000000685f00000| Untracked 
|  84|0x0000000686000000, 0x0000000686000000, 0x0000000686100000|  0%| F|  |TAMS 0x0000000686000000, 0x0000000686000000| Untracked 
|  85|0x0000000686100000, 0x0000000686100000, 0x0000000686200000|  0%| F|  |TAMS 0x0000000686100000, 0x0000000686100000| Untracked 
|  86|0x0000000686200000, 0x0000000686200000, 0x0000000686300000|  0%| F|  |TAMS 0x0000000686200000, 0x0000000686200000| Untracked 
|  87|0x0000000686300000, 0x0000000686300000, 0x0000000686400000|  0%| F|  |TAMS 0x0000000686300000, 0x0000000686300000| Untracked 
|  88|0x0000000686400000, 0x0000000686400000, 0x0000000686500000|  0%| F|  |TAMS 0x0000000686400000, 0x0000000686400000| Untracked 
|  89|0x0000000686500000, 0x0000000686500000, 0x0000000686600000|  0%| F|  |TAMS 0x0000000686500000, 0x0000000686500000| Untracked 
|  90|0x0000000686600000, 0x0000000686600000, 0x0000000686700000|  0%| F|  |TAMS 0x0000000686600000, 0x0000000686600000| Untracked 
|  91|0x0000000686700000, 0x0000000686700000, 0x0000000686800000|  0%| F|  |TAMS 0x0000000686700000, 0x0000000686700000| Untracked 
|  92|0x0000000686800000, 0x0000000686800000, 0x0000000686900000|  0%| F|  |TAMS 0x0000000686800000, 0x0000000686800000| Untracked 
|  93|0x0000000686900000, 0x0000000686900000, 0x0000000686a00000|  0%| F|  |TAMS 0x0000000686900000, 0x0000000686900000| Untracked 
|  94|0x0000000686a00000, 0x0000000686a00000, 0x0000000686b00000|  0%| F|  |TAMS 0x0000000686a00000, 0x0000000686a00000| Untracked 
|  95|0x0000000686b00000, 0x0000000686b00000, 0x0000000686c00000|  0%| F|  |TAMS 0x0000000686b00000, 0x0000000686b00000| Untracked 
|  96|0x0000000686c00000, 0x0000000686c00000, 0x0000000686d00000|  0%| F|  |TAMS 0x0000000686c00000, 0x0000000686c00000| Untracked 
|  97|0x0000000686d00000, 0x0000000686d00000, 0x0000000686e00000|  0%| F|  |TAMS 0x0000000686d00000, 0x0000000686d00000| Untracked 
|  98|0x0000000686e00000, 0x0000000686e00000, 0x0000000686f00000|  0%| F|  |TAMS 0x0000000686e00000, 0x0000000686e00000| Untracked 
|  99|0x0000000686f00000, 0x0000000686f00000, 0x0000000687000000|  0%| F|  |TAMS 0x0000000686f00000, 0x0000000686f00000| Untracked 
| 100|0x0000000687000000, 0x0000000687000000, 0x0000000687100000|  0%| F|  |TAMS 0x0000000687000000, 0x0000000687000000| Untracked 
| 101|0x0000000687100000, 0x0000000687100000, 0x0000000687200000|  0%| F|  |TAMS 0x0000000687100000, 0x0000000687100000| Untracked 
| 102|0x0000000687200000, 0x0000000687200000, 0x0000000687300000|  0%| F|  |TAMS 0x0000000687200000, 0x0000000687200000| Untracked 
| 103|0x0000000687300000, 0x0000000687300000, 0x0000000687400000|  0%| F|  |TAMS 0x0000000687300000, 0x0000000687300000| Untracked 
| 104|0x0000000687400000, 0x0000000687400000, 0x0000000687500000|  0%| F|  |TAMS 0x0000000687400000, 0x0000000687400000| Untracked 
| 105|0x0000000687500000, 0x0000000687500000, 0x0000000687600000|  0%| F|  |TAMS 0x0000000687500000, 0x0000000687500000| Untracked 
| 106|0x0000000687600000, 0x0000000687600000, 0x0000000687700000|  0%| F|  |TAMS 0x0000000687600000, 0x0000000687600000| Untracked 
| 107|0x0000000687700000, 0x0000000687700000, 0x0000000687800000|  0%| F|  |TAMS 0x0000000687700000, 0x0000000687700000| Untracked 
| 108|0x0000000687800000, 0x0000000687800000, 0x0000000687900000|  0%| F|  |TAMS 0x0000000687800000, 0x0000000687800000| Untracked 
| 109|0x0000000687900000, 0x0000000687900000, 0x0000000687a00000|  0%| F|  |TAMS 0x0000000687900000, 0x0000000687900000| Untracked 
| 110|0x0000000687a00000, 0x0000000687a00000, 0x0000000687b00000|  0%| F|  |TAMS 0x0000000687a00000, 0x0000000687a00000| Untracked 
| 111|0x0000000687b00000, 0x0000000687b00000, 0x0000000687c00000|  0%| F|  |TAMS 0x0000000687b00000, 0x0000000687b00000| Untracked 
| 112|0x0000000687c00000, 0x0000000687c00000, 0x0000000687d00000|  0%| F|  |TAMS 0x0000000687c00000, 0x0000000687c00000| Untracked 
| 113|0x0000000687d00000, 0x0000000687d00000, 0x0000000687e00000|  0%| F|  |TAMS 0x0000000687d00000, 0x0000000687d00000| Untracked 
| 114|0x0000000687e00000, 0x0000000687e00000, 0x0000000687f00000|  0%| F|  |TAMS 0x0000000687e00000, 0x0000000687e00000| Untracked 
| 115|0x0000000687f00000, 0x0000000687f00000, 0x0000000688000000|  0%| F|  |TAMS 0x0000000687f00000, 0x0000000687f00000| Untracked 
| 116|0x0000000688000000, 0x0000000688000000, 0x0000000688100000|  0%| F|  |TAMS 0x0000000688000000, 0x0000000688000000| Untracked 
| 117|0x0000000688100000, 0x0000000688100000, 0x0000000688200000|  0%| F|  |TAMS 0x0000000688100000, 0x0000000688100000| Untracked 
| 118|0x0000000688200000, 0x0000000688200000, 0x0000000688300000|  0%| F|  |TAMS 0x0000000688200000, 0x0000000688200000| Untracked 
| 119|0x0000000688300000, 0x0000000688300000, 0x0000000688400000|  0%| F|  |TAMS 0x0000000688300000, 0x0000000688300000| Untracked 
| 120|0x0000000688400000, 0x0000000688400000, 0x0000000688500000|  0%| F|  |TAMS 0x0000000688400000, 0x0000000688400000| Untracked 
| 121|0x0000000688500000, 0x0000000688500000, 0x0000000688600000|  0%| F|  |TAMS 0x0000000688500000, 0x0000000688500000| Untracked 
| 122|0x0000000688600000, 0x0000000688600000, 0x0000000688700000|  0%| F|  |TAMS 0x0000000688600000, 0x0000000688600000| Untracked 
| 123|0x0000000688700000, 0x0000000688700000, 0x0000000688800000|  0%| F|  |TAMS 0x0000000688700000, 0x0000000688700000| Untracked 
| 124|0x0000000688800000, 0x0000000688800000, 0x0000000688900000|  0%| F|  |TAMS 0x0000000688800000, 0x0000000688800000| Untracked 
| 125|0x0000000688900000, 0x0000000688900000, 0x0000000688a00000|  0%| F|  |TAMS 0x0000000688900000, 0x0000000688900000| Untracked 
| 126|0x0000000688a00000, 0x0000000688a00000, 0x0000000688b00000|  0%| F|  |TAMS 0x0000000688a00000, 0x0000000688a00000| Untracked 
| 127|0x0000000688b00000, 0x0000000688b00000, 0x0000000688c00000|  0%| F|  |TAMS 0x0000000688b00000, 0x0000000688b00000| Untracked 
| 128|0x0000000688c00000, 0x0000000688c00000, 0x0000000688d00000|  0%| F|  |TAMS 0x0000000688c00000, 0x0000000688c00000| Untracked 
| 129|0x0000000688d00000, 0x0000000688d00000, 0x0000000688e00000|  0%| F|  |TAMS 0x0000000688d00000, 0x0000000688d00000| Untracked 
| 130|0x0000000688e00000, 0x0000000688e00000, 0x0000000688f00000|  0%| F|  |TAMS 0x0000000688e00000, 0x0000000688e00000| Untracked 
| 131|0x0000000688f00000, 0x0000000688f00000, 0x0000000689000000|  0%| F|  |TAMS 0x0000000688f00000, 0x0000000688f00000| Untracked 
| 132|0x0000000689000000, 0x0000000689000000, 0x0000000689100000|  0%| F|  |TAMS 0x0000000689000000, 0x0000000689000000| Untracked 
| 133|0x0000000689100000, 0x0000000689100000, 0x0000000689200000|  0%| F|  |TAMS 0x0000000689100000, 0x0000000689100000| Untracked 
| 134|0x0000000689200000, 0x0000000689200000, 0x0000000689300000|  0%| F|  |TAMS 0x0000000689200000, 0x0000000689200000| Untracked 
| 135|0x0000000689300000, 0x0000000689300000, 0x0000000689400000|  0%| F|  |TAMS 0x0000000689300000, 0x0000000689300000| Untracked 
| 136|0x0000000689400000, 0x0000000689400000, 0x0000000689500000|  0%| F|  |TAMS 0x0000000689400000, 0x0000000689400000| Untracked 
| 137|0x0000000689500000, 0x0000000689500000, 0x0000000689600000|  0%| F|  |TAMS 0x0000000689500000, 0x0000000689500000| Untracked 
| 138|0x0000000689600000, 0x0000000689600000, 0x0000000689700000|  0%| F|  |TAMS 0x0000000689600000, 0x0000000689600000| Untracked 
| 139|0x0000000689700000, 0x0000000689700000, 0x0000000689800000|  0%| F|  |TAMS 0x0000000689700000, 0x0000000689700000| Untracked 
| 140|0x0000000689800000, 0x0000000689800000, 0x0000000689900000|  0%| F|  |TAMS 0x0000000689800000, 0x0000000689800000| Untracked 
| 141|0x0000000689900000, 0x0000000689900000, 0x0000000689a00000|  0%| F|  |TAMS 0x0000000689900000, 0x0000000689900000| Untracked 
| 142|0x0000000689a00000, 0x0000000689a00000, 0x0000000689b00000|  0%| F|  |TAMS 0x0000000689a00000, 0x0000000689a00000| Untracked 
| 143|0x0000000689b00000, 0x0000000689b00000, 0x0000000689c00000|  0%| F|  |TAMS 0x0000000689b00000, 0x0000000689b00000| Untracked 
| 144|0x0000000689c00000, 0x0000000689c00000, 0x0000000689d00000|  0%| F|  |TAMS 0x0000000689c00000, 0x0000000689c00000| Untracked 
| 145|0x0000000689d00000, 0x0000000689d00000, 0x0000000689e00000|  0%| F|  |TAMS 0x0000000689d00000, 0x0000000689d00000| Untracked 
| 146|0x0000000689e00000, 0x0000000689e00000, 0x0000000689f00000|  0%| F|  |TAMS 0x0000000689e00000, 0x0000000689e00000| Untracked 
| 147|0x0000000689f00000, 0x0000000689f00000, 0x000000068a000000|  0%| F|  |TAMS 0x0000000689f00000, 0x0000000689f00000| Untracked 
| 148|0x000000068a000000, 0x000000068a000000, 0x000000068a100000|  0%| F|  |TAMS 0x000000068a000000, 0x000000068a000000| Untracked 
| 149|0x000000068a100000, 0x000000068a100000, 0x000000068a200000|  0%| F|  |TAMS 0x000000068a100000, 0x000000068a100000| Untracked 
| 150|0x000000068a200000, 0x000000068a200000, 0x000000068a300000|  0%| F|  |TAMS 0x000000068a200000, 0x000000068a200000| Untracked 
| 151|0x000000068a300000, 0x000000068a300000, 0x000000068a400000|  0%| F|  |TAMS 0x000000068a300000, 0x000000068a300000| Untracked 
| 152|0x000000068a400000, 0x000000068a400000, 0x000000068a500000|  0%| F|  |TAMS 0x000000068a400000, 0x000000068a400000| Untracked 
| 153|0x000000068a500000, 0x000000068a500000, 0x000000068a600000|  0%| F|  |TAMS 0x000000068a500000, 0x000000068a500000| Untracked 
| 154|0x000000068a600000, 0x000000068a600000, 0x000000068a700000|  0%| F|  |TAMS 0x000000068a600000, 0x000000068a600000| Untracked 
| 155|0x000000068a700000, 0x000000068a700000, 0x000000068a800000|  0%| F|  |TAMS 0x000000068a700000, 0x000000068a700000| Untracked 
| 156|0x000000068a800000, 0x000000068a800000, 0x000000068a900000|  0%| F|  |TAMS 0x000000068a800000, 0x000000068a800000| Untracked 
| 157|0x000000068a900000, 0x000000068a900000, 0x000000068aa00000|  0%| F|  |TAMS 0x000000068a900000, 0x000000068a900000| Untracked 
| 158|0x000000068aa00000, 0x000000068aa00000, 0x000000068ab00000|  0%| F|  |TAMS 0x000000068aa00000, 0x000000068aa00000| Untracked 
| 159|0x000000068ab00000, 0x000000068ab00000, 0x000000068ac00000|  0%| F|  |TAMS 0x000000068ab00000, 0x000000068ab00000| Untracked 
| 160|0x000000068ac00000, 0x000000068ac00000, 0x000000068ad00000|  0%| F|  |TAMS 0x000000068ac00000, 0x000000068ac00000| Untracked 
| 161|0x000000068ad00000, 0x000000068ad00000, 0x000000068ae00000|  0%| F|  |TAMS 0x000000068ad00000, 0x000000068ad00000| Untracked 
| 162|0x000000068ae00000, 0x000000068ae00000, 0x000000068af00000|  0%| F|  |TAMS 0x000000068ae00000, 0x000000068ae00000| Untracked 
| 163|0x000000068af00000, 0x000000068af00000, 0x000000068b000000|  0%| F|  |TAMS 0x000000068af00000, 0x000000068af00000| Untracked 
| 164|0x000000068b000000, 0x000000068b000000, 0x000000068b100000|  0%| F|  |TAMS 0x000000068b000000, 0x000000068b000000| Untracked 
| 165|0x000000068b100000, 0x000000068b100000, 0x000000068b200000|  0%| F|  |TAMS 0x000000068b100000, 0x000000068b100000| Untracked 
| 166|0x000000068b200000, 0x000000068b200000, 0x000000068b300000|  0%| F|  |TAMS 0x000000068b200000, 0x000000068b200000| Untracked 
| 167|0x000000068b300000, 0x000000068b300000, 0x000000068b400000|  0%| F|  |TAMS 0x000000068b300000, 0x000000068b300000| Untracked 
| 168|0x000000068b400000, 0x000000068b400000, 0x000000068b500000|  0%| F|  |TAMS 0x000000068b400000, 0x000000068b400000| Untracked 
| 169|0x000000068b500000, 0x000000068b500000, 0x000000068b600000|  0%| F|  |TAMS 0x000000068b500000, 0x000000068b500000| Untracked 
| 170|0x000000068b600000, 0x000000068b600000, 0x000000068b700000|  0%| F|  |TAMS 0x000000068b600000, 0x000000068b600000| Untracked 
| 171|0x000000068b700000, 0x000000068b700000, 0x000000068b800000|  0%| F|  |TAMS 0x000000068b700000, 0x000000068b700000| Untracked 
| 172|0x000000068b800000, 0x000000068b800000, 0x000000068b900000|  0%| F|  |TAMS 0x000000068b800000, 0x000000068b800000| Untracked 
| 173|0x000000068b900000, 0x000000068b900000, 0x000000068ba00000|  0%| F|  |TAMS 0x000000068b900000, 0x000000068b900000| Untracked 
| 174|0x000000068ba00000, 0x000000068ba00000, 0x000000068bb00000|  0%| F|  |TAMS 0x000000068ba00000, 0x000000068ba00000| Untracked 
| 175|0x000000068bb00000, 0x000000068bb00000, 0x000000068bc00000|  0%| F|  |TAMS 0x000000068bb00000, 0x000000068bb00000| Untracked 
| 176|0x000000068bc00000, 0x000000068bc00000, 0x000000068bd00000|  0%| F|  |TAMS 0x000000068bc00000, 0x000000068bc00000| Untracked 
| 177|0x000000068bd00000, 0x000000068bd00000, 0x000000068be00000|  0%| F|  |TAMS 0x000000068bd00000, 0x000000068bd00000| Untracked 
| 178|0x000000068be00000, 0x000000068be00000, 0x000000068bf00000|  0%| F|  |TAMS 0x000000068be00000, 0x000000068be00000| Untracked 
| 179|0x000000068bf00000, 0x000000068bf00000, 0x000000068c000000|  0%| F|  |TAMS 0x000000068bf00000, 0x000000068bf00000| Untracked 
| 180|0x000000068c000000, 0x000000068c000000, 0x000000068c100000|  0%| F|  |TAMS 0x000000068c000000, 0x000000068c000000| Untracked 
| 181|0x000000068c100000, 0x000000068c100000, 0x000000068c200000|  0%| F|  |TAMS 0x000000068c100000, 0x000000068c100000| Untracked 
| 182|0x000000068c200000, 0x000000068c200000, 0x000000068c300000|  0%| F|  |TAMS 0x000000068c200000, 0x000000068c200000| Untracked 
| 183|0x000000068c300000, 0x000000068c300000, 0x000000068c400000|  0%| F|  |TAMS 0x000000068c300000, 0x000000068c300000| Untracked 
| 184|0x000000068c400000, 0x000000068c400000, 0x000000068c500000|  0%| F|  |TAMS 0x000000068c400000, 0x000000068c400000| Untracked 
| 185|0x000000068c500000, 0x000000068c500000, 0x000000068c600000|  0%| F|  |TAMS 0x000000068c500000, 0x000000068c500000| Untracked 
| 186|0x000000068c600000, 0x000000068c600000, 0x000000068c700000|  0%| F|  |TAMS 0x000000068c600000, 0x000000068c600000| Untracked 
| 187|0x000000068c700000, 0x000000068c700000, 0x000000068c800000|  0%| F|  |TAMS 0x000000068c700000, 0x000000068c700000| Untracked 
| 188|0x000000068c800000, 0x000000068c800000, 0x000000068c900000|  0%| F|  |TAMS 0x000000068c800000, 0x000000068c800000| Untracked 
| 189|0x000000068c900000, 0x000000068c900000, 0x000000068ca00000|  0%| F|  |TAMS 0x000000068c900000, 0x000000068c900000| Untracked 
| 190|0x000000068ca00000, 0x000000068ca00000, 0x000000068cb00000|  0%| F|  |TAMS 0x000000068ca00000, 0x000000068ca00000| Untracked 
| 191|0x000000068cb00000, 0x000000068cb00000, 0x000000068cc00000|  0%| F|  |TAMS 0x000000068cb00000, 0x000000068cb00000| Untracked 
| 192|0x000000068cc00000, 0x000000068cc00000, 0x000000068cd00000|  0%| F|  |TAMS 0x000000068cc00000, 0x000000068cc00000| Untracked 
| 193|0x000000068cd00000, 0x000000068cd00000, 0x000000068ce00000|  0%| F|  |TAMS 0x000000068cd00000, 0x000000068cd00000| Untracked 
| 194|0x000000068ce00000, 0x000000068ce00000, 0x000000068cf00000|  0%| F|  |TAMS 0x000000068ce00000, 0x000000068ce00000| Untracked 
| 195|0x000000068cf00000, 0x000000068cf00000, 0x000000068d000000|  0%| F|  |TAMS 0x000000068cf00000, 0x000000068cf00000| Untracked 
| 196|0x000000068d000000, 0x000000068d000000, 0x000000068d100000|  0%| F|  |TAMS 0x000000068d000000, 0x000000068d000000| Untracked 
| 197|0x000000068d100000, 0x000000068d100000, 0x000000068d200000|  0%| F|  |TAMS 0x000000068d100000, 0x000000068d100000| Untracked 
| 198|0x000000068d200000, 0x000000068d200000, 0x000000068d300000|  0%| F|  |TAMS 0x000000068d200000, 0x000000068d200000| Untracked 
| 199|0x000000068d300000, 0x000000068d300000, 0x000000068d400000|  0%| F|  |TAMS 0x000000068d300000, 0x000000068d300000| Untracked 
| 200|0x000000068d400000, 0x000000068d400000, 0x000000068d500000|  0%| F|  |TAMS 0x000000068d400000, 0x000000068d400000| Untracked 
| 201|0x000000068d500000, 0x000000068d500000, 0x000000068d600000|  0%| F|  |TAMS 0x000000068d500000, 0x000000068d500000| Untracked 
| 202|0x000000068d600000, 0x000000068d600000, 0x000000068d700000|  0%| F|  |TAMS 0x000000068d600000, 0x000000068d600000| Untracked 
| 203|0x000000068d700000, 0x000000068d700000, 0x000000068d800000|  0%| F|  |TAMS 0x000000068d700000, 0x000000068d700000| Untracked 
| 204|0x000000068d800000, 0x000000068d800000, 0x000000068d900000|  0%| F|  |TAMS 0x000000068d800000, 0x000000068d800000| Untracked 
| 205|0x000000068d900000, 0x000000068d900000, 0x000000068da00000|  0%| F|  |TAMS 0x000000068d900000, 0x000000068d900000| Untracked 
| 206|0x000000068da00000, 0x000000068da00000, 0x000000068db00000|  0%| F|  |TAMS 0x000000068da00000, 0x000000068da00000| Untracked 
| 207|0x000000068db00000, 0x000000068db00000, 0x000000068dc00000|  0%| F|  |TAMS 0x000000068db00000, 0x000000068db00000| Untracked 
| 208|0x000000068dc00000, 0x000000068dc00000, 0x000000068dd00000|  0%| F|  |TAMS 0x000000068dc00000, 0x000000068dc00000| Untracked 
| 209|0x000000068dd00000, 0x000000068dd00000, 0x000000068de00000|  0%| F|  |TAMS 0x000000068dd00000, 0x000000068dd00000| Untracked 
| 210|0x000000068de00000, 0x000000068de00000, 0x000000068df00000|  0%| F|  |TAMS 0x000000068de00000, 0x000000068de00000| Untracked 
| 211|0x000000068df00000, 0x000000068df00000, 0x000000068e000000|  0%| F|  |TAMS 0x000000068df00000, 0x000000068df00000| Untracked 
| 212|0x000000068e000000, 0x000000068e000000, 0x000000068e100000|  0%| F|  |TAMS 0x000000068e000000, 0x000000068e000000| Untracked 
| 213|0x000000068e100000, 0x000000068e100000, 0x000000068e200000|  0%| F|  |TAMS 0x000000068e100000, 0x000000068e100000| Untracked 
| 214|0x000000068e200000, 0x000000068e200000, 0x000000068e300000|  0%| F|  |TAMS 0x000000068e200000, 0x000000068e200000| Untracked 
| 215|0x000000068e300000, 0x000000068e300000, 0x000000068e400000|  0%| F|  |TAMS 0x000000068e300000, 0x000000068e300000| Untracked 
| 216|0x000000068e400000, 0x000000068e400000, 0x000000068e500000|  0%| F|  |TAMS 0x000000068e400000, 0x000000068e400000| Untracked 
| 217|0x000000068e500000, 0x000000068e500000, 0x000000068e600000|  0%| F|  |TAMS 0x000000068e500000, 0x000000068e500000| Untracked 
| 218|0x000000068e600000, 0x000000068e600000, 0x000000068e700000|  0%| F|  |TAMS 0x000000068e600000, 0x000000068e600000| Untracked 
| 219|0x000000068e700000, 0x000000068e700000, 0x000000068e800000|  0%| F|  |TAMS 0x000000068e700000, 0x000000068e700000| Untracked 
| 220|0x000000068e800000, 0x000000068e800000, 0x000000068e900000|  0%| F|  |TAMS 0x000000068e800000, 0x000000068e800000| Untracked 
| 221|0x000000068e900000, 0x000000068e900000, 0x000000068ea00000|  0%| F|  |TAMS 0x000000068e900000, 0x000000068e900000| Untracked 
| 222|0x000000068ea00000, 0x000000068ea00000, 0x000000068eb00000|  0%| F|  |TAMS 0x000000068ea00000, 0x000000068ea00000| Untracked 
| 223|0x000000068eb00000, 0x000000068eb00000, 0x000000068ec00000|  0%| F|  |TAMS 0x000000068eb00000, 0x000000068eb00000| Untracked 
| 224|0x000000068ec00000, 0x000000068ec00000, 0x000000068ed00000|  0%| F|  |TAMS 0x000000068ec00000, 0x000000068ec00000| Untracked 
| 225|0x000000068ed00000, 0x000000068ed00000, 0x000000068ee00000|  0%| F|  |TAMS 0x000000068ed00000, 0x000000068ed00000| Untracked 
| 226|0x000000068ee00000, 0x000000068ee00000, 0x000000068ef00000|  0%| F|  |TAMS 0x000000068ee00000, 0x000000068ee00000| Untracked 
| 227|0x000000068ef00000, 0x000000068ef00000, 0x000000068f000000|  0%| F|  |TAMS 0x000000068ef00000, 0x000000068ef00000| Untracked 
| 228|0x000000068f000000, 0x000000068f000000, 0x000000068f100000|  0%| F|  |TAMS 0x000000068f000000, 0x000000068f000000| Untracked 
| 229|0x000000068f100000, 0x000000068f100000, 0x000000068f200000|  0%| F|  |TAMS 0x000000068f100000, 0x000000068f100000| Untracked 
| 230|0x000000068f200000, 0x000000068f200000, 0x000000068f300000|  0%| F|  |TAMS 0x000000068f200000, 0x000000068f200000| Untracked 
| 231|0x000000068f300000, 0x000000068f300000, 0x000000068f400000|  0%| F|  |TAMS 0x000000068f300000, 0x000000068f300000| Untracked 
| 232|0x000000068f400000, 0x000000068f400000, 0x000000068f500000|  0%| F|  |TAMS 0x000000068f400000, 0x000000068f400000| Untracked 
| 233|0x000000068f500000, 0x000000068f500000, 0x000000068f600000|  0%| F|  |TAMS 0x000000068f500000, 0x000000068f500000| Untracked 
| 234|0x000000068f600000, 0x000000068f600000, 0x000000068f700000|  0%| F|  |TAMS 0x000000068f600000, 0x000000068f600000| Untracked 
| 235|0x000000068f700000, 0x000000068f700000, 0x000000068f800000|  0%| F|  |TAMS 0x000000068f700000, 0x000000068f700000| Untracked 
| 236|0x000000068f800000, 0x000000068f800000, 0x000000068f900000|  0%| F|  |TAMS 0x000000068f800000, 0x000000068f800000| Untracked 
| 237|0x000000068f900000, 0x000000068f900000, 0x000000068fa00000|  0%| F|  |TAMS 0x000000068f900000, 0x000000068f900000| Untracked 
| 238|0x000000068fa00000, 0x000000068fa00000, 0x000000068fb00000|  0%| F|  |TAMS 0x000000068fa00000, 0x000000068fa00000| Untracked 
| 239|0x000000068fb00000, 0x000000068fb00000, 0x000000068fc00000|  0%| F|  |TAMS 0x000000068fb00000, 0x000000068fb00000| Untracked 
| 240|0x000000068fc00000, 0x000000068fc00000, 0x000000068fd00000|  0%| F|  |TAMS 0x000000068fc00000, 0x000000068fc00000| Untracked 
| 241|0x000000068fd00000, 0x000000068fd00000, 0x000000068fe00000|  0%| F|  |TAMS 0x000000068fd00000, 0x000000068fd00000| Untracked 
| 242|0x000000068fe00000, 0x000000068fe00000, 0x000000068ff00000|  0%| F|  |TAMS 0x000000068fe00000, 0x000000068fe00000| Untracked 
| 243|0x000000068ff00000, 0x000000068ff00000, 0x0000000690000000|  0%| F|  |TAMS 0x000000068ff00000, 0x000000068ff00000| Untracked 
| 244|0x0000000690000000, 0x0000000690000000, 0x0000000690100000|  0%| F|  |TAMS 0x0000000690000000, 0x0000000690000000| Untracked 
| 245|0x0000000690100000, 0x0000000690100000, 0x0000000690200000|  0%| F|  |TAMS 0x0000000690100000, 0x0000000690100000| Untracked 
| 246|0x0000000690200000, 0x0000000690200000, 0x0000000690300000|  0%| F|  |TAMS 0x0000000690200000, 0x0000000690200000| Untracked 
| 247|0x0000000690300000, 0x0000000690300000, 0x0000000690400000|  0%| F|  |TAMS 0x0000000690300000, 0x0000000690300000| Untracked 
| 248|0x0000000690400000, 0x0000000690400000, 0x0000000690500000|  0%| F|  |TAMS 0x0000000690400000, 0x0000000690400000| Untracked 
| 249|0x0000000690500000, 0x0000000690500000, 0x0000000690600000|  0%| F|  |TAMS 0x0000000690500000, 0x0000000690500000| Untracked 
| 250|0x0000000690600000, 0x0000000690600000, 0x0000000690700000|  0%| F|  |TAMS 0x0000000690600000, 0x0000000690600000| Untracked 
| 251|0x0000000690700000, 0x0000000690700000, 0x0000000690800000|  0%| F|  |TAMS 0x0000000690700000, 0x0000000690700000| Untracked 
| 252|0x0000000690800000, 0x0000000690800000, 0x0000000690900000|  0%| F|  |TAMS 0x0000000690800000, 0x0000000690800000| Untracked 
| 253|0x0000000690900000, 0x0000000690900000, 0x0000000690a00000|  0%| F|  |TAMS 0x0000000690900000, 0x0000000690900000| Untracked 
| 254|0x0000000690a00000, 0x0000000690a00000, 0x0000000690b00000|  0%| F|  |TAMS 0x0000000690a00000, 0x0000000690a00000| Untracked 
| 255|0x0000000690b00000, 0x0000000690b00000, 0x0000000690c00000|  0%| F|  |TAMS 0x0000000690b00000, 0x0000000690b00000| Untracked 
| 256|0x0000000690c00000, 0x0000000690c00000, 0x0000000690d00000|  0%| F|  |TAMS 0x0000000690c00000, 0x0000000690c00000| Untracked 
| 257|0x0000000690d00000, 0x0000000690d00000, 0x0000000690e00000|  0%| F|  |TAMS 0x0000000690d00000, 0x0000000690d00000| Untracked 
| 258|0x0000000690e00000, 0x0000000690e00000, 0x0000000690f00000|  0%| F|  |TAMS 0x0000000690e00000, 0x0000000690e00000| Untracked 
| 259|0x0000000690f00000, 0x0000000690f00000, 0x0000000691000000|  0%| F|  |TAMS 0x0000000690f00000, 0x0000000690f00000| Untracked 
| 260|0x0000000691000000, 0x0000000691000000, 0x0000000691100000|  0%| F|  |TAMS 0x0000000691000000, 0x0000000691000000| Untracked 
| 261|0x0000000691100000, 0x0000000691100000, 0x0000000691200000|  0%| F|  |TAMS 0x0000000691100000, 0x0000000691100000| Untracked 
| 262|0x0000000691200000, 0x0000000691200000, 0x0000000691300000|  0%| F|  |TAMS 0x0000000691200000, 0x0000000691200000| Untracked 
| 263|0x0000000691300000, 0x0000000691300000, 0x0000000691400000|  0%| F|  |TAMS 0x0000000691300000, 0x0000000691300000| Untracked 
| 264|0x0000000691400000, 0x0000000691400000, 0x0000000691500000|  0%| F|  |TAMS 0x0000000691400000, 0x0000000691400000| Untracked 
| 265|0x0000000691500000, 0x0000000691500000, 0x0000000691600000|  0%| F|  |TAMS 0x0000000691500000, 0x0000000691500000| Untracked 
| 266|0x0000000691600000, 0x0000000691600000, 0x0000000691700000|  0%| F|  |TAMS 0x0000000691600000, 0x0000000691600000| Untracked 
| 267|0x0000000691700000, 0x0000000691700000, 0x0000000691800000|  0%| F|  |TAMS 0x0000000691700000, 0x0000000691700000| Untracked 
| 268|0x0000000691800000, 0x0000000691800000, 0x0000000691900000|  0%| F|  |TAMS 0x0000000691800000, 0x0000000691800000| Untracked 
| 269|0x0000000691900000, 0x0000000691900000, 0x0000000691a00000|  0%| F|  |TAMS 0x0000000691900000, 0x0000000691900000| Untracked 
| 270|0x0000000691a00000, 0x0000000691a00000, 0x0000000691b00000|  0%| F|  |TAMS 0x0000000691a00000, 0x0000000691a00000| Untracked 
| 271|0x0000000691b00000, 0x0000000691b00000, 0x0000000691c00000|  0%| F|  |TAMS 0x0000000691b00000, 0x0000000691b00000| Untracked 
| 272|0x0000000691c00000, 0x0000000691c00000, 0x0000000691d00000|  0%| F|  |TAMS 0x0000000691c00000, 0x0000000691c00000| Untracked 
| 273|0x0000000691d00000, 0x0000000691d00000, 0x0000000691e00000|  0%| F|  |TAMS 0x0000000691d00000, 0x0000000691d00000| Untracked 
| 274|0x0000000691e00000, 0x0000000691e00000, 0x0000000691f00000|  0%| F|  |TAMS 0x0000000691e00000, 0x0000000691e00000| Untracked 
| 275|0x0000000691f00000, 0x0000000691f00000, 0x0000000692000000|  0%| F|  |TAMS 0x0000000691f00000, 0x0000000691f00000| Untracked 
| 276|0x0000000692000000, 0x0000000692000000, 0x0000000692100000|  0%| F|  |TAMS 0x0000000692000000, 0x0000000692000000| Untracked 
| 277|0x0000000692100000, 0x0000000692100000, 0x0000000692200000|  0%| F|  |TAMS 0x0000000692100000, 0x0000000692100000| Untracked 
| 278|0x0000000692200000, 0x0000000692200000, 0x0000000692300000|  0%| F|  |TAMS 0x0000000692200000, 0x0000000692200000| Untracked 
| 279|0x0000000692300000, 0x0000000692300000, 0x0000000692400000|  0%| F|  |TAMS 0x0000000692300000, 0x0000000692300000| Untracked 
| 280|0x0000000692400000, 0x0000000692400000, 0x0000000692500000|  0%| F|  |TAMS 0x0000000692400000, 0x0000000692400000| Untracked 
| 281|0x0000000692500000, 0x0000000692500000, 0x0000000692600000|  0%| F|  |TAMS 0x0000000692500000, 0x0000000692500000| Untracked 
| 282|0x0000000692600000, 0x0000000692600000, 0x0000000692700000|  0%| F|  |TAMS 0x0000000692600000, 0x0000000692600000| Untracked 
| 283|0x0000000692700000, 0x0000000692700000, 0x0000000692800000|  0%| F|  |TAMS 0x0000000692700000, 0x0000000692700000| Untracked 
| 284|0x0000000692800000, 0x0000000692800000, 0x0000000692900000|  0%| F|  |TAMS 0x0000000692800000, 0x0000000692800000| Untracked 
| 285|0x0000000692900000, 0x0000000692900000, 0x0000000692a00000|  0%| F|  |TAMS 0x0000000692900000, 0x0000000692900000| Untracked 
| 286|0x0000000692a00000, 0x0000000692a00000, 0x0000000692b00000|  0%| F|  |TAMS 0x0000000692a00000, 0x0000000692a00000| Untracked 
| 287|0x0000000692b00000, 0x0000000692b00000, 0x0000000692c00000|  0%| F|  |TAMS 0x0000000692b00000, 0x0000000692b00000| Untracked 
| 288|0x0000000692c00000, 0x0000000692c00000, 0x0000000692d00000|  0%| F|  |TAMS 0x0000000692c00000, 0x0000000692c00000| Untracked 
| 289|0x0000000692d00000, 0x0000000692d00000, 0x0000000692e00000|  0%| F|  |TAMS 0x0000000692d00000, 0x0000000692d00000| Untracked 
| 290|0x0000000692e00000, 0x0000000692e00000, 0x0000000692f00000|  0%| F|  |TAMS 0x0000000692e00000, 0x0000000692e00000| Untracked 
| 291|0x0000000692f00000, 0x0000000692f00000, 0x0000000693000000|  0%| F|  |TAMS 0x0000000692f00000, 0x0000000692f00000| Untracked 
| 292|0x0000000693000000, 0x0000000693000000, 0x0000000693100000|  0%| F|  |TAMS 0x0000000693000000, 0x0000000693000000| Untracked 
| 293|0x0000000693100000, 0x0000000693100000, 0x0000000693200000|  0%| F|  |TAMS 0x0000000693100000, 0x0000000693100000| Untracked 
| 294|0x0000000693200000, 0x0000000693200000, 0x0000000693300000|  0%| F|  |TAMS 0x0000000693200000, 0x0000000693200000| Untracked 
| 295|0x0000000693300000, 0x0000000693300000, 0x0000000693400000|  0%| F|  |TAMS 0x0000000693300000, 0x0000000693300000| Untracked 
| 296|0x0000000693400000, 0x0000000693400000, 0x0000000693500000|  0%| F|  |TAMS 0x0000000693400000, 0x0000000693400000| Untracked 
| 297|0x0000000693500000, 0x0000000693500000, 0x0000000693600000|  0%| F|  |TAMS 0x0000000693500000, 0x0000000693500000| Untracked 
| 298|0x0000000693600000, 0x0000000693600000, 0x0000000693700000|  0%| F|  |TAMS 0x0000000693600000, 0x0000000693600000| Untracked 
| 299|0x0000000693700000, 0x0000000693700000, 0x0000000693800000|  0%| F|  |TAMS 0x0000000693700000, 0x0000000693700000| Untracked 
| 300|0x0000000693800000, 0x0000000693800000, 0x0000000693900000|  0%| F|  |TAMS 0x0000000693800000, 0x0000000693800000| Untracked 
| 301|0x0000000693900000, 0x0000000693900000, 0x0000000693a00000|  0%| F|  |TAMS 0x0000000693900000, 0x0000000693900000| Untracked 
| 302|0x0000000693a00000, 0x0000000693a00000, 0x0000000693b00000|  0%| F|  |TAMS 0x0000000693a00000, 0x0000000693a00000| Untracked 
| 303|0x0000000693b00000, 0x0000000693b00000, 0x0000000693c00000|  0%| F|  |TAMS 0x0000000693b00000, 0x0000000693b00000| Untracked 
| 304|0x0000000693c00000, 0x0000000693c00000, 0x0000000693d00000|  0%| F|  |TAMS 0x0000000693c00000, 0x0000000693c00000| Untracked 
| 305|0x0000000693d00000, 0x0000000693d00000, 0x0000000693e00000|  0%| F|  |TAMS 0x0000000693d00000, 0x0000000693d00000| Untracked 
| 306|0x0000000693e00000, 0x0000000693e00000, 0x0000000693f00000|  0%| F|  |TAMS 0x0000000693e00000, 0x0000000693e00000| Untracked 
| 307|0x0000000693f00000, 0x0000000693f00000, 0x0000000694000000|  0%| F|  |TAMS 0x0000000693f00000, 0x0000000693f00000| Untracked 
| 308|0x0000000694000000, 0x0000000694000000, 0x0000000694100000|  0%| F|  |TAMS 0x0000000694000000, 0x0000000694000000| Untracked 
| 309|0x0000000694100000, 0x0000000694100000, 0x0000000694200000|  0%| F|  |TAMS 0x0000000694100000, 0x0000000694100000| Untracked 
| 310|0x0000000694200000, 0x0000000694200000, 0x0000000694300000|  0%| F|  |TAMS 0x0000000694200000, 0x0000000694200000| Untracked 
| 311|0x0000000694300000, 0x0000000694300000, 0x0000000694400000|  0%| F|  |TAMS 0x0000000694300000, 0x0000000694300000| Untracked 
| 312|0x0000000694400000, 0x0000000694400000, 0x0000000694500000|  0%| F|  |TAMS 0x0000000694400000, 0x0000000694400000| Untracked 
| 313|0x0000000694500000, 0x0000000694500000, 0x0000000694600000|  0%| F|  |TAMS 0x0000000694500000, 0x0000000694500000| Untracked 
| 314|0x0000000694600000, 0x0000000694600000, 0x0000000694700000|  0%| F|  |TAMS 0x0000000694600000, 0x0000000694600000| Untracked 
| 315|0x0000000694700000, 0x0000000694700000, 0x0000000694800000|  0%| F|  |TAMS 0x0000000694700000, 0x0000000694700000| Untracked 
| 316|0x0000000694800000, 0x0000000694800000, 0x0000000694900000|  0%| F|  |TAMS 0x0000000694800000, 0x0000000694800000| Untracked 
| 317|0x0000000694900000, 0x0000000694900000, 0x0000000694a00000|  0%| F|  |TAMS 0x0000000694900000, 0x0000000694900000| Untracked 
| 318|0x0000000694a00000, 0x0000000694a00000, 0x0000000694b00000|  0%| F|  |TAMS 0x0000000694a00000, 0x0000000694a00000| Untracked 
| 319|0x0000000694b00000, 0x0000000694b00000, 0x0000000694c00000|  0%| F|  |TAMS 0x0000000694b00000, 0x0000000694b00000| Untracked 
| 320|0x0000000694c00000, 0x0000000694c00000, 0x0000000694d00000|  0%| F|  |TAMS 0x0000000694c00000, 0x0000000694c00000| Untracked 
| 321|0x0000000694d00000, 0x0000000694d00000, 0x0000000694e00000|  0%| F|  |TAMS 0x0000000694d00000, 0x0000000694d00000| Untracked 
| 322|0x0000000694e00000, 0x0000000694e00000, 0x0000000694f00000|  0%| F|  |TAMS 0x0000000694e00000, 0x0000000694e00000| Untracked 
| 323|0x0000000694f00000, 0x0000000694f00000, 0x0000000695000000|  0%| F|  |TAMS 0x0000000694f00000, 0x0000000694f00000| Untracked 
| 324|0x0000000695000000, 0x0000000695000000, 0x0000000695100000|  0%| F|  |TAMS 0x0000000695000000, 0x0000000695000000| Untracked 
| 325|0x0000000695100000, 0x0000000695100000, 0x0000000695200000|  0%| F|  |TAMS 0x0000000695100000, 0x0000000695100000| Untracked 
| 326|0x0000000695200000, 0x0000000695200000, 0x0000000695300000|  0%| F|  |TAMS 0x0000000695200000, 0x0000000695200000| Untracked 
| 327|0x0000000695300000, 0x0000000695300000, 0x0000000695400000|  0%| F|  |TAMS 0x0000000695300000, 0x0000000695300000| Untracked 
| 328|0x0000000695400000, 0x0000000695400000, 0x0000000695500000|  0%| F|  |TAMS 0x0000000695400000, 0x0000000695400000| Untracked 
| 329|0x0000000695500000, 0x0000000695500000, 0x0000000695600000|  0%| F|  |TAMS 0x0000000695500000, 0x0000000695500000| Untracked 
| 330|0x0000000695600000, 0x0000000695600000, 0x0000000695700000|  0%| F|  |TAMS 0x0000000695600000, 0x0000000695600000| Untracked 
| 331|0x0000000695700000, 0x0000000695700000, 0x0000000695800000|  0%| F|  |TAMS 0x0000000695700000, 0x0000000695700000| Untracked 
| 332|0x0000000695800000, 0x0000000695800000, 0x0000000695900000|  0%| F|  |TAMS 0x0000000695800000, 0x0000000695800000| Untracked 
| 333|0x0000000695900000, 0x0000000695900000, 0x0000000695a00000|  0%| F|  |TAMS 0x0000000695900000, 0x0000000695900000| Untracked 
| 334|0x0000000695a00000, 0x0000000695a00000, 0x0000000695b00000|  0%| F|  |TAMS 0x0000000695a00000, 0x0000000695a00000| Untracked 
| 335|0x0000000695b00000, 0x0000000695b00000, 0x0000000695c00000|  0%| F|  |TAMS 0x0000000695b00000, 0x0000000695b00000| Untracked 
| 336|0x0000000695c00000, 0x0000000695c00000, 0x0000000695d00000|  0%| F|  |TAMS 0x0000000695c00000, 0x0000000695c00000| Untracked 
| 337|0x0000000695d00000, 0x0000000695d00000, 0x0000000695e00000|  0%| F|  |TAMS 0x0000000695d00000, 0x0000000695d00000| Untracked 
| 338|0x0000000695e00000, 0x0000000695e00000, 0x0000000695f00000|  0%| F|  |TAMS 0x0000000695e00000, 0x0000000695e00000| Untracked 
| 339|0x0000000695f00000, 0x0000000695f00000, 0x0000000696000000|  0%| F|  |TAMS 0x0000000695f00000, 0x0000000695f00000| Untracked 
| 340|0x0000000696000000, 0x0000000696000000, 0x0000000696100000|  0%| F|  |TAMS 0x0000000696000000, 0x0000000696000000| Untracked 
| 341|0x0000000696100000, 0x0000000696100000, 0x0000000696200000|  0%| F|  |TAMS 0x0000000696100000, 0x0000000696100000| Untracked 
| 342|0x0000000696200000, 0x0000000696200000, 0x0000000696300000|  0%| F|  |TAMS 0x0000000696200000, 0x0000000696200000| Untracked 
| 343|0x0000000696300000, 0x0000000696300000, 0x0000000696400000|  0%| F|  |TAMS 0x0000000696300000, 0x0000000696300000| Untracked 
| 344|0x0000000696400000, 0x0000000696400000, 0x0000000696500000|  0%| F|  |TAMS 0x0000000696400000, 0x0000000696400000| Untracked 
| 345|0x0000000696500000, 0x0000000696500000, 0x0000000696600000|  0%| F|  |TAMS 0x0000000696500000, 0x0000000696500000| Untracked 
| 346|0x0000000696600000, 0x0000000696600000, 0x0000000696700000|  0%| F|  |TAMS 0x0000000696600000, 0x0000000696600000| Untracked 
| 347|0x0000000696700000, 0x0000000696700000, 0x0000000696800000|  0%| F|  |TAMS 0x0000000696700000, 0x0000000696700000| Untracked 
| 348|0x0000000696800000, 0x0000000696800000, 0x0000000696900000|  0%| F|  |TAMS 0x0000000696800000, 0x0000000696800000| Untracked 
| 349|0x0000000696900000, 0x0000000696900000, 0x0000000696a00000|  0%| F|  |TAMS 0x0000000696900000, 0x0000000696900000| Untracked 
| 350|0x0000000696a00000, 0x0000000696a00000, 0x0000000696b00000|  0%| F|  |TAMS 0x0000000696a00000, 0x0000000696a00000| Untracked 
| 351|0x0000000696b00000, 0x0000000696b00000, 0x0000000696c00000|  0%| F|  |TAMS 0x0000000696b00000, 0x0000000696b00000| Untracked 
| 352|0x0000000696c00000, 0x0000000696c00000, 0x0000000696d00000|  0%| F|  |TAMS 0x0000000696c00000, 0x0000000696c00000| Untracked 
| 353|0x0000000696d00000, 0x0000000696d00000, 0x0000000696e00000|  0%| F|  |TAMS 0x0000000696d00000, 0x0000000696d00000| Untracked 
| 354|0x0000000696e00000, 0x0000000696e00000, 0x0000000696f00000|  0%| F|  |TAMS 0x0000000696e00000, 0x0000000696e00000| Untracked 
| 355|0x0000000696f00000, 0x0000000696f00000, 0x0000000697000000|  0%| F|  |TAMS 0x0000000696f00000, 0x0000000696f00000| Untracked 
| 356|0x0000000697000000, 0x0000000697000000, 0x0000000697100000|  0%| F|  |TAMS 0x0000000697000000, 0x0000000697000000| Untracked 
| 357|0x0000000697100000, 0x0000000697100000, 0x0000000697200000|  0%| F|  |TAMS 0x0000000697100000, 0x0000000697100000| Untracked 
| 358|0x0000000697200000, 0x0000000697200000, 0x0000000697300000|  0%| F|  |TAMS 0x0000000697200000, 0x0000000697200000| Untracked 
| 359|0x0000000697300000, 0x00000006973bca10, 0x0000000697400000| 73%| S|CS|TAMS 0x0000000697300000, 0x0000000697300000| Complete 
| 360|0x0000000697400000, 0x0000000697500000, 0x0000000697500000|100%| S|CS|TAMS 0x0000000697400000, 0x0000000697400000| Complete 
| 361|0x0000000697500000, 0x0000000697600000, 0x0000000697600000|100%| S|CS|TAMS 0x0000000697500000, 0x0000000697500000| Complete 
| 362|0x0000000697600000, 0x0000000697600000, 0x0000000697700000|  0%| F|  |TAMS 0x0000000697600000, 0x0000000697600000| Untracked 
| 363|0x0000000697700000, 0x0000000697780800, 0x0000000697800000| 50%| E|  |TAMS 0x0000000697700000, 0x0000000697700000| Complete 
| 364|0x0000000697800000, 0x0000000697900000, 0x0000000697900000|100%| E|CS|TAMS 0x0000000697800000, 0x0000000697800000| Complete 
| 365|0x0000000697900000, 0x0000000697a00000, 0x0000000697a00000|100%| E|CS|TAMS 0x0000000697900000, 0x0000000697900000| Complete 
| 366|0x0000000697a00000, 0x0000000697b00000, 0x0000000697b00000|100%| E|CS|TAMS 0x0000000697a00000, 0x0000000697a00000| Complete 
| 367|0x0000000697b00000, 0x0000000697c00000, 0x0000000697c00000|100%| E|CS|TAMS 0x0000000697b00000, 0x0000000697b00000| Complete 
| 368|0x0000000697c00000, 0x0000000697d00000, 0x0000000697d00000|100%| E|CS|TAMS 0x0000000697c00000, 0x0000000697c00000| Complete 
| 369|0x0000000697d00000, 0x0000000697e00000, 0x0000000697e00000|100%| E|CS|TAMS 0x0000000697d00000, 0x0000000697d00000| Complete 
| 370|0x0000000697e00000, 0x0000000697f00000, 0x0000000697f00000|100%| E|CS|TAMS 0x0000000697e00000, 0x0000000697e00000| Complete 
| 371|0x0000000697f00000, 0x0000000698000000, 0x0000000698000000|100%| E|CS|TAMS 0x0000000697f00000, 0x0000000697f00000| Complete 
| 372|0x0000000698000000, 0x0000000698100000, 0x0000000698100000|100%| E|CS|TAMS 0x0000000698000000, 0x0000000698000000| Complete 
| 373|0x0000000698100000, 0x0000000698200000, 0x0000000698200000|100%| E|CS|TAMS 0x0000000698100000, 0x0000000698100000| Complete 
| 374|0x0000000698200000, 0x0000000698300000, 0x0000000698300000|100%| E|CS|TAMS 0x0000000698200000, 0x0000000698200000| Complete 
| 375|0x0000000698300000, 0x0000000698400000, 0x0000000698400000|100%| E|CS|TAMS 0x0000000698300000, 0x0000000698300000| Complete 
| 376|0x0000000698400000, 0x0000000698500000, 0x0000000698500000|100%| E|CS|TAMS 0x0000000698400000, 0x0000000698400000| Complete 
| 377|0x0000000698500000, 0x0000000698600000, 0x0000000698600000|100%| E|CS|TAMS 0x0000000698500000, 0x0000000698500000| Complete 
| 378|0x0000000698600000, 0x0000000698700000, 0x0000000698700000|100%| E|CS|TAMS 0x0000000698600000, 0x0000000698600000| Complete 
| 379|0x0000000698700000, 0x0000000698800000, 0x0000000698800000|100%| E|CS|TAMS 0x0000000698700000, 0x0000000698700000| Complete 
| 380|0x0000000698800000, 0x0000000698900000, 0x0000000698900000|100%| E|CS|TAMS 0x0000000698800000, 0x0000000698800000| Complete 
| 381|0x0000000698900000, 0x0000000698a00000, 0x0000000698a00000|100%| E|CS|TAMS 0x0000000698900000, 0x0000000698900000| Complete 
| 382|0x0000000698a00000, 0x0000000698b00000, 0x0000000698b00000|100%| E|CS|TAMS 0x0000000698a00000, 0x0000000698a00000| Complete 
| 383|0x0000000698b00000, 0x0000000698c00000, 0x0000000698c00000|100%| E|CS|TAMS 0x0000000698b00000, 0x0000000698b00000| Complete 

Card table byte_map: [0x000001462fd90000,0x0000014630990000] _byte_map_base: 0x000001462c98a000

Marking Bits (Prev, Next): (CMBitMap*) 0x0000014615c13168, (CMBitMap*) 0x0000014615c131a8
 Prev Bits: [0x0000014631590000, 0x0000014637560000)
 Next Bits: [0x0000014637560000, 0x000001463d530000)

Polling page: 0x0000014615c60000

Metaspace:

Usage:
  Non-class:      7.92 MB capacity,     5.76 MB ( 73%) used,     2.15 MB ( 27%) free+waste,    10.31 KB ( <1%) overhead. 
      Class:    616.00 KB capacity,   345.16 KB ( 56%) used,   266.34 KB ( 43%) free+waste,     4.50 KB ( <1%) overhead. 
       Both:      8.52 MB capacity,     6.10 MB ( 72%) used,     2.41 MB ( 28%) free+waste,    14.81 KB ( <1%) overhead. 

Virtual space:
  Non-class space:        8.00 MB reserved,       8.00 MB (100%) committed 
      Class space:        1.00 GB reserved,     640.00 KB ( <1%) committed 
             Both:        1.01 GB reserved,       8.63 MB ( <1%) committed 

Chunk freelists:
   Non-Class:  83.00 KB
       Class:  24.00 KB
        Both:  107.00 KB

MaxMetaspaceSize: 17179869184.00 GB
CompressedClassSpaceSize: 1.00 GB

CodeHeap 'non-profiled nmethods': size=120000Kb used=394Kb max_used=394Kb free=119605Kb
 bounds [0x0000014627330000, 0x00000146275a0000, 0x000001462e860000]
CodeHeap 'profiled nmethods': size=120000Kb used=1763Kb max_used=1763Kb free=118236Kb
 bounds [0x000001461fe00000, 0x0000014620070000, 0x0000014627330000]
CodeHeap 'non-nmethods': size=5760Kb used=1606Kb max_used=1649Kb free=4153Kb
 bounds [0x000001461f860000, 0x000001461fad0000, 0x000001461fe00000]
 total_blobs=2474 nmethods=949 adapters=898
 compilation: enabled
              stopped_count=0, restarted_count=0
 full_count=0

Compilation events (20 events):
Event: 1.296 Thread 0x0000014640879800 nmethod 936 0x000001461ffb3f10 code [0x000001461ffb40e0, 0x000001461ffb43f0]
Event: 1.296 Thread 0x0000014640879800  939       3       jdk.internal.misc.Unsafe::objectFieldOffset (18 bytes)
Event: 1.297 Thread 0x0000014640879800 nmethod 939 0x000001461ffb4510 code [0x000001461ffb46e0, 0x000001461ffb49a0]
Event: 1.297 Thread 0x0000014640879800  942       3       jdk.internal.reflect.UnsafeQualifiedLongFieldAccessorImpl::<init> (7 bytes)
Event: 1.297 Thread 0x0000014640879800 nmethod 942 0x000001461ffb4a90 code [0x000001461ffb4c40, 0x000001461ffb4e70]
Event: 1.297 Thread 0x0000014640879800  943       3       jdk.internal.reflect.UnsafeQualifiedFieldAccessorImpl::<init> (11 bytes)
Event: 1.297 Thread 0x0000014640879800 nmethod 943 0x000001461ffb4f90 code [0x000001461ffb5140, 0x000001461ffb5310]
Event: 1.297 Thread 0x0000014640879800  945       3       jdk.internal.reflect.UnsafeFieldAccessorImpl::ensureObj (23 bytes)
Event: 1.297 Thread 0x0000014640879800 nmethod 945 0x000001461ffb5390 code [0x000001461ffb55a0, 0x000001461ffb5d00]
Event: 1.297 Thread 0x0000014640879800  946       3       org.lwjgl.PointerBuffer::put (24 bytes)
Event: 1.297 Thread 0x0000014640879800 nmethod 946 0x000001461ffb5f10 code [0x000001461ffb6100, 0x000001461ffb6670]
Event: 1.297 Thread 0x0000014640879800  947       3       org.lwjgl.system.Checks::check (17 bytes)
Event: 1.297 Thread 0x0000014640879800 nmethod 947 0x000001461ffb6910 code [0x000001461ffb6ae0, 0x000001461ffb6e90]
Event: 1.297 Thread 0x0000014640879800  948       3       org.lwjgl.system.CheckIntrinsics::checkIndex (6 bytes)
Event: 1.298 Thread 0x0000014640879800 nmethod 948 0x000001461ffb7010 code [0x000001461ffb7220, 0x000001461ffb79b0]
Event: 1.298 Thread 0x0000014640879800  941       3       java.lang.reflect.Field::getLong (29 bytes)
Event: 1.298 Thread 0x0000014640879800 nmethod 941 0x000001461ffb7c10 code [0x000001461ffb7e20, 0x000001461ffb8440]
Event: 1.298 Thread 0x0000014640879800  914       3       java.lang.Package::isSealed (26 bytes)
Event: 1.298 Thread 0x0000014640879800 nmethod 914 0x000001461ffb8610 code [0x000001461ffb87c0, 0x000001461ffb8b58]
Event: 1.413 Thread 0x0000014640878000 nmethod 849 0x0000014627387d10 code [0x00000146273882a0, 0x000001462738f538]

GC Heap History (2 events):
Event: 1.052 GC heap before
{Heap before GC invocations=0 (full 0):
 garbage-first heap   total 393216K, used 21504K [0x0000000680c00000, 0x0000000800000000)
  region size 1024K, 22 young (22528K), 0 survivors (0K)
 Metaspace       used 3140K, capacity 5930K, committed 6272K, reserved 1056768K
  class space    used 229K, capacity 515K, committed 640K, reserved 1048576K
}
Event: 1.055 GC heap after
{Heap after GC invocations=1 (full 0):
 garbage-first heap   total 393216K, used 2802K [0x0000000680c00000, 0x0000000800000000)
  region size 1024K, 3 young (3072K), 3 survivors (3072K)
 Metaspace       used 3140K, capacity 5930K, committed 6272K, reserved 1056768K
  class space    used 229K, capacity 515K, committed 640K, reserved 1048576K
}

Deoptimization events (20 events):
Event: 0.243 Thread 0x0000014615b7f000 Uncommon trap: trap_request=0xffffff45 fr.pc=0x000001462733a598 relative=0x00000000000001f8
Event: 0.243 Thread 0x0000014615b7f000 Uncommon trap: reason=unstable_if action=reinterpret pc=0x000001462733a598 method=java.lang.String.isLatin1()Z @ 10 c2
Event: 0.243 Thread 0x0000014615b7f000 DEOPT PACKING pc=0x000001462733a598 sp=0x00000011684fb430
Event: 0.243 Thread 0x0000014615b7f000 DEOPT UNPACKING pc=0x000001461f8a912f sp=0x00000011684fb360 mode 2
Event: 0.261 Thread 0x0000014615b7f000 Uncommon trap: trap_request=0xffffff45 fr.pc=0x0000014627344364 relative=0x0000000000000044
Event: 0.261 Thread 0x0000014615b7f000 Uncommon trap: reason=unstable_if action=reinterpret pc=0x0000014627344364 method=java.lang.CharacterData.of(I)Ljava/lang/CharacterData; @ 4 c2
Event: 0.261 Thread 0x0000014615b7f000 DEOPT PACKING pc=0x0000014627344364 sp=0x00000011684faf90
Event: 0.261 Thread 0x0000014615b7f000 DEOPT UNPACKING pc=0x000001461f8a912f sp=0x00000011684faf30 mode 2
Event: 0.286 Thread 0x0000014615b7f000 Uncommon trap: trap_request=0xffffffde fr.pc=0x0000014627356a9c relative=0x00000000000003dc
Event: 0.286 Thread 0x0000014615b7f000 Uncommon trap: reason=class_check action=maybe_recompile pc=0x0000014627356a9c method=java.util.HashMap.getNode(ILjava/lang/Object;)Ljava/util/HashMap$Node; @ 59 c2
Event: 0.286 Thread 0x0000014615b7f000 DEOPT PACKING pc=0x0000014627356a9c sp=0x00000011684fb770
Event: 0.286 Thread 0x0000014615b7f000 DEOPT UNPACKING pc=0x000001461f8a912f sp=0x00000011684fb688 mode 2
Event: 0.311 Thread 0x0000014615b7f000 Uncommon trap: trap_request=0xffffffde fr.pc=0x0000014627356a9c relative=0x00000000000003dc
Event: 0.311 Thread 0x0000014615b7f000 Uncommon trap: reason=class_check action=maybe_recompile pc=0x0000014627356a9c method=java.util.HashMap.getNode(ILjava/lang/Object;)Ljava/util/HashMap$Node; @ 59 c2
Event: 0.311 Thread 0x0000014615b7f000 DEOPT PACKING pc=0x0000014627356a9c sp=0x00000011684fdd50
Event: 0.311 Thread 0x0000014615b7f000 DEOPT UNPACKING pc=0x000001461f8a912f sp=0x00000011684fdc68 mode 2
Event: 1.084 Thread 0x0000014615b7f000 Uncommon trap: trap_request=0xffffff45 fr.pc=0x0000014627369a48 relative=0x0000000000000868
Event: 1.084 Thread 0x0000014615b7f000 Uncommon trap: reason=unstable_if action=reinterpret pc=0x0000014627369a48 method=java.util.jar.JarFile.getVersionedEntry(Ljava/lang/String;Ljava/util/jar/JarEntry;)Ljava/util/jar/JarEntry; @ 67 c2
Event: 1.084 Thread 0x0000014615b7f000 DEOPT PACKING pc=0x0000014627369a48 sp=0x00000011684fda60
Event: 1.084 Thread 0x0000014615b7f000 DEOPT UNPACKING pc=0x000001461f8a912f sp=0x00000011684fda48 mode 2

Classes unloaded (0 events):
No events

Classes redefined (0 events):
No events

Internal exceptions (12 events):
Event: 0.213 Thread 0x0000014615b7f000 Exception <a 'java/lang/NoSuchMethodError'{0x00000006980e0258}: 'void java.lang.invoke.DelegatingMethodHandle$Holder.delegate(java.lang.Object, java.lang.Object, int, java.lang.Object)'> (0x00000006980e0258) 
thrown [t:/workspace/open/src/hotspot/share/interpreter/linkResolver.cpp, line 767]
Event: 0.214 Thread 0x0000014615b7f000 Exception <a 'java/lang/NoSuchMethodError'{0x00000006980e6fb0}: 'java.lang.Object java.lang.invoke.DirectMethodHandle$Holder.invokeStaticInit(java.lang.Object, java.lang.Object, java.lang.Object)'> (0x00000006980e6fb0) 
thrown [t:/workspace/open/src/hotspot/share/interpreter/linkResolver.cpp, line 767]
Event: 0.250 Thread 0x0000014615b7f000 Exception <a 'sun/nio/fs/WindowsException'{0x0000000697d44668}> (0x0000000697d44668) 
thrown [t:/workspace/open/src/hotspot/share/prims/jni.cpp, line 598]
Event: 0.250 Thread 0x0000014615b7f000 Exception <a 'sun/nio/fs/WindowsException'{0x0000000697d44e00}> (0x0000000697d44e00) 
thrown [t:/workspace/open/src/hotspot/share/prims/jni.cpp, line 598]
Event: 0.291 Thread 0x0000014615b7f000 Exception <a 'sun/nio/fs/WindowsException'{0x00000006979783f8}> (0x00000006979783f8) 
thrown [t:/workspace/open/src/hotspot/share/prims/jni.cpp, line 598]
Event: 0.291 Thread 0x0000014615b7f000 Exception <a 'sun/nio/fs/WindowsException'{0x0000000697978a18}> (0x0000000697978a18) 
thrown [t:/workspace/open/src/hotspot/share/prims/jni.cpp, line 598]
Event: 0.314 Thread 0x0000014615b7f000 Exception <a 'sun/nio/fs/WindowsException'{0x0000000697705610}> (0x0000000697705610) 
thrown [t:/workspace/open/src/hotspot/share/prims/jni.cpp, line 598]
Event: 0.314 Thread 0x0000014615b7f000 Exception <a 'sun/nio/fs/WindowsException'{0x0000000697705bd0}> (0x0000000697705bd0) 
thrown [t:/workspace/open/src/hotspot/share/prims/jni.cpp, line 598]
Event: 1.015 Thread 0x0000014615b7f000 Exception <a 'sun/nio/fs/WindowsException'{0x00000006977a6d80}> (0x00000006977a6d80) 
thrown [t:/workspace/open/src/hotspot/share/prims/jni.cpp, line 598]
Event: 1.015 Thread 0x0000014615b7f000 Exception <a 'sun/nio/fs/WindowsException'{0x00000006977a73c0}> (0x00000006977a73c0) 
thrown [t:/workspace/open/src/hotspot/share/prims/jni.cpp, line 598]
Event: 1.019 Thread 0x0000014615b7f000 Exception <a 'sun/nio/fs/WindowsException'{0x00000006977eb068}> (0x00000006977eb068) 
thrown [t:/workspace/open/src/hotspot/share/prims/jni.cpp, line 598]
Event: 1.019 Thread 0x0000014615b7f000 Exception <a 'sun/nio/fs/WindowsException'{0x00000006977eb520}> (0x00000006977eb520) 
thrown [t:/workspace/open/src/hotspot/share/prims/jni.cpp, line 598]

Events (20 events):
Event: 1.282 loading class org/lwjgl/opengl/NVViewportSwizzle
Event: 1.282 loading class org/lwjgl/opengl/NVViewportSwizzle done
Event: 1.283 loading class org/lwjgl/opengl/NVXConditionalRender
Event: 1.283 loading class org/lwjgl/opengl/NVXConditionalRender done
Event: 1.283 loading class org/lwjgl/opengl/NVXGpuMulticast2
Event: 1.283 loading class org/lwjgl/opengl/NVXGpuMulticast2 done
Event: 1.283 loading class org/lwjgl/opengl/NVXProgressFence
Event: 1.283 loading class org/lwjgl/opengl/NVXProgressFence done
Event: 1.284 loading class org/lwjgl/opengl/OVRMultiview
Event: 1.284 loading class org/lwjgl/opengl/OVRMultiview done
Event: 1.284 loading class jdk/internal/reflect/UnsafeQualifiedLongFieldAccessorImpl
Event: 1.284 loading class jdk/internal/reflect/UnsafeQualifiedFieldAccessorImpl
Event: 1.284 loading class jdk/internal/reflect/UnsafeQualifiedFieldAccessorImpl done
Event: 1.284 loading class jdk/internal/reflect/UnsafeQualifiedLongFieldAccessorImpl done
Event: 1.285 loading class org/lwjgl/system/CheckIntrinsics
Event: 1.285 loading class org/lwjgl/system/CheckIntrinsics done
Event: 1.292 loading class org/lwjgl/system/MultiReleaseMemCopy
Event: 1.292 loading class org/lwjgl/system/MultiReleaseMemCopy done
Event: 1.296 loading class org/lwjgl/opengl/GL11C
Event: 1.296 loading class org/lwjgl/opengl/GL11C done


Dynamic libraries:
0x00007ff76f4c0000 - 0x00007ff76f4cf000 	C:\Program Files\Java\jdk-13.0.2\bin\java.exe
0x00007ffdbaa90000 - 0x00007ffdbac86000 	C:\WINDOWS\SYSTEM32\ntdll.dll
0x00007ffdb8db0000 - 0x00007ffdb8e6d000 	C:\WINDOWS\System32\KERNEL32.DLL
0x00007ffdb8630000 - 0x00007ffdb88f9000 	C:\WINDOWS\System32\KERNELBASE.dll
0x00007ffdb8480000 - 0x00007ffdb8580000 	C:\WINDOWS\System32\ucrtbase.dll
0x00007ffda4740000 - 0x00007ffda4755000 	C:\Program Files\Java\jdk-13.0.2\bin\VCRUNTIME140.dll
0x00007ffda4810000 - 0x00007ffda4828000 	C:\Program Files\Java\jdk-13.0.2\bin\jli.dll
0x00007ffdb9c10000 - 0x00007ffdb9cbc000 	C:\WINDOWS\System32\ADVAPI32.dll
0x00007ffdb9850000 - 0x00007ffdb98ee000 	C:\WINDOWS\System32\msvcrt.dll
0x00007ffdb97b0000 - 0x00007ffdb984c000 	C:\WINDOWS\System32\sechost.dll
0x00007ffdb9240000 - 0x00007ffdb936b000 	C:\WINDOWS\System32\RPCRT4.dll
0x00007ffdb9000000 - 0x00007ffdb91a0000 	C:\WINDOWS\System32\USER32.dll
0x00007ffdb81d0000 - 0x00007ffdb81f2000 	C:\WINDOWS\System32\win32u.dll
0x00007ffdba190000 - 0x00007ffdba1ba000 	C:\WINDOWS\System32\GDI32.dll
0x00007ffda68e0000 - 0x00007ffda6b7b000 	C:\WINDOWS\WinSxS\amd64_microsoft.windows.common-controls_6595b64144ccf1df_6.0.19041.488_none_ca04af081b815d21\COMCTL32.dll
0x00007ffdb89e0000 - 0x00007ffdb8ae9000 	C:\WINDOWS\System32\gdi32full.dll
0x00007ffdb83e0000 - 0x00007ffdb847d000 	C:\WINDOWS\System32\msvcp_win.dll
0x00007ffdb1f50000 - 0x00007ffdb1f5a000 	C:\WINDOWS\SYSTEM32\VERSION.dll
0x00007ffdb9b20000 - 0x00007ffdb9b50000 	C:\WINDOWS\System32\IMM32.DLL
0x00007ffda1a20000 - 0x00007ffda1abb000 	C:\Program Files\Java\jdk-13.0.2\bin\msvcp140.dll
0x00007ffd32dc0000 - 0x00007ffd3391d000 	C:\Program Files\Java\jdk-13.0.2\bin\server\jvm.dll
0x00007ffdb91a0000 - 0x00007ffdb91a8000 	C:\WINDOWS\System32\PSAPI.DLL
0x00007ffdb0100000 - 0x00007ffdb0127000 	C:\WINDOWS\SYSTEM32\WINMM.dll
0x00007ffd9a390000 - 0x00007ffd9a399000 	C:\WINDOWS\SYSTEM32\WSOCK32.dll
0x00007ffdb91d0000 - 0x00007ffdb923b000 	C:\WINDOWS\System32\ws2_32.DLL
0x00007ffdb6100000 - 0x00007ffdb6112000 	C:\WINDOWS\SYSTEM32\kernel.appcore.dll
0x00007ffda4e80000 - 0x00007ffda4e90000 	C:\Program Files\Java\jdk-13.0.2\bin\verify.dll
0x00007ffd96860000 - 0x00007ffd96a44000 	C:\WINDOWS\SYSTEM32\DBGHELP.DLL
0x00007ffd978e0000 - 0x00007ffd9790c000 	C:\WINDOWS\SYSTEM32\dbgcore.DLL
0x00007ffdb8360000 - 0x00007ffdb83e0000 	C:\WINDOWS\System32\bcryptPrimitives.dll
0x00007ffda4350000 - 0x00007ffda4376000 	C:\Program Files\Java\jdk-13.0.2\bin\java.dll
0x00007ffdaf440000 - 0x00007ffdaf44e000 	C:\Program Files\Java\jdk-13.0.2\bin\instrument.dll
0x00007ffda42f0000 - 0x00007ffda4307000 	C:\Program Files\Java\jdk-13.0.2\bin\zip.dll
0x00007ffda4e00000 - 0x00007ffda4e0a000 	C:\Program Files\Java\jdk-13.0.2\bin\jimage.dll
0x00007ffdba1c0000 - 0x00007ffdba902000 	C:\WINDOWS\System32\SHELL32.dll
0x00007ffdb6300000 - 0x00007ffdb6a95000 	C:\WINDOWS\SYSTEM32\windows.storage.dll
0x00007ffdb9370000 - 0x00007ffdb96c6000 	C:\WINDOWS\System32\combase.dll
0x00007ffdb7b70000 - 0x00007ffdb7b9c000 	C:\WINDOWS\SYSTEM32\Wldp.dll
0x00007ffdba910000 - 0x00007ffdba9be000 	C:\WINDOWS\System32\SHCORE.dll
0x00007ffdb9cc0000 - 0x00007ffdb9d15000 	C:\WINDOWS\System32\shlwapi.dll
0x00007ffdb8100000 - 0x00007ffdb8126000 	C:\WINDOWS\SYSTEM32\profapi.dll
0x00007ffda42d0000 - 0x00007ffda42e9000 	C:\Program Files\Java\jdk-13.0.2\bin\net.dll
0x00007ffda9f30000 - 0x00007ffdaa030000 	C:\WINDOWS\SYSTEM32\WINHTTP.dll
0x00007ffdb7960000 - 0x00007ffdb79ca000 	C:\WINDOWS\system32\mswsock.dll
0x00007ffda1a00000 - 0x00007ffda1a13000 	C:\Program Files\Java\jdk-13.0.2\bin\nio.dll
0x00007ffdaf420000 - 0x00007ffdaf43a000 	D:\Java\IntelliJ IDEA\IntelliJ IDEA 2020.3\bin\breakgen64.dll
0x00007ffd916a0000 - 0x00007ffd91704000 	C:\Users\이호성\AppData\Local\Temp\lwjglHosung\3.2.3-build-13\lwjgl.dll
0x00007ffd3f6a0000 - 0x00007ffd3f8f3000 	C:\Users\이호성\AppData\Local\Temp\lwjglHosung\3.2.3-build-13\jemalloc.dll
0x00007ffd8dd00000 - 0x00007ffd8dd62000 	C:\Users\이호성\AppData\Local\Temp\lwjglHosung\3.2.3-build-13\glfw.dll
0x00007ffdb5ba0000 - 0x00007ffdb5c3e000 	C:\WINDOWS\system32\uxtheme.dll
0x00007ffd8c220000 - 0x00007ffd8c265000 	C:\WINDOWS\SYSTEM32\dinput8.dll
0x00007ffdae570000 - 0x00007ffdae581000 	C:\WINDOWS\SYSTEM32\xinput1_4.dll
0x00007ffdb8580000 - 0x00007ffdb85ce000 	C:\WINDOWS\System32\cfgmgr32.dll
0x00007ffdb7f80000 - 0x00007ffdb7fac000 	C:\WINDOWS\SYSTEM32\DEVOBJ.dll
0x00007ffdb5f20000 - 0x00007ffdb5f4f000 	C:\WINDOWS\SYSTEM32\dwmapi.dll
0x00007ffdaddd0000 - 0x00007ffdadf22000 	C:\WINDOWS\SYSTEM32\inputhost.dll
0x00007ffdb96e0000 - 0x00007ffdb97ad000 	C:\WINDOWS\System32\OLEAUT32.dll
0x00007ffdb3aa0000 - 0x00007ffdb3b97000 	C:\WINDOWS\SYSTEM32\PROPSYS.dll
0x00007ffdb5840000 - 0x00007ffdb5932000 	C:\WINDOWS\SYSTEM32\CoreMessaging.dll
0x00007ffdb54e0000 - 0x00007ffdb583e000 	C:\WINDOWS\SYSTEM32\CoreUIComponents.dll
0x00007ffdb6ed0000 - 0x00007ffdb6f03000 	C:\WINDOWS\SYSTEM32\ntmarta.dll
0x00007ffdb4180000 - 0x00007ffdb42d6000 	C:\WINDOWS\SYSTEM32\wintypes.dll
0x00007ffdb8e70000 - 0x00007ffdb8f86000 	C:\WINDOWS\System32\MSCTF.dll
0x00007ffdb6aa0000 - 0x00007ffdb6aad000 	C:\WINDOWS\SYSTEM32\HID.DLL
0x00007ffdb9d20000 - 0x00007ffdba187000 	C:\WINDOWS\System32\SETUPAPI.DLL
0x00007ffdb8900000 - 0x00007ffdb8927000 	C:\WINDOWS\System32\bcrypt.dll
0x00007ffdb85d0000 - 0x00007ffdb8630000 	C:\WINDOWS\System32\WINTRUST.dll
0x00007ffdb8200000 - 0x00007ffdb835d000 	C:\WINDOWS\System32\CRYPT32.dll
0x00007ffdb7dc0000 - 0x00007ffdb7dd2000 	C:\WINDOWS\SYSTEM32\MSASN1.dll
0x00007ffd5e8f0000 - 0x00007ffd5ea15000 	C:\WINDOWS\SYSTEM32\opengl32.dll
0x00007ffd5e8c0000 - 0x00007ffd5e8ec000 	C:\WINDOWS\SYSTEM32\GLU32.dll
0x00007ffdb8c20000 - 0x00007ffdb8cc9000 	C:\WINDOWS\System32\clbcatq.dll
0x00007ffd24f70000 - 0x00007ffd27649000 	C:\WINDOWS\System32\DriverStore\FileRepository\nv_dispi.inf_amd64_33895c186dfc2a0d\nvoglv64.dll
0x00007ffdb8af0000 - 0x00007ffdb8c1a000 	C:\WINDOWS\System32\ole32.dll
0x00007ffdb3da0000 - 0x00007ffdb3db4000 	C:\WINDOWS\SYSTEM32\WTSAPI32.dll
0x00007ffdae430000 - 0x00007ffdae46b000 	C:\WINDOWS\SYSTEM32\dxcore.dll
0x00007ffd79c20000 - 0x00007ffd79ece000 	C:\WINDOWS\system32\nvspcap64.dll
0x00007ffdb7790000 - 0x00007ffdb77db000 	C:\WINDOWS\SYSTEM32\powrprof.dll
0x00007ffdb7600000 - 0x00007ffdb7612000 	C:\WINDOWS\SYSTEM32\UMPDC.dll
0x00007ffdb6f40000 - 0x00007ffdb6f9a000 	C:\WINDOWS\SYSTEM32\WINSTA.dll
0x00007ffdadf30000 - 0x00007ffdae02d000 	C:\WINDOWS\SYSTEM32\textinputframework.dll
0x00007ffd92450000 - 0x00007ffd9251c000 	C:\WINDOWS\HancomIME\x64\HCHangulIME.dll
0x00007ffdb42e0000 - 0x00007ffdb48a0000 	C:\WINDOWS\SYSTEM32\d2d1.dll
0x00007ffd99ab0000 - 0x00007ffd99f8a000 	C:\WINDOWS\SYSTEM32\WININET.dll
0x00007ffda8a80000 - 0x00007ffda8cff000 	C:\WINDOWS\SYSTEM32\DWrite.dll
0x00007ffd6f580000 - 0x00007ffd6f5d9000 	C:\Users\이호성\AppData\Local\Temp\lwjglHosung\3.2.3-build-13\lwjgl_opengl.dll
0x00007ffda5690000 - 0x00007ffda56b5000 	C:\Program Files (x86)\Samsung\Easy Printer Manager\SmartScreenPrint\CDAKEYMonitor64.dll

dbghelp: loaded successfully - version: 4.0.5 - missing functions: none
symbol engine: initialized successfully - sym options: 0x614 - pdb path: .;C:\Program Files\Java\jdk-13.0.2\bin;C:\WINDOWS\SYSTEM32;C:\WINDOWS\WinSxS\amd64_microsoft.windows.common-controls_6595b64144ccf1df_6.0.19041.488_none_ca04af081b815d21;C:\Program Files\Java\jdk-13.0.2\bin\server;D:\Java\IntelliJ IDEA\IntelliJ IDEA 2020.3\bin;C:\Users\이호성\AppData\Local\Temp\lwjglHosung\3.2.3-build;C:\Users\이호성\AppData\Local\Temp\lwjglHosung\3.2.3-build-13;C:\WINDOWS\System32\DriverStore\FileRepository\nv_dispi.inf_amd64_33895c186dfc2a0d;C:\WINDOWS\HancomI;C:\WINDOWS\HancomIME\x64;C:\Program Files (x86)\Samsung\Easy Printer Manager\SmartScree

VM Arguments:
jvm_args: -javaagent:D:\Java\IntelliJ IDEA\IntelliJ IDEA 2020.3\lib\idea_rt.jar=59102:D:\Java\IntelliJ IDEA\IntelliJ IDEA 2020.3\bin -Dfile.encoding=UTF-8 
java_command: HS_mainKt
java_class_path (initial): D:\Git_workspace\MN_Study\out\production\MN_Study;D:\Java\IntelliJ IDEA\IntelliJ IDEA 2020.3\plugins\Kotlin\kotlinc\lib\kotlin-stdlib.jar;D:\Java\IntelliJ IDEA\IntelliJ IDEA 2020.3\plugins\Kotlin\kotlinc\lib\kotlin-reflect.jar;D:\Java\IntelliJ IDEA\IntelliJ IDEA 2020.3\plugins\Kotlin\kotlinc\lib\kotlin-test.jar;D:\Git_workspace\MN_Study\lib\lwjgl-assimp-natives-windows.jar;D:\Git_workspace\MN_Study\lib\lwjgl-assimp.jar;D:\Git_workspace\MN_Study\lib\lwjgl-bgfx-natives-windows.jar;D:\Git_workspace\MN_Study\lib\lwjgl-bgfx.jar;D:\Git_workspace\MN_Study\lib\lwjgl-cuda.jar;D:\Git_workspace\MN_Study\lib\lwjgl-egl.jar;D:\Git_workspace\MN_Study\lib\lwjgl-glfw-natives-windows.jar;D:\Git_workspace\MN_Study\lib\lwjgl-glfw.jar;D:\Git_workspace\MN_Study\lib\lwjgl-jawt.jar;D:\Git_workspace\MN_Study\lib\lwjgl-jemalloc-natives-windows.jar;D:\Git_workspace\MN_Study\lib\lwjgl-jemalloc.jar;D:\Git_workspace\MN_Study\lib\lwjgl-libdivide-natives-windows.jar;D:\Git_workspace\MN_Study\lib\lwjgl-libdivide.jar;D:\Git_workspace\MN_Study\lib\lwjgl-llvm-natives-windows.jar;D:\Git_workspace\MN_Study\lib\lwjgl-llvm.jar;D:\Git_workspace\MN_Study\lib\lwjgl-lmdb-natives-windows.jar;D:\Git_workspace\MN_Study\lib\lwjgl-lmdb.jar;D:\Git_workspace\MN_Study\lib\lwjgl-lz4-natives-windows.jar;D:\Git_workspace\MN_Study\lib\lwjgl-lz4.jar;D:\Git_workspace\MN_Study\lib\lwjgl-meow-natives-windows.jar;D:\Git_workspace\MN_Study\lib\lwjgl-meow.jar;D:\Git_workspace\MN_Study\lib\lwjgl-nanovg-natives-windows.jar;D:\Git_workspace\MN_Study\lib\lwjgl-nanovg.jar;D:\Git_workspace\MN_Study\lib\lwjgl-natives-windows.jar;D:\Git_workspace\MN_Study\lib\lwjgl-nfd-natives-windows.jar;D:\Git_workspace\MN_Study\lib\lwjgl-nfd.jar;D:\Git_workspace\MN_Study\lib\lwjgl-nuklear-natives-windows.jar;D:\Git_workspace\MN_Study\lib\lwjgl-nuklear.jar;D:\Git_workspace\MN_Study\lib\lwjgl-odbc.jar;D:\Git_workspace\MN_Study\lib\lwjgl-openal-natives-windows.jar;D:\Git_workspace\MN_Study\lib\lwjgl-openal.jar;D:\Git_worksp
Launcher Type: SUN_STANDARD

[Global flags]
     intx CICompilerCount                          = 3                                         {product} {ergonomic}
     uint ConcGCThreads                            = 2                                         {product} {ergonomic}
     uint G1ConcRefinementThreads                  = 6                                         {product} {ergonomic}
   size_t G1HeapRegionSize                         = 1048576                                   {product} {ergonomic}
    uintx GCDrainStackTargetSize                   = 64                                        {product} {ergonomic}
   size_t InitialHeapSize                          = 402653184                                 {product} {ergonomic}
   size_t MarkStackSize                            = 4194304                                   {product} {ergonomic}
   size_t MaxHeapSize                              = 6429868032                                {product} {ergonomic}
   size_t MaxNewSize                               = 3857711104                                {product} {ergonomic}
   size_t MinHeapDeltaBytes                        = 1048576                                   {product} {ergonomic}
   size_t MinHeapSize                              = 8388608                                   {product} {ergonomic}
    uintx NonNMethodCodeHeapSize                   = 5832780                                {pd product} {ergonomic}
    uintx NonProfiledCodeHeapSize                  = 122912730                              {pd product} {ergonomic}
    uintx ProfiledCodeHeapSize                     = 122912730                              {pd product} {ergonomic}
    uintx ReservedCodeCacheSize                    = 251658240                              {pd product} {ergonomic}
     bool SegmentedCodeCache                       = true                                      {product} {ergonomic}
   size_t SoftMaxHeapSize                          = 6429868032                             {manageable} {ergonomic}
     bool UseCompressedClassPointers               = true                                 {lp64_product} {ergonomic}
     bool UseCompressedOops                        = true                                 {lp64_product} {ergonomic}
     bool UseG1GC                                  = true                                      {product} {ergonomic}
     bool UseLargePagesIndividualAllocation        = false                                  {pd product} {ergonomic}

Logging:
Log output configuration:
 #0: stdout all=warning uptime,level,tags
 #1: stderr all=off uptime,level,tags

Environment Variables:
PATH=C:\Python\Python38\Scripts\;C:\Python\Python38\;C:\Program Files (x86)\Common Files\Oracle\Java\javapath;C:\WINDOWS\system32;C:\WINDOWS;C:\WINDOWS\System32\Wbem;C:\WINDOWS\System32\WindowsPowerShell\v1.0\;C:\WINDOWS\System32\OpenSSH\;C:\Program Files (x86)\NVIDIA Corporation\PhysX\Common;C:\Program Files\NVIDIA Corporation\NVIDIA NvDLISR;C:\Program Files\Microsoft SQL Server\Client SDK\ODBC\110\Tools\Binn\;C:\Program Files (x86)\Microsoft SQL Server\120\Tools\Binn\;C:\Program Files\Microsoft SQL Server\120\Tools\Binn\;C:\Program Files\Microsoft SQL Server\120\DTS\Binn\;C:\Program Files (x86)\Windows Kits\8.1\Windows Performance Toolkit\;C:\Program Files\Java\jdk-13.0.2\bin;C:\Program Files (x86)\GNU Arm Embedded Toolchain\9 2020-q2-update\bin;C:\MinGW\bin;C:\Program Files (x86)\STMicroelectronics\STM32 ST-LINK Utility\ST-LINK Utility;C:\Program Files\dotnet\;C:\Program Files (x86)\dotnet\;C:\Program Files\Git\cmd;C:\WINDOWS\system32;C:\WINDOWS;C:\WINDOWS\System32\Wbem;C:\WINDOWS\System32\WindowsPowerShell\v1.0\;C:\WINDOWS\System32\OpenSSH\;C:\Users\이호성\AppData\Local\Microsoft\WindowsApps;C:\Program Files\Bandizip\;C:\Users\이호성\.dotnet\tools;D:\Java\IntelliJ IDEA\IntelliJ IDEA 2020.3\bin;;C:\Users\이호성\AppData\Local\GitHubDesktop\bin;C:\Program Files (x86)\ESTsoft\ALSee\x64
USERNAME=Hosung
OS=Windows_NT
PROCESSOR_IDENTIFIER=Intel64 Family 6 Model 158 Stepping 10, GenuineIntel



---------------  S Y S T E M  ---------------

OS: Windows 10 , 64 bit Build 19041 (10.0.19041.662)
HyperV virtualization detected

CPU:total 6 (initial active 6) (6 cores per cpu, 1 threads per core) family 6 model 158 stepping 10, cmov, cx8, fxsr, mmx, sse, sse2, sse3, ssse3, sse4.1, sse4.2, popcnt, avx, avx2, aes, clmul, erms, rtm, 3dnowpref, lzcnt, tsc, tscinvbit, bmi1, bmi2, adx, fma

Memory: 4k page, system-wide physical 24527M (12612M free)
TotalPageFile size 29596M (AvailPageFile size 10395M)
current process WorkingSet (physical memory assigned to process): 124M, peak: 129M
current process commit charge ("private bytes"): 540M, peak: 547M

vm_info: Java HotSpot(TM) 64-Bit Server VM (13.0.2+8) for windows-amd64 JRE (13.0.2+8), built on Dec 11 2019 09:20:33 by "mach5one" with unknown MS VC++:1916

END.
